[0.896s] DEBUG:colcon:Command line arguments: ['/usr/bin/colcon', 'build']
[0.896s] DEBUG:colcon:Parsed command line arguments: Namespace(log_base=None, log_level=None, verb_name='build', build_base='build', install_base='install', merge_install=False, symlink_install=False, test_result_base=None, continue_on_error=False, executor='parallel', parallel_workers=8, event_handlers=None, ignore_user_meta=False, metas=['./colcon.meta'], base_paths=['.'], packages_ignore=None, packages_ignore_regex=None, paths=None, packages_up_to=None, packages_up_to_regex=None, packages_above=None, packages_above_and_dependencies=None, packages_above_depth=None, packages_select_by_dep=None, packages_skip_by_dep=None, packages_skip_up_to=None, packages_select_build_failed=False, packages_skip_build_finished=False, packages_select_test_failures=False, packages_skip_test_passed=False, packages_select=None, packages_skip=None, packages_select_regex=None, packages_skip_regex=None, packages_start=None, packages_end=None, allow_overriding=[], cmake_args=None, cmake_target=None, cmake_target_skip_unavailable=False, cmake_clean_cache=False, cmake_clean_first=False, cmake_force_configure=False, ament_cmake_args=None, catkin_cmake_args=None, catkin_skip_building_tests=False, verb_parser=<colcon_defaults.argument_parser.defaults.DefaultArgumentsDecorator object at 0x7f3be340c940>, verb_extension=<colcon_core.verb.build.BuildVerb object at 0x7f3be340c430>, main=<bound method BuildVerb.main of <colcon_core.verb.build.BuildVerb object at 0x7f3be340c430>>)
[0.946s] Level 1:colcon.colcon_core.package_discovery:discover_packages(colcon_meta) check parameters
[0.946s] Level 1:colcon.colcon_core.package_discovery:discover_packages(recursive) check parameters
[0.946s] Level 1:colcon.colcon_core.package_discovery:discover_packages(ignore) check parameters
[0.946s] Level 1:colcon.colcon_core.package_discovery:discover_packages(path) check parameters
[0.946s] Level 1:colcon.colcon_core.package_discovery:discover_packages(colcon_meta) discover
[0.946s] Level 1:colcon.colcon_core.package_discovery:discover_packages(recursive) discover
[0.946s] INFO:colcon.colcon_core.package_discovery:Crawling recursively for packages in '/home/jwrig/EGH400-2'
[0.946s] Level 1:colcon.colcon_core.package_identification:_identify(.) by extensions ['ignore', 'ignore_ament_install']
[0.946s] Level 1:colcon.colcon_core.package_identification:_identify(.) by extension 'ignore'
[0.946s] Level 1:colcon.colcon_core.package_identification:_identify(.) by extension 'ignore_ament_install'
[0.946s] Level 1:colcon.colcon_core.package_identification:_identify(.) by extensions ['colcon_pkg']
[0.946s] Level 1:colcon.colcon_core.package_identification:_identify(.) by extension 'colcon_pkg'
[0.946s] Level 1:colcon.colcon_core.package_identification:_identify(.) by extensions ['colcon_meta']
[0.946s] Level 1:colcon.colcon_core.package_identification:_identify(.) by extension 'colcon_meta'
[0.946s] Level 1:colcon.colcon_core.package_identification:_identify(.) by extensions ['ros']
[0.946s] Level 1:colcon.colcon_core.package_identification:_identify(.) by extension 'ros'
[0.958s] Level 1:colcon.colcon_core.package_identification:_identify(.) by extensions ['cmake', 'python']
[0.958s] Level 1:colcon.colcon_core.package_identification:_identify(.) by extension 'cmake'
[0.958s] Level 1:colcon.colcon_core.package_identification:_identify(.) by extension 'python'
[0.958s] Level 1:colcon.colcon_core.package_identification:_identify(.) by extensions ['python_setup_py']
[0.958s] Level 1:colcon.colcon_core.package_identification:_identify(.) by extension 'python_setup_py'
[0.958s] Level 1:colcon.colcon_core.package_identification:_identify(build) by extensions ['ignore', 'ignore_ament_install']
[0.958s] Level 1:colcon.colcon_core.package_identification:_identify(build) by extension 'ignore'
[0.958s] Level 1:colcon.colcon_core.package_identification:_identify(build) ignored
[0.958s] Level 1:colcon.colcon_core.package_identification:_identify(install) by extensions ['ignore', 'ignore_ament_install']
[0.959s] Level 1:colcon.colcon_core.package_identification:_identify(install) by extension 'ignore'
[0.959s] Level 1:colcon.colcon_core.package_identification:_identify(install) ignored
[0.959s] Level 1:colcon.colcon_core.package_identification:_identify(log) by extensions ['ignore', 'ignore_ament_install']
[0.959s] Level 1:colcon.colcon_core.package_identification:_identify(log) by extension 'ignore'
[0.959s] Level 1:colcon.colcon_core.package_identification:_identify(log) ignored
[0.959s] Level 1:colcon.colcon_core.package_identification:_identify(src) by extensions ['ignore', 'ignore_ament_install']
[0.959s] Level 1:colcon.colcon_core.package_identification:_identify(src) by extension 'ignore'
[0.959s] Level 1:colcon.colcon_core.package_identification:_identify(src) by extension 'ignore_ament_install'
[0.959s] Level 1:colcon.colcon_core.package_identification:_identify(src) by extensions ['colcon_pkg']
[0.959s] Level 1:colcon.colcon_core.package_identification:_identify(src) by extension 'colcon_pkg'
[0.959s] Level 1:colcon.colcon_core.package_identification:_identify(src) by extensions ['colcon_meta']
[0.959s] Level 1:colcon.colcon_core.package_identification:_identify(src) by extension 'colcon_meta'
[0.959s] Level 1:colcon.colcon_core.package_identification:_identify(src) by extensions ['ros']
[0.959s] Level 1:colcon.colcon_core.package_identification:_identify(src) by extension 'ros'
[0.959s] Level 1:colcon.colcon_core.package_identification:_identify(src) by extensions ['cmake', 'python']
[0.959s] Level 1:colcon.colcon_core.package_identification:_identify(src) by extension 'cmake'
[0.959s] Level 1:colcon.colcon_core.package_identification:_identify(src) by extension 'python'
[0.959s] Level 1:colcon.colcon_core.package_identification:_identify(src) by extensions ['python_setup_py']
[0.960s] Level 1:colcon.colcon_core.package_identification:_identify(src) by extension 'python_setup_py'
[0.960s] Level 1:colcon.colcon_core.package_identification:_identify(src/control_demo) by extensions ['ignore', 'ignore_ament_install']
[0.960s] Level 1:colcon.colcon_core.package_identification:_identify(src/control_demo) by extension 'ignore'
[0.960s] Level 1:colcon.colcon_core.package_identification:_identify(src/control_demo) by extension 'ignore_ament_install'
[0.960s] Level 1:colcon.colcon_core.package_identification:_identify(src/control_demo) by extensions ['colcon_pkg']
[0.960s] Level 1:colcon.colcon_core.package_identification:_identify(src/control_demo) by extension 'colcon_pkg'
[0.960s] Level 1:colcon.colcon_core.package_identification:_identify(src/control_demo) by extensions ['colcon_meta']
[0.960s] Level 1:colcon.colcon_core.package_identification:_identify(src/control_demo) by extension 'colcon_meta'
[0.960s] Level 1:colcon.colcon_core.package_identification:_identify(src/control_demo) by extensions ['ros']
[0.960s] Level 1:colcon.colcon_core.package_identification:_identify(src/control_demo) by extension 'ros'
[0.962s] DEBUG:colcon.colcon_core.package_identification:Package 'src/control_demo' with type 'ros.ament_python' and name 'control_demo'
[0.962s] Level 1:colcon.colcon_core.package_identification:_identify(src/offboard_control) by extensions ['ignore', 'ignore_ament_install']
[0.962s] Level 1:colcon.colcon_core.package_identification:_identify(src/offboard_control) by extension 'ignore'
[0.962s] Level 1:colcon.colcon_core.package_identification:_identify(src/offboard_control) by extension 'ignore_ament_install'
[0.962s] Level 1:colcon.colcon_core.package_identification:_identify(src/offboard_control) by extensions ['colcon_pkg']
[0.962s] Level 1:colcon.colcon_core.package_identification:_identify(src/offboard_control) by extension 'colcon_pkg'
[0.962s] Level 1:colcon.colcon_core.package_identification:_identify(src/offboard_control) by extensions ['colcon_meta']
[0.963s] Level 1:colcon.colcon_core.package_identification:_identify(src/offboard_control) by extension 'colcon_meta'
[0.963s] Level 1:colcon.colcon_core.package_identification:_identify(src/offboard_control) by extensions ['ros']
[0.963s] Level 1:colcon.colcon_core.package_identification:_identify(src/offboard_control) by extension 'ros'
[0.963s] DEBUG:colcon.colcon_core.package_identification:Package 'src/offboard_control' with type 'ros.ament_python' and name 'offboard_control'
[0.963s] Level 1:colcon.colcon_core.package_identification:_identify(src/px4_msgs) by extensions ['ignore', 'ignore_ament_install']
[0.963s] Level 1:colcon.colcon_core.package_identification:_identify(src/px4_msgs) by extension 'ignore'
[0.963s] Level 1:colcon.colcon_core.package_identification:_identify(src/px4_msgs) by extension 'ignore_ament_install'
[0.963s] Level 1:colcon.colcon_core.package_identification:_identify(src/px4_msgs) by extensions ['colcon_pkg']
[0.964s] Level 1:colcon.colcon_core.package_identification:_identify(src/px4_msgs) by extension 'colcon_pkg'
[0.964s] Level 1:colcon.colcon_core.package_identification:_identify(src/px4_msgs) by extensions ['colcon_meta']
[0.964s] Level 1:colcon.colcon_core.package_identification:_identify(src/px4_msgs) by extension 'colcon_meta'
[0.964s] Level 1:colcon.colcon_core.package_identification:_identify(src/px4_msgs) by extensions ['ros']
[0.964s] Level 1:colcon.colcon_core.package_identification:_identify(src/px4_msgs) by extension 'ros'
[0.964s] DEBUG:colcon.colcon_core.package_identification:Package 'src/px4_msgs' with type 'ros.ament_cmake' and name 'px4_msgs'
[0.964s] Level 1:colcon.colcon_core.package_identification:_identify(src/px4_ros_com) by extensions ['ignore', 'ignore_ament_install']
[0.964s] Level 1:colcon.colcon_core.package_identification:_identify(src/px4_ros_com) by extension 'ignore'
[0.964s] Level 1:colcon.colcon_core.package_identification:_identify(src/px4_ros_com) by extension 'ignore_ament_install'
[0.964s] Level 1:colcon.colcon_core.package_identification:_identify(src/px4_ros_com) by extensions ['colcon_pkg']
[0.965s] Level 1:colcon.colcon_core.package_identification:_identify(src/px4_ros_com) by extension 'colcon_pkg'
[0.965s] Level 1:colcon.colcon_core.package_identification:_identify(src/px4_ros_com) by extensions ['colcon_meta']
[0.965s] Level 1:colcon.colcon_core.package_identification:_identify(src/px4_ros_com) by extension 'colcon_meta'
[0.965s] Level 1:colcon.colcon_core.package_identification:_identify(src/px4_ros_com) by extensions ['ros']
[0.965s] Level 1:colcon.colcon_core.package_identification:_identify(src/px4_ros_com) by extension 'ros'
[0.966s] DEBUG:colcon.colcon_core.package_identification:Package 'src/px4_ros_com' with type 'ros.ament_cmake' and name 'px4_ros_com'
[0.966s] Level 1:colcon.colcon_core.package_discovery:discover_packages(recursive) using defaults
[0.966s] Level 1:colcon.colcon_core.package_discovery:discover_packages(ignore) discover
[0.966s] Level 1:colcon.colcon_core.package_discovery:discover_packages(ignore) using defaults
[0.966s] Level 1:colcon.colcon_core.package_discovery:discover_packages(path) discover
[0.966s] Level 1:colcon.colcon_core.package_discovery:discover_packages(path) using defaults
[1.055s] Level 1:colcon.colcon_core.package_discovery:discover_packages(prefix_path) check parameters
[1.055s] Level 1:colcon.colcon_core.package_discovery:discover_packages(prefix_path) discover
[1.083s] DEBUG:colcon.colcon_installed_package_information.package_discovery:Found 3 installed packages in /home/jwrig/EGH400-2/install
[1.097s] DEBUG:colcon.colcon_installed_package_information.package_discovery:Found 281 installed packages in /opt/ros/iron
[1.098s] Level 1:colcon.colcon_core.package_discovery:discover_packages(prefix_path) using defaults
[1.158s] Level 5:colcon.colcon_core.verb:set package 'px4_msgs' build argument 'cmake_args' from command line to 'None'
[1.158s] Level 5:colcon.colcon_core.verb:set package 'px4_msgs' build argument 'cmake_target' from command line to 'None'
[1.158s] Level 5:colcon.colcon_core.verb:set package 'px4_msgs' build argument 'cmake_target_skip_unavailable' from command line to 'False'
[1.158s] Level 5:colcon.colcon_core.verb:set package 'px4_msgs' build argument 'cmake_clean_cache' from command line to 'False'
[1.158s] Level 5:colcon.colcon_core.verb:set package 'px4_msgs' build argument 'cmake_clean_first' from command line to 'False'
[1.158s] Level 5:colcon.colcon_core.verb:set package 'px4_msgs' build argument 'cmake_force_configure' from command line to 'False'
[1.158s] Level 5:colcon.colcon_core.verb:set package 'px4_msgs' build argument 'ament_cmake_args' from command line to 'None'
[1.158s] Level 5:colcon.colcon_core.verb:set package 'px4_msgs' build argument 'catkin_cmake_args' from command line to 'None'
[1.158s] Level 5:colcon.colcon_core.verb:set package 'px4_msgs' build argument 'catkin_skip_building_tests' from command line to 'False'
[1.158s] DEBUG:colcon.colcon_core.verb:Building package 'px4_msgs' with the following arguments: {'ament_cmake_args': None, 'build_base': '/home/jwrig/EGH400-2/build/px4_msgs', 'catkin_cmake_args': None, 'catkin_skip_building_tests': False, 'cmake_args': None, 'cmake_clean_cache': False, 'cmake_clean_first': False, 'cmake_force_configure': False, 'cmake_target': None, 'cmake_target_skip_unavailable': False, 'install_base': '/home/jwrig/EGH400-2/install/px4_msgs', 'merge_install': False, 'path': '/home/jwrig/EGH400-2/src/px4_msgs', 'symlink_install': False, 'test_result_base': None}
[1.172s] Level 5:colcon.colcon_core.verb:set package 'control_demo' build argument 'cmake_args' from command line to 'None'
[1.173s] Level 5:colcon.colcon_core.verb:set package 'control_demo' build argument 'cmake_target' from command line to 'None'
[1.173s] Level 5:colcon.colcon_core.verb:set package 'control_demo' build argument 'cmake_target_skip_unavailable' from command line to 'False'
[1.173s] Level 5:colcon.colcon_core.verb:set package 'control_demo' build argument 'cmake_clean_cache' from command line to 'False'
[1.173s] Level 5:colcon.colcon_core.verb:set package 'control_demo' build argument 'cmake_clean_first' from command line to 'False'
[1.173s] Level 5:colcon.colcon_core.verb:set package 'control_demo' build argument 'cmake_force_configure' from command line to 'False'
[1.173s] Level 5:colcon.colcon_core.verb:set package 'control_demo' build argument 'ament_cmake_args' from command line to 'None'
[1.173s] Level 5:colcon.colcon_core.verb:set package 'control_demo' build argument 'catkin_cmake_args' from command line to 'None'
[1.173s] Level 5:colcon.colcon_core.verb:set package 'control_demo' build argument 'catkin_skip_building_tests' from command line to 'False'
[1.173s] DEBUG:colcon.colcon_core.verb:Building package 'control_demo' with the following arguments: {'ament_cmake_args': None, 'build_base': '/home/jwrig/EGH400-2/build/control_demo', 'catkin_cmake_args': None, 'catkin_skip_building_tests': False, 'cmake_args': None, 'cmake_clean_cache': False, 'cmake_clean_first': False, 'cmake_force_configure': False, 'cmake_target': None, 'cmake_target_skip_unavailable': False, 'install_base': '/home/jwrig/EGH400-2/install/control_demo', 'merge_install': False, 'path': '/home/jwrig/EGH400-2/src/control_demo', 'symlink_install': False, 'test_result_base': None}
[1.186s] Level 5:colcon.colcon_core.verb:set package 'offboard_control' build argument 'cmake_args' from command line to 'None'
[1.186s] Level 5:colcon.colcon_core.verb:set package 'offboard_control' build argument 'cmake_target' from command line to 'None'
[1.186s] Level 5:colcon.colcon_core.verb:set package 'offboard_control' build argument 'cmake_target_skip_unavailable' from command line to 'False'
[1.186s] Level 5:colcon.colcon_core.verb:set package 'offboard_control' build argument 'cmake_clean_cache' from command line to 'False'
[1.186s] Level 5:colcon.colcon_core.verb:set package 'offboard_control' build argument 'cmake_clean_first' from command line to 'False'
[1.186s] Level 5:colcon.colcon_core.verb:set package 'offboard_control' build argument 'cmake_force_configure' from command line to 'False'
[1.186s] Level 5:colcon.colcon_core.verb:set package 'offboard_control' build argument 'ament_cmake_args' from command line to 'None'
[1.186s] Level 5:colcon.colcon_core.verb:set package 'offboard_control' build argument 'catkin_cmake_args' from command line to 'None'
[1.186s] Level 5:colcon.colcon_core.verb:set package 'offboard_control' build argument 'catkin_skip_building_tests' from command line to 'False'
[1.186s] DEBUG:colcon.colcon_core.verb:Building package 'offboard_control' with the following arguments: {'ament_cmake_args': None, 'build_base': '/home/jwrig/EGH400-2/build/offboard_control', 'catkin_cmake_args': None, 'catkin_skip_building_tests': False, 'cmake_args': None, 'cmake_clean_cache': False, 'cmake_clean_first': False, 'cmake_force_configure': False, 'cmake_target': None, 'cmake_target_skip_unavailable': False, 'install_base': '/home/jwrig/EGH400-2/install/offboard_control', 'merge_install': False, 'path': '/home/jwrig/EGH400-2/src/offboard_control', 'symlink_install': False, 'test_result_base': None}
[1.199s] Level 5:colcon.colcon_core.verb:set package 'px4_ros_com' build argument 'cmake_args' from command line to 'None'
[1.200s] Level 5:colcon.colcon_core.verb:set package 'px4_ros_com' build argument 'cmake_target' from command line to 'None'
[1.200s] Level 5:colcon.colcon_core.verb:set package 'px4_ros_com' build argument 'cmake_target_skip_unavailable' from command line to 'False'
[1.200s] Level 5:colcon.colcon_core.verb:set package 'px4_ros_com' build argument 'cmake_clean_cache' from command line to 'False'
[1.200s] Level 5:colcon.colcon_core.verb:set package 'px4_ros_com' build argument 'cmake_clean_first' from command line to 'False'
[1.200s] Level 5:colcon.colcon_core.verb:set package 'px4_ros_com' build argument 'cmake_force_configure' from command line to 'False'
[1.200s] Level 5:colcon.colcon_core.verb:set package 'px4_ros_com' build argument 'ament_cmake_args' from command line to 'None'
[1.200s] Level 5:colcon.colcon_core.verb:set package 'px4_ros_com' build argument 'catkin_cmake_args' from command line to 'None'
[1.200s] Level 5:colcon.colcon_core.verb:set package 'px4_ros_com' build argument 'catkin_skip_building_tests' from command line to 'False'
[1.200s] DEBUG:colcon.colcon_core.verb:Building package 'px4_ros_com' with the following arguments: {'ament_cmake_args': None, 'build_base': '/home/jwrig/EGH400-2/build/px4_ros_com', 'catkin_cmake_args': None, 'catkin_skip_building_tests': False, 'cmake_args': None, 'cmake_clean_cache': False, 'cmake_clean_first': False, 'cmake_force_configure': False, 'cmake_target': None, 'cmake_target_skip_unavailable': False, 'install_base': '/home/jwrig/EGH400-2/install/px4_ros_com', 'merge_install': False, 'path': '/home/jwrig/EGH400-2/src/px4_ros_com', 'symlink_install': False, 'test_result_base': None}
[1.221s] INFO:colcon.colcon_core.executor:Executing jobs using 'parallel' executor
[1.237s] DEBUG:colcon.colcon_parallel_executor.executor.parallel:run_until_complete
[1.237s] INFO:colcon.colcon_ros.task.ament_cmake.build:Building ROS package in '/home/jwrig/EGH400-2/src/px4_msgs' with build type 'ament_cmake'
[1.237s] INFO:colcon.colcon_cmake.task.cmake.build:Building CMake package in '/home/jwrig/EGH400-2/src/px4_msgs'
[1.254s] INFO:colcon.colcon_core.plugin_system:Skipping extension 'colcon_core.shell.bat': Not used on non-Windows systems
[1.254s] INFO:colcon.colcon_core.shell:Skip shell extension 'powershell' for command environment: Not usable outside of PowerShell
[1.254s] DEBUG:colcon.colcon_core.shell:Skip shell extension 'dsv' for command environment
[1.306s] DEBUG:colcon.colcon_core.event_handler.log_command:Invoking command in '/home/jwrig/EGH400-2/build/px4_msgs': CMAKE_PREFIX_PATH=${CMAKE_PREFIX_PATH}:/opt/ros/iron /usr/bin/cmake --build /home/jwrig/EGH400-2/build/px4_msgs -- -j8 -l8
[2.388s] DEBUG:colcon.colcon_core.event_handler.log_command:Invoked command in '/home/jwrig/EGH400-2/build/px4_msgs' returned '0': CMAKE_PREFIX_PATH=${CMAKE_PREFIX_PATH}:/opt/ros/iron /usr/bin/cmake --build /home/jwrig/EGH400-2/build/px4_msgs -- -j8 -l8
[8.599s] DEBUG:colcon.colcon_core.event_handler.log_command:Invoking command in '/home/jwrig/EGH400-2/build/px4_msgs': CMAKE_PREFIX_PATH=${CMAKE_PREFIX_PATH}:/opt/ros/iron /usr/bin/cmake --install /home/jwrig/EGH400-2/build/px4_msgs
[8.996s] Level 1:colcon.colcon_core.environment:create_environment_scripts_only(px4_msgs)
[8.996s] DEBUG:colcon.colcon_core.event_handler.log_command:Invoked command in '/home/jwrig/EGH400-2/build/px4_msgs' returned '0': CMAKE_PREFIX_PATH=${CMAKE_PREFIX_PATH}:/opt/ros/iron /usr/bin/cmake --install /home/jwrig/EGH400-2/build/px4_msgs
[9.012s] Level 1:colcon.colcon_core.environment:checking '/home/jwrig/EGH400-2/install/px4_msgs' for CMake module files
[9.013s] Level 1:colcon.colcon_core.environment:checking '/home/jwrig/EGH400-2/install/px4_msgs' for CMake config files
[9.013s] Level 1:colcon.colcon_core.shell:create_environment_hook('px4_msgs', 'cmake_prefix_path')
[9.027s] INFO:colcon.colcon_core.shell:Creating environment hook '/home/jwrig/EGH400-2/install/px4_msgs/share/px4_msgs/hook/cmake_prefix_path.ps1'
[9.028s] INFO:colcon.colcon_core.shell:Creating environment descriptor '/home/jwrig/EGH400-2/install/px4_msgs/share/px4_msgs/hook/cmake_prefix_path.dsv'
[9.028s] INFO:colcon.colcon_core.shell:Creating environment hook '/home/jwrig/EGH400-2/install/px4_msgs/share/px4_msgs/hook/cmake_prefix_path.sh'
[9.029s] Level 1:colcon.colcon_core.environment:checking '/home/jwrig/EGH400-2/install/px4_msgs/lib'
[9.029s] Level 1:colcon.colcon_core.shell:create_environment_hook('px4_msgs', 'ld_library_path_lib')
[9.044s] INFO:colcon.colcon_core.shell:Creating environment hook '/home/jwrig/EGH400-2/install/px4_msgs/share/px4_msgs/hook/ld_library_path_lib.ps1'
[9.045s] INFO:colcon.colcon_core.shell:Creating environment descriptor '/home/jwrig/EGH400-2/install/px4_msgs/share/px4_msgs/hook/ld_library_path_lib.dsv'
[9.045s] INFO:colcon.colcon_core.shell:Creating environment hook '/home/jwrig/EGH400-2/install/px4_msgs/share/px4_msgs/hook/ld_library_path_lib.sh'
[9.045s] Level 1:colcon.colcon_core.environment:checking '/home/jwrig/EGH400-2/install/px4_msgs/bin'
[9.045s] Level 1:colcon.colcon_core.environment:checking '/home/jwrig/EGH400-2/install/px4_msgs/lib/pkgconfig/px4_msgs.pc'
[9.045s] Level 1:colcon.colcon_core.environment:checking '/home/jwrig/EGH400-2/install/px4_msgs/lib/python3.10/site-packages'
[9.045s] Level 1:colcon.colcon_core.shell:create_environment_hook('px4_msgs', 'pythonpath')
[9.059s] INFO:colcon.colcon_core.shell:Creating environment hook '/home/jwrig/EGH400-2/install/px4_msgs/share/px4_msgs/hook/pythonpath.ps1'
[9.059s] INFO:colcon.colcon_core.shell:Creating environment descriptor '/home/jwrig/EGH400-2/install/px4_msgs/share/px4_msgs/hook/pythonpath.dsv'
[9.060s] INFO:colcon.colcon_core.shell:Creating environment hook '/home/jwrig/EGH400-2/install/px4_msgs/share/px4_msgs/hook/pythonpath.sh'
[9.061s] Level 1:colcon.colcon_core.environment:checking '/home/jwrig/EGH400-2/install/px4_msgs/bin'
[9.074s] INFO:colcon.colcon_core.shell:Creating package script '/home/jwrig/EGH400-2/install/px4_msgs/share/px4_msgs/package.ps1'
[9.075s] INFO:colcon.colcon_core.shell:Creating package descriptor '/home/jwrig/EGH400-2/install/px4_msgs/share/px4_msgs/package.dsv'
[9.076s] INFO:colcon.colcon_core.shell:Creating package script '/home/jwrig/EGH400-2/install/px4_msgs/share/px4_msgs/package.sh'
[9.076s] INFO:colcon.colcon_core.shell:Creating package script '/home/jwrig/EGH400-2/install/px4_msgs/share/px4_msgs/package.bash'
[9.077s] INFO:colcon.colcon_core.shell:Creating package script '/home/jwrig/EGH400-2/install/px4_msgs/share/px4_msgs/package.zsh'
[9.077s] Level 1:colcon.colcon_core.environment:create_file_with_runtime_dependencies(/home/jwrig/EGH400-2/install/px4_msgs/share/colcon-core/packages/px4_msgs)
[15.305s] Level 1:colcon.colcon_core.environment:create_environment_scripts_only(px4_msgs)
[15.318s] Level 1:colcon.colcon_core.environment:checking '/home/jwrig/EGH400-2/install/px4_msgs' for CMake module files
[15.319s] Level 1:colcon.colcon_core.environment:checking '/home/jwrig/EGH400-2/install/px4_msgs' for CMake config files
[15.319s] Level 1:colcon.colcon_core.shell:create_environment_hook('px4_msgs', 'cmake_prefix_path')
[15.333s] INFO:colcon.colcon_core.shell:Creating environment hook '/home/jwrig/EGH400-2/install/px4_msgs/share/px4_msgs/hook/cmake_prefix_path.ps1'
[15.333s] INFO:colcon.colcon_core.shell:Creating environment descriptor '/home/jwrig/EGH400-2/install/px4_msgs/share/px4_msgs/hook/cmake_prefix_path.dsv'
[15.333s] INFO:colcon.colcon_core.shell:Creating environment hook '/home/jwrig/EGH400-2/install/px4_msgs/share/px4_msgs/hook/cmake_prefix_path.sh'
[15.334s] Level 1:colcon.colcon_core.environment:checking '/home/jwrig/EGH400-2/install/px4_msgs/lib'
[15.334s] Level 1:colcon.colcon_core.shell:create_environment_hook('px4_msgs', 'ld_library_path_lib')
[15.348s] INFO:colcon.colcon_core.shell:Creating environment hook '/home/jwrig/EGH400-2/install/px4_msgs/share/px4_msgs/hook/ld_library_path_lib.ps1'
[15.348s] INFO:colcon.colcon_core.shell:Creating environment descriptor '/home/jwrig/EGH400-2/install/px4_msgs/share/px4_msgs/hook/ld_library_path_lib.dsv'
[15.349s] INFO:colcon.colcon_core.shell:Creating environment hook '/home/jwrig/EGH400-2/install/px4_msgs/share/px4_msgs/hook/ld_library_path_lib.sh'
[15.349s] Level 1:colcon.colcon_core.environment:checking '/home/jwrig/EGH400-2/install/px4_msgs/bin'
[15.349s] Level 1:colcon.colcon_core.environment:checking '/home/jwrig/EGH400-2/install/px4_msgs/lib/pkgconfig/px4_msgs.pc'
[15.349s] Level 1:colcon.colcon_core.environment:checking '/home/jwrig/EGH400-2/install/px4_msgs/lib/python3.10/site-packages'
[15.349s] Level 1:colcon.colcon_core.shell:create_environment_hook('px4_msgs', 'pythonpath')
[15.363s] INFO:colcon.colcon_core.shell:Creating environment hook '/home/jwrig/EGH400-2/install/px4_msgs/share/px4_msgs/hook/pythonpath.ps1'
[15.364s] INFO:colcon.colcon_core.shell:Creating environment descriptor '/home/jwrig/EGH400-2/install/px4_msgs/share/px4_msgs/hook/pythonpath.dsv'
[15.364s] INFO:colcon.colcon_core.shell:Creating environment hook '/home/jwrig/EGH400-2/install/px4_msgs/share/px4_msgs/hook/pythonpath.sh'
[15.364s] Level 1:colcon.colcon_core.environment:checking '/home/jwrig/EGH400-2/install/px4_msgs/bin'
[15.378s] INFO:colcon.colcon_core.shell:Creating package script '/home/jwrig/EGH400-2/install/px4_msgs/share/px4_msgs/package.ps1'
[15.379s] INFO:colcon.colcon_core.shell:Creating package descriptor '/home/jwrig/EGH400-2/install/px4_msgs/share/px4_msgs/package.dsv'
[15.379s] INFO:colcon.colcon_core.shell:Creating package script '/home/jwrig/EGH400-2/install/px4_msgs/share/px4_msgs/package.sh'
[15.380s] INFO:colcon.colcon_core.shell:Creating package script '/home/jwrig/EGH400-2/install/px4_msgs/share/px4_msgs/package.bash'
[15.380s] INFO:colcon.colcon_core.shell:Creating package script '/home/jwrig/EGH400-2/install/px4_msgs/share/px4_msgs/package.zsh'
[15.380s] Level 1:colcon.colcon_core.environment:create_file_with_runtime_dependencies(/home/jwrig/EGH400-2/install/px4_msgs/share/colcon-core/packages/px4_msgs)
[15.381s] INFO:colcon.colcon_ros.task.ament_python.build:Building ROS package in '/home/jwrig/EGH400-2/src/control_demo' with build type 'ament_python'
[15.381s] Level 1:colcon.colcon_core.shell:create_environment_hook('control_demo', 'ament_prefix_path')
[15.397s] INFO:colcon.colcon_core.shell:Creating environment hook '/home/jwrig/EGH400-2/install/control_demo/share/control_demo/hook/ament_prefix_path.ps1'
[15.397s] INFO:colcon.colcon_core.shell:Creating environment descriptor '/home/jwrig/EGH400-2/install/control_demo/share/control_demo/hook/ament_prefix_path.dsv'
[15.397s] INFO:colcon.colcon_core.shell:Creating environment hook '/home/jwrig/EGH400-2/install/control_demo/share/control_demo/hook/ament_prefix_path.sh'
[15.411s] INFO:colcon.colcon_core.shell:Skip shell extension 'powershell' for command environment: Not usable outside of PowerShell
[15.412s] DEBUG:colcon.colcon_core.shell:Skip shell extension 'dsv' for command environment
[15.455s] INFO:colcon.colcon_ros.task.ament_python.build:Building ROS package in '/home/jwrig/EGH400-2/src/offboard_control' with build type 'ament_python'
[15.455s] Level 1:colcon.colcon_core.shell:create_environment_hook('offboard_control', 'ament_prefix_path')
[15.470s] INFO:colcon.colcon_core.shell:Creating environment hook '/home/jwrig/EGH400-2/install/offboard_control/share/offboard_control/hook/ament_prefix_path.ps1'
[15.471s] INFO:colcon.colcon_core.shell:Creating environment descriptor '/home/jwrig/EGH400-2/install/offboard_control/share/offboard_control/hook/ament_prefix_path.dsv'
[15.471s] INFO:colcon.colcon_core.shell:Creating environment hook '/home/jwrig/EGH400-2/install/offboard_control/share/offboard_control/hook/ament_prefix_path.sh'
[15.486s] INFO:colcon.colcon_core.shell:Skip shell extension 'powershell' for command environment: Not usable outside of PowerShell
[15.486s] DEBUG:colcon.colcon_core.shell:Skip shell extension 'dsv' for command environment
[15.529s] INFO:colcon.colcon_ros.task.ament_cmake.build:Building ROS package in '/home/jwrig/EGH400-2/src/px4_ros_com' with build type 'ament_cmake'
[15.529s] INFO:colcon.colcon_cmake.task.cmake.build:Building CMake package in '/home/jwrig/EGH400-2/src/px4_ros_com'
[15.543s] INFO:colcon.colcon_core.shell:Skip shell extension 'powershell' for command environment: Not usable outside of PowerShell
[15.543s] DEBUG:colcon.colcon_core.shell:Skip shell extension 'dsv' for command environment
[15.756s] INFO:colcon.colcon_core.task.python.build:Building Python package in '/home/jwrig/EGH400-2/src/control_demo'
[15.769s] INFO:colcon.colcon_core.shell:Skip shell extension 'powershell' for command environment: Not usable outside of PowerShell
[15.770s] DEBUG:colcon.colcon_core.shell:Skip shell extension 'dsv' for command environment
[15.982s] INFO:colcon.colcon_core.task.python.build:Building Python package in '/home/jwrig/EGH400-2/src/offboard_control'
[15.996s] INFO:colcon.colcon_core.shell:Skip shell extension 'powershell' for command environment: Not usable outside of PowerShell
[15.996s] DEBUG:colcon.colcon_core.shell:Skip shell extension 'dsv' for command environment
[16.043s] DEBUG:colcon.colcon_core.event_handler.log_command:Invoking command in '/home/jwrig/EGH400-2/build/px4_ros_com': CMAKE_PREFIX_PATH=/home/jwrig/EGH400-2/install/px4_msgs:/home/jwrig/EGH400-2/install/px4_ros_com:/home/jwrig/EGH400-2/install/offboard_control:/opt/ros/iron LD_LIBRARY_PATH=/home/jwrig/EGH400-2/install/px4_msgs/lib:/home/jwrig/EGH400-2/install/px4_ros_com/lib:/opt/ros/iron/opt/rviz_ogre_vendor/lib:/opt/ros/iron/lib/x86_64-linux-gnu:/opt/ros/iron/lib PYTHONPATH=/home/jwrig/EGH400-2/install/px4_msgs/lib/python3.10/site-packages:/home/jwrig/EGH400-2/install/offboard_control/lib/python3.10/site-packages:/opt/ros/iron/lib/python3.10/site-packages /usr/bin/cmake --build /home/jwrig/EGH400-2/build/px4_ros_com -- -j8 -l8
[16.537s] DEBUG:colcon.colcon_core.event_handler.log_command:Invoking command in '/home/jwrig/EGH400-2/src/offboard_control': CMAKE_PREFIX_PATH=/home/jwrig/EGH400-2/install/px4_msgs:/home/jwrig/EGH400-2/install/px4_ros_com:/home/jwrig/EGH400-2/install/offboard_control LD_LIBRARY_PATH=/home/jwrig/EGH400-2/install/px4_msgs/lib:/home/jwrig/EGH400-2/install/px4_ros_com/lib:/opt/ros/iron/opt/rviz_ogre_vendor/lib:/opt/ros/iron/lib/x86_64-linux-gnu:/opt/ros/iron/lib PYTHONPATH=/home/jwrig/EGH400-2/build/offboard_control/prefix_override:/home/jwrig/EGH400-2/install/offboard_control/lib/python3.10/site-packages:/home/jwrig/EGH400-2/install/px4_msgs/lib/python3.10/site-packages:/home/jwrig/EGH400-2/install/offboard_control/lib/python3.10/site-packages:/opt/ros/iron/lib/python3.10/site-packages /usr/bin/python3 setup.py egg_info --egg-base ../../build/offboard_control build --build-base /home/jwrig/EGH400-2/build/offboard_control/build install --record /home/jwrig/EGH400-2/build/offboard_control/install.log --single-version-externally-managed
[16.538s] DEBUG:colcon.colcon_core.event_handler.log_command:Invoking command in '/home/jwrig/EGH400-2/src/control_demo': CMAKE_PREFIX_PATH=/home/jwrig/EGH400-2/install/px4_msgs:/home/jwrig/EGH400-2/install/px4_ros_com:/home/jwrig/EGH400-2/install/offboard_control LD_LIBRARY_PATH=/home/jwrig/EGH400-2/install/px4_msgs/lib:/home/jwrig/EGH400-2/install/px4_ros_com/lib:/opt/ros/iron/opt/rviz_ogre_vendor/lib:/opt/ros/iron/lib/x86_64-linux-gnu:/opt/ros/iron/lib PYTHONPATH=/home/jwrig/EGH400-2/build/control_demo/prefix_override:/home/jwrig/EGH400-2/install/control_demo/lib/python3.10/site-packages:/home/jwrig/EGH400-2/install/px4_msgs/lib/python3.10/site-packages:/home/jwrig/EGH400-2/install/offboard_control/lib/python3.10/site-packages:/opt/ros/iron/lib/python3.10/site-packages /usr/bin/python3 setup.py egg_info --egg-base ../../build/control_demo build --build-base /home/jwrig/EGH400-2/build/control_demo/build install --record /home/jwrig/EGH400-2/build/control_demo/install.log --single-version-externally-managed
[17.022s] Level 1:colcon.colcon_core.environment:checking '/home/jwrig/EGH400-2/install/offboard_control' for CMake module files
[17.022s] Level 1:colcon.colcon_core.environment:checking '/home/jwrig/EGH400-2/install/offboard_control' for CMake config files
[17.022s] Level 1:colcon.colcon_core.shell:create_environment_hook('offboard_control', 'cmake_prefix_path')
[17.028s] DEBUG:colcon.colcon_core.event_handler.log_command:Invoked command in '/home/jwrig/EGH400-2/src/offboard_control' returned '0': CMAKE_PREFIX_PATH=/home/jwrig/EGH400-2/install/px4_msgs:/home/jwrig/EGH400-2/install/px4_ros_com:/home/jwrig/EGH400-2/install/offboard_control LD_LIBRARY_PATH=/home/jwrig/EGH400-2/install/px4_msgs/lib:/home/jwrig/EGH400-2/install/px4_ros_com/lib:/opt/ros/iron/opt/rviz_ogre_vendor/lib:/opt/ros/iron/lib/x86_64-linux-gnu:/opt/ros/iron/lib PYTHONPATH=/home/jwrig/EGH400-2/build/offboard_control/prefix_override:/home/jwrig/EGH400-2/install/offboard_control/lib/python3.10/site-packages:/home/jwrig/EGH400-2/install/px4_msgs/lib/python3.10/site-packages:/home/jwrig/EGH400-2/install/offboard_control/lib/python3.10/site-packages:/opt/ros/iron/lib/python3.10/site-packages /usr/bin/python3 setup.py egg_info --egg-base ../../build/offboard_control build --build-base /home/jwrig/EGH400-2/build/offboard_control/build install --record /home/jwrig/EGH400-2/build/offboard_control/install.log --single-version-externally-managed
[17.037s] INFO:colcon.colcon_core.shell:Creating environment hook '/home/jwrig/EGH400-2/install/offboard_control/share/offboard_control/hook/cmake_prefix_path.ps1'
[17.037s] INFO:colcon.colcon_core.shell:Creating environment descriptor '/home/jwrig/EGH400-2/install/offboard_control/share/offboard_control/hook/cmake_prefix_path.dsv'
[17.038s] INFO:colcon.colcon_core.shell:Creating environment hook '/home/jwrig/EGH400-2/install/offboard_control/share/offboard_control/hook/cmake_prefix_path.sh'
[17.038s] Level 1:colcon.colcon_core.environment:checking '/home/jwrig/EGH400-2/install/offboard_control/lib'
[17.038s] Level 1:colcon.colcon_core.environment:checking '/home/jwrig/EGH400-2/install/offboard_control/bin'
[17.038s] Level 1:colcon.colcon_core.environment:checking '/home/jwrig/EGH400-2/install/offboard_control/lib/pkgconfig/offboard_control.pc'
[17.039s] Level 1:colcon.colcon_core.environment:checking '/home/jwrig/EGH400-2/install/offboard_control/lib/python3.10/site-packages'
[17.039s] Level 1:colcon.colcon_core.shell:create_environment_hook('offboard_control', 'pythonpath')
[17.054s] INFO:colcon.colcon_core.shell:Creating environment hook '/home/jwrig/EGH400-2/install/offboard_control/share/offboard_control/hook/pythonpath.ps1'
[17.054s] INFO:colcon.colcon_core.shell:Creating environment descriptor '/home/jwrig/EGH400-2/install/offboard_control/share/offboard_control/hook/pythonpath.dsv'
[17.054s] INFO:colcon.colcon_core.shell:Creating environment hook '/home/jwrig/EGH400-2/install/offboard_control/share/offboard_control/hook/pythonpath.sh'
[17.055s] Level 1:colcon.colcon_core.environment:checking '/home/jwrig/EGH400-2/install/offboard_control/bin'
[17.055s] Level 1:colcon.colcon_core.environment:create_environment_scripts_only(offboard_control)
[17.069s] INFO:colcon.colcon_core.shell:Creating package script '/home/jwrig/EGH400-2/install/offboard_control/share/offboard_control/package.ps1'
[17.070s] INFO:colcon.colcon_core.shell:Creating package descriptor '/home/jwrig/EGH400-2/install/offboard_control/share/offboard_control/package.dsv'
[17.070s] INFO:colcon.colcon_core.shell:Creating package script '/home/jwrig/EGH400-2/install/offboard_control/share/offboard_control/package.sh'
[17.071s] INFO:colcon.colcon_core.shell:Creating package script '/home/jwrig/EGH400-2/install/offboard_control/share/offboard_control/package.bash'
[17.071s] INFO:colcon.colcon_core.shell:Creating package script '/home/jwrig/EGH400-2/install/offboard_control/share/offboard_control/package.zsh'
[17.072s] Level 1:colcon.colcon_core.environment:create_file_with_runtime_dependencies(/home/jwrig/EGH400-2/install/offboard_control/share/colcon-core/packages/offboard_control)
[17.074s] DEBUG:colcon.colcon_core.event_handler.log_command:Invoked command in '/home/jwrig/EGH400-2/src/control_demo' returned '0': CMAKE_PREFIX_PATH=/home/jwrig/EGH400-2/install/px4_msgs:/home/jwrig/EGH400-2/install/px4_ros_com:/home/jwrig/EGH400-2/install/offboard_control LD_LIBRARY_PATH=/home/jwrig/EGH400-2/install/px4_msgs/lib:/home/jwrig/EGH400-2/install/px4_ros_com/lib:/opt/ros/iron/opt/rviz_ogre_vendor/lib:/opt/ros/iron/lib/x86_64-linux-gnu:/opt/ros/iron/lib PYTHONPATH=/home/jwrig/EGH400-2/build/control_demo/prefix_override:/home/jwrig/EGH400-2/install/control_demo/lib/python3.10/site-packages:/home/jwrig/EGH400-2/install/px4_msgs/lib/python3.10/site-packages:/home/jwrig/EGH400-2/install/offboard_control/lib/python3.10/site-packages:/opt/ros/iron/lib/python3.10/site-packages /usr/bin/python3 setup.py egg_info --egg-base ../../build/control_demo build --build-base /home/jwrig/EGH400-2/build/control_demo/build install --record /home/jwrig/EGH400-2/build/control_demo/install.log --single-version-externally-managed
[17.087s] Level 1:colcon.colcon_core.environment:checking '/home/jwrig/EGH400-2/install/control_demo' for CMake module files
[17.088s] Level 1:colcon.colcon_core.environment:checking '/home/jwrig/EGH400-2/install/control_demo' for CMake config files
[17.088s] Level 1:colcon.colcon_core.environment:checking '/home/jwrig/EGH400-2/install/control_demo/lib'
[17.088s] Level 1:colcon.colcon_core.environment:checking '/home/jwrig/EGH400-2/install/control_demo/bin'
[17.088s] Level 1:colcon.colcon_core.environment:checking '/home/jwrig/EGH400-2/install/control_demo/lib/pkgconfig/control_demo.pc'
[17.089s] Level 1:colcon.colcon_core.environment:checking '/home/jwrig/EGH400-2/install/control_demo/lib/python3.10/site-packages'
[17.089s] Level 1:colcon.colcon_core.shell:create_environment_hook('control_demo', 'pythonpath')
[17.103s] INFO:colcon.colcon_core.shell:Creating environment hook '/home/jwrig/EGH400-2/install/control_demo/share/control_demo/hook/pythonpath.ps1'
[17.104s] INFO:colcon.colcon_core.shell:Creating environment descriptor '/home/jwrig/EGH400-2/install/control_demo/share/control_demo/hook/pythonpath.dsv'
[17.104s] INFO:colcon.colcon_core.shell:Creating environment hook '/home/jwrig/EGH400-2/install/control_demo/share/control_demo/hook/pythonpath.sh'
[17.104s] Level 1:colcon.colcon_core.environment:checking '/home/jwrig/EGH400-2/install/control_demo/bin'
[17.104s] Level 1:colcon.colcon_core.environment:create_environment_scripts_only(control_demo)
[17.119s] INFO:colcon.colcon_core.shell:Creating package script '/home/jwrig/EGH400-2/install/control_demo/share/control_demo/package.ps1'
[17.119s] INFO:colcon.colcon_core.shell:Creating package descriptor '/home/jwrig/EGH400-2/install/control_demo/share/control_demo/package.dsv'
[17.119s] INFO:colcon.colcon_core.shell:Creating package script '/home/jwrig/EGH400-2/install/control_demo/share/control_demo/package.sh'
[17.120s] INFO:colcon.colcon_core.shell:Creating package script '/home/jwrig/EGH400-2/install/control_demo/share/control_demo/package.bash'
[17.120s] INFO:colcon.colcon_core.shell:Creating package script '/home/jwrig/EGH400-2/install/control_demo/share/control_demo/package.zsh'
[17.120s] Level 1:colcon.colcon_core.environment:create_file_with_runtime_dependencies(/home/jwrig/EGH400-2/install/control_demo/share/colcon-core/packages/control_demo)
[29.979s] DEBUG:colcon.colcon_core.event_handler.log_command:Invoked command in '/home/jwrig/EGH400-2/build/px4_ros_com' returned '0': CMAKE_PREFIX_PATH=/home/jwrig/EGH400-2/install/px4_msgs:/home/jwrig/EGH400-2/install/px4_ros_com:/home/jwrig/EGH400-2/install/offboard_control:/opt/ros/iron LD_LIBRARY_PATH=/home/jwrig/EGH400-2/install/px4_msgs/lib:/home/jwrig/EGH400-2/install/px4_ros_com/lib:/opt/ros/iron/opt/rviz_ogre_vendor/lib:/opt/ros/iron/lib/x86_64-linux-gnu:/opt/ros/iron/lib PYTHONPATH=/home/jwrig/EGH400-2/install/px4_msgs/lib/python3.10/site-packages:/home/jwrig/EGH400-2/install/offboard_control/lib/python3.10/site-packages:/opt/ros/iron/lib/python3.10/site-packages /usr/bin/cmake --build /home/jwrig/EGH400-2/build/px4_ros_com -- -j8 -l8
[30.469s] DEBUG:colcon.colcon_core.event_handler.log_command:Invoking command in '/home/jwrig/EGH400-2/build/px4_ros_com': CMAKE_PREFIX_PATH=/home/jwrig/EGH400-2/install/px4_msgs:/home/jwrig/EGH400-2/install/px4_ros_com:/home/jwrig/EGH400-2/install/offboard_control:/opt/ros/iron LD_LIBRARY_PATH=/home/jwrig/EGH400-2/install/px4_msgs/lib:/home/jwrig/EGH400-2/install/px4_ros_com/lib:/opt/ros/iron/opt/rviz_ogre_vendor/lib:/opt/ros/iron/lib/x86_64-linux-gnu:/opt/ros/iron/lib PYTHONPATH=/home/jwrig/EGH400-2/install/px4_msgs/lib/python3.10/site-packages:/home/jwrig/EGH400-2/install/offboard_control/lib/python3.10/site-packages:/opt/ros/iron/lib/python3.10/site-packages /usr/bin/cmake --install /home/jwrig/EGH400-2/build/px4_ros_com
[30.786s] DEBUG:colcon.colcon_core.event_handler.log_command:Invoked command in '/home/jwrig/EGH400-2/build/px4_ros_com' returned '0': CMAKE_PREFIX_PATH=/home/jwrig/EGH400-2/install/px4_msgs:/home/jwrig/EGH400-2/install/px4_ros_com:/home/jwrig/EGH400-2/install/offboard_control:/opt/ros/iron LD_LIBRARY_PATH=/home/jwrig/EGH400-2/install/px4_msgs/lib:/home/jwrig/EGH400-2/install/px4_ros_com/lib:/opt/ros/iron/opt/rviz_ogre_vendor/lib:/opt/ros/iron/lib/x86_64-linux-gnu:/opt/ros/iron/lib PYTHONPATH=/home/jwrig/EGH400-2/install/px4_msgs/lib/python3.10/site-packages:/home/jwrig/EGH400-2/install/offboard_control/lib/python3.10/site-packages:/opt/ros/iron/lib/python3.10/site-packages /usr/bin/cmake --install /home/jwrig/EGH400-2/build/px4_ros_com
[30.782s] Level 1:colcon.colcon_core.environment:create_environment_scripts_only(px4_ros_com)
[32.823s] Level 1:colcon.colcon_core.environment:checking '/home/jwrig/EGH400-2/install/px4_ros_com' for CMake module files
[32.844s] Level 1:colcon.colcon_core.environment:checking '/home/jwrig/EGH400-2/install/px4_ros_com' for CMake config files
[32.858s] Level 1:colcon.colcon_core.shell:create_environment_hook('px4_ros_com', 'cmake_prefix_path')
[32.894s] INFO:colcon.colcon_core.shell:Creating environment hook '/home/jwrig/EGH400-2/install/px4_ros_com/share/px4_ros_com/hook/cmake_prefix_path.ps1'
[33.023s] INFO:colcon.colcon_core.shell:Creating environment descriptor '/home/jwrig/EGH400-2/install/px4_ros_com/share/px4_ros_com/hook/cmake_prefix_path.dsv'
[33.053s] INFO:colcon.colcon_core.shell:Creating environment hook '/home/jwrig/EGH400-2/install/px4_ros_com/share/px4_ros_com/hook/cmake_prefix_path.sh'
[33.099s] Level 1:colcon.colcon_core.environment:checking '/home/jwrig/EGH400-2/install/px4_ros_com/lib'
[33.099s] Level 1:colcon.colcon_core.shell:create_environment_hook('px4_ros_com', 'ld_library_path_lib')
[33.114s] INFO:colcon.colcon_core.shell:Creating environment hook '/home/jwrig/EGH400-2/install/px4_ros_com/share/px4_ros_com/hook/ld_library_path_lib.ps1'
[33.115s] INFO:colcon.colcon_core.shell:Creating environment descriptor '/home/jwrig/EGH400-2/install/px4_ros_com/share/px4_ros_com/hook/ld_library_path_lib.dsv'
[33.115s] INFO:colcon.colcon_core.shell:Creating environment hook '/home/jwrig/EGH400-2/install/px4_ros_com/share/px4_ros_com/hook/ld_library_path_lib.sh'
[33.115s] Level 1:colcon.colcon_core.environment:checking '/home/jwrig/EGH400-2/install/px4_ros_com/bin'
[33.116s] Level 1:colcon.colcon_core.environment:checking '/home/jwrig/EGH400-2/install/px4_ros_com/lib/pkgconfig/px4_ros_com.pc'
[33.143s] Level 1:colcon.colcon_core.environment:checking '/home/jwrig/EGH400-2/install/px4_ros_com/lib/python3.10/site-packages'
[33.146s] Level 1:colcon.colcon_core.environment:checking '/home/jwrig/EGH400-2/install/px4_ros_com/bin'
[33.165s] INFO:colcon.colcon_core.shell:Creating package script '/home/jwrig/EGH400-2/install/px4_ros_com/share/px4_ros_com/package.ps1'
[33.171s] INFO:colcon.colcon_core.shell:Creating package descriptor '/home/jwrig/EGH400-2/install/px4_ros_com/share/px4_ros_com/package.dsv'
[33.173s] INFO:colcon.colcon_core.shell:Creating package script '/home/jwrig/EGH400-2/install/px4_ros_com/share/px4_ros_com/package.sh'
[33.182s] INFO:colcon.colcon_core.shell:Creating package script '/home/jwrig/EGH400-2/install/px4_ros_com/share/px4_ros_com/package.bash'
[33.201s] INFO:colcon.colcon_core.shell:Creating package script '/home/jwrig/EGH400-2/install/px4_ros_com/share/px4_ros_com/package.zsh'
[33.208s] Level 1:colcon.colcon_core.environment:create_file_with_runtime_dependencies(/home/jwrig/EGH400-2/install/px4_ros_com/share/colcon-core/packages/px4_ros_com)
[33.275s] Level 1:colcon.colcon_core.environment:create_environment_scripts_only(px4_ros_com)
[33.290s] Level 1:colcon.colcon_core.environment:checking '/home/jwrig/EGH400-2/install/px4_ros_com' for CMake module files
[33.290s] Level 1:colcon.colcon_core.environment:checking '/home/jwrig/EGH400-2/install/px4_ros_com' for CMake config files
[33.291s] Level 1:colcon.colcon_core.shell:create_environment_hook('px4_ros_com', 'cmake_prefix_path')
[33.305s] INFO:colcon.colcon_core.shell:Creating environment hook '/home/jwrig/EGH400-2/install/px4_ros_com/share/px4_ros_com/hook/cmake_prefix_path.ps1'
[33.305s] INFO:colcon.colcon_core.shell:Creating environment descriptor '/home/jwrig/EGH400-2/install/px4_ros_com/share/px4_ros_com/hook/cmake_prefix_path.dsv'
[33.306s] INFO:colcon.colcon_core.shell:Creating environment hook '/home/jwrig/EGH400-2/install/px4_ros_com/share/px4_ros_com/hook/cmake_prefix_path.sh'
[33.307s] Level 1:colcon.colcon_core.environment:checking '/home/jwrig/EGH400-2/install/px4_ros_com/lib'
[33.307s] Level 1:colcon.colcon_core.shell:create_environment_hook('px4_ros_com', 'ld_library_path_lib')
[33.321s] INFO:colcon.colcon_core.shell:Creating environment hook '/home/jwrig/EGH400-2/install/px4_ros_com/share/px4_ros_com/hook/ld_library_path_lib.ps1'
[33.321s] INFO:colcon.colcon_core.shell:Creating environment descriptor '/home/jwrig/EGH400-2/install/px4_ros_com/share/px4_ros_com/hook/ld_library_path_lib.dsv'
[33.322s] INFO:colcon.colcon_core.shell:Creating environment hook '/home/jwrig/EGH400-2/install/px4_ros_com/share/px4_ros_com/hook/ld_library_path_lib.sh'
[33.322s] Level 1:colcon.colcon_core.environment:checking '/home/jwrig/EGH400-2/install/px4_ros_com/bin'
[33.322s] Level 1:colcon.colcon_core.environment:checking '/home/jwrig/EGH400-2/install/px4_ros_com/lib/pkgconfig/px4_ros_com.pc'
[33.322s] Level 1:colcon.colcon_core.environment:checking '/home/jwrig/EGH400-2/install/px4_ros_com/lib/python3.10/site-packages'
[33.322s] Level 1:colcon.colcon_core.environment:checking '/home/jwrig/EGH400-2/install/px4_ros_com/bin'
[33.337s] INFO:colcon.colcon_core.shell:Creating package script '/home/jwrig/EGH400-2/install/px4_ros_com/share/px4_ros_com/package.ps1'
[33.338s] INFO:colcon.colcon_core.shell:Creating package descriptor '/home/jwrig/EGH400-2/install/px4_ros_com/share/px4_ros_com/package.dsv'
[33.338s] INFO:colcon.colcon_core.shell:Creating package script '/home/jwrig/EGH400-2/install/px4_ros_com/share/px4_ros_com/package.sh'
[33.339s] INFO:colcon.colcon_core.shell:Creating package script '/home/jwrig/EGH400-2/install/px4_ros_com/share/px4_ros_com/package.bash'
[33.340s] INFO:colcon.colcon_core.shell:Creating package script '/home/jwrig/EGH400-2/install/px4_ros_com/share/px4_ros_com/package.zsh'
[33.341s] Level 1:colcon.colcon_core.environment:create_file_with_runtime_dependencies(/home/jwrig/EGH400-2/install/px4_ros_com/share/colcon-core/packages/px4_ros_com)
[33.363s] DEBUG:colcon.colcon_parallel_executor.executor.parallel:closing loop
[33.410s] DEBUG:colcon.colcon_parallel_executor.executor.parallel:loop closed
[33.430s] DEBUG:colcon.colcon_parallel_executor.executor.parallel:run_until_complete finished with '0'
[33.509s] DEBUG:colcon.colcon_core.event_reactor:joining thread
[34.314s] INFO:colcon.colcon_core.plugin_system:Skipping extension 'colcon_notification.desktop_notification.terminal_notifier': Not used on non-Darwin systems
[34.314s] INFO:colcon.colcon_core.plugin_system:Skipping extension 'colcon_notification.desktop_notification.win32': Not used on non-Windows systems
[34.315s] INFO:colcon.colcon_notification.desktop_notification:Sending desktop notification using 'notify2'
[34.796s] DEBUG:colcon.colcon_core.event_reactor:joined thread
[34.941s] INFO:colcon.colcon_core.shell:Creating prefix script '/home/jwrig/EGH400-2/install/local_setup.ps1'
[34.966s] INFO:colcon.colcon_core.shell:Creating prefix util module '/home/jwrig/EGH400-2/install/_local_setup_util_ps1.py'
[35.020s] INFO:colcon.colcon_core.shell:Creating prefix chain script '/home/jwrig/EGH400-2/install/setup.ps1'
[35.097s] INFO:colcon.colcon_core.shell:Creating prefix script '/home/jwrig/EGH400-2/install/local_setup.sh'
[35.099s] INFO:colcon.colcon_core.shell:Creating prefix util module '/home/jwrig/EGH400-2/install/_local_setup_util_sh.py'
[35.100s] INFO:colcon.colcon_core.shell:Creating prefix chain script '/home/jwrig/EGH400-2/install/setup.sh'
[35.122s] INFO:colcon.colcon_core.shell:Creating prefix script '/home/jwrig/EGH400-2/install/local_setup.bash'
[35.122s] INFO:colcon.colcon_core.shell:Creating prefix chain script '/home/jwrig/EGH400-2/install/setup.bash'
[35.149s] INFO:colcon.colcon_core.shell:Creating prefix script '/home/jwrig/EGH400-2/install/local_setup.zsh'
[35.270s] INFO:colcon.colcon_core.shell:Creating prefix chain script '/home/jwrig/EGH400-2/install/setup.zsh'
