[0.759s] Invoking command in '/home/jwrig/EGH400-2/src/offboard_control': CMAKE_PREFIX_PATH=/home/jwrig/EGH400-2/install/px4_msgs:/home/jwrig/EGH400-2/install/px4_ros_com:/home/jwrig/EGH400-2/install/offboard_control LD_LIBRARY_PATH=/home/jwrig/EGH400-2/install/px4_msgs/lib:/home/jwrig/EGH400-2/install/px4_ros_com/lib:/opt/ros/iron/opt/rviz_ogre_vendor/lib:/opt/ros/iron/lib/x86_64-linux-gnu:/opt/ros/iron/lib PYTHONPATH=/home/jwrig/EGH400-2/build/offboard_control/prefix_override:/home/jwrig/EGH400-2/install/offboard_control/lib/python3.10/site-packages:/home/jwrig/EGH400-2/install/px4_msgs/lib/python3.10/site-packages:/home/jwrig/EGH400-2/install/offboard_control/lib/python3.10/site-packages:/home/jwrig/EGH400-2/install/d_star_lite/lib/python3.10/site-packages:/home/jwrig/EGH400-2/install/control_demo/lib/python3.10/site-packages:/opt/ros/iron/lib/python3.10/site-packages /usr/bin/python3 setup.py egg_info --egg-base ../../build/offboard_control build --build-base /home/jwrig/EGH400-2/build/offboard_control/build install --record /home/jwrig/EGH400-2/build/offboard_control/install.log --single-version-externally-managed
[0.943s] running egg_info
[0.956s] writing ../../build/offboard_control/offboard_control.egg-info/PKG-INFO
[0.956s] writing dependency_links to ../../build/offboard_control/offboard_control.egg-info/dependency_links.txt
[0.956s] writing entry points to ../../build/offboard_control/offboard_control.egg-info/entry_points.txt
[0.957s] writing requirements to ../../build/offboard_control/offboard_control.egg-info/requires.txt
[0.957s] writing top-level names to ../../build/offboard_control/offboard_control.egg-info/top_level.txt
[0.983s] reading manifest file '../../build/offboard_control/offboard_control.egg-info/SOURCES.txt'
[0.984s] writing manifest file '../../build/offboard_control/offboard_control.egg-info/SOURCES.txt'
[0.984s] running build
[0.984s] running build_py
[0.984s] copying offboard_control/UAV_control.py -> /home/jwrig/EGH400-2/build/offboard_control/build/lib/offboard_control
[0.984s] running install
[0.984s] /home/jwrig/.local/lib/python3.10/site-packages/setuptools/_distutils/cmd.py:66: SetuptoolsDeprecationWarning: setup.py install is deprecated.
[0.984s] !!
[0.984s] 
[0.985s]         ********************************************************************************
[0.985s]         Please avoid running ``setup.py`` directly.
[0.985s]         Instead, use pypa/build, pypa/installer or other
[0.985s]         standards-based tools.
[0.985s] 
[0.985s]         See https://blog.ganssle.io/articles/2021/10/setup-py-deprecated.html for details.
[0.985s]         ********************************************************************************
[0.985s] 
[0.985s] !!
[0.985s]   self.initialize_options()
[0.989s] running install_lib
[1.002s] copying /home/jwrig/EGH400-2/build/offboard_control/build/lib/offboard_control/d_star_lite/graph.py -> /home/jwrig/EGH400-2/install/offboard_control/lib/python3.10/site-packages/offboard_control/d_star_lite
[1.002s] copying /home/jwrig/EGH400-2/build/offboard_control/build/lib/offboard_control/UAV_control.py -> /home/jwrig/EGH400-2/install/offboard_control/lib/python3.10/site-packages/offboard_control
[1.003s] byte-compiling /home/jwrig/EGH400-2/install/offboard_control/lib/python3.10/site-packages/offboard_control/d_star_lite/graph.py to graph.cpython-310.pyc
[1.004s] byte-compiling /home/jwrig/EGH400-2/install/offboard_control/lib/python3.10/site-packages/offboard_control/UAV_control.py to UAV_control.cpython-310.pyc
[1.006s] running install_data
[1.019s] running install_egg_info
[1.032s] removing '/home/jwrig/EGH400-2/install/offboard_control/lib/python3.10/site-packages/offboard_control-0.0.0-py3.10.egg-info' (and everything under it)
[1.032s] Copying ../../build/offboard_control/offboard_control.egg-info to /home/jwrig/EGH400-2/install/offboard_control/lib/python3.10/site-packages/offboard_control-0.0.0-py3.10.egg-info
[1.033s] running install_scripts
[1.157s] Installing UAV_control script to /home/jwrig/EGH400-2/install/offboard_control/lib/offboard_control
[1.157s] writing list of installed files to '/home/jwrig/EGH400-2/build/offboard_control/install.log'
[1.177s] Invoked command in '/home/jwrig/EGH400-2/src/offboard_control' returned '0': CMAKE_PREFIX_PATH=/home/jwrig/EGH400-2/install/px4_msgs:/home/jwrig/EGH400-2/install/px4_ros_com:/home/jwrig/EGH400-2/install/offboard_control LD_LIBRARY_PATH=/home/jwrig/EGH400-2/install/px4_msgs/lib:/home/jwrig/EGH400-2/install/px4_ros_com/lib:/opt/ros/iron/opt/rviz_ogre_vendor/lib:/opt/ros/iron/lib/x86_64-linux-gnu:/opt/ros/iron/lib PYTHONPATH=/home/jwrig/EGH400-2/build/offboard_control/prefix_override:/home/jwrig/EGH400-2/install/offboard_control/lib/python3.10/site-packages:/home/jwrig/EGH400-2/install/px4_msgs/lib/python3.10/site-packages:/home/jwrig/EGH400-2/install/offboard_control/lib/python3.10/site-packages:/home/jwrig/EGH400-2/install/d_star_lite/lib/python3.10/site-packages:/home/jwrig/EGH400-2/install/control_demo/lib/python3.10/site-packages:/opt/ros/iron/lib/python3.10/site-packages /usr/bin/python3 setup.py egg_info --egg-base ../../build/offboard_control build --build-base /home/jwrig/EGH400-2/build/offboard_control/build install --record /home/jwrig/EGH400-2/build/offboard_control/install.log --single-version-externally-managed
