[0.952s] Invoking command in '/home/jwrig/EGH400-2/src/offboard_control': PYTHONPATH=/home/jwrig/EGH400-2/build/offboard_control/prefix_override:/home/jwrig/EGH400-2/install/offboard_control/lib/python3.10/site-packages:${PYTHONPATH} /usr/bin/python3 setup.py egg_info --egg-base ../../build/offboard_control build --build-base /home/jwrig/EGH400-2/build/offboard_control/build install --record /home/jwrig/EGH400-2/build/offboard_control/install.log --single-version-externally-managed
[1.149s] running egg_info
[1.159s] writing ../../build/offboard_control/offboard_control.egg-info/PKG-INFO
[1.160s] writing dependency_links to ../../build/offboard_control/offboard_control.egg-info/dependency_links.txt
[1.160s] writing entry points to ../../build/offboard_control/offboard_control.egg-info/entry_points.txt
[1.160s] writing requirements to ../../build/offboard_control/offboard_control.egg-info/requires.txt
[1.160s] writing top-level names to ../../build/offboard_control/offboard_control.egg-info/top_level.txt
[1.190s] reading manifest file '../../build/offboard_control/offboard_control.egg-info/SOURCES.txt'
[1.191s] writing manifest file '../../build/offboard_control/offboard_control.egg-info/SOURCES.txt'
[1.191s] running build
[1.191s] running build_py
[1.191s] copying offboard_control/UAV_control.py -> /home/jwrig/EGH400-2/build/offboard_control/build/lib/offboard_control
[1.192s] running install
[1.203s] /home/jwrig/.local/lib/python3.10/site-packages/setuptools/_distutils/cmd.py:66: SetuptoolsDeprecationWarning: setup.py install is deprecated.
[1.203s] !!
[1.203s] 
[1.204s]         ********************************************************************************
[1.204s]         Please avoid running ``setup.py`` directly.
[1.204s]         Instead, use pypa/build, pypa/installer or other
[1.204s]         standards-based tools.
[1.204s] 
[1.204s]         See https://blog.ganssle.io/articles/2021/10/setup-py-deprecated.html for details.
[1.204s]         ********************************************************************************
[1.204s] 
[1.204s] !!
[1.204s]   self.initialize_options()
[1.208s] running install_lib
[1.223s] copying /home/jwrig/EGH400-2/build/offboard_control/build/lib/offboard_control/UAV_control.py -> /home/jwrig/EGH400-2/install/offboard_control/lib/python3.10/site-packages/offboard_control
[1.224s] byte-compiling /home/jwrig/EGH400-2/install/offboard_control/lib/python3.10/site-packages/offboard_control/UAV_control.py to UAV_control.cpython-310.pyc
[1.225s] running install_data
[1.240s] copying package.xml -> /home/jwrig/EGH400-2/install/offboard_control/share/offboard_control
[1.240s] running install_egg_info
[1.257s] removing '/home/jwrig/EGH400-2/install/offboard_control/lib/python3.10/site-packages/offboard_control-0.0.0-py3.10.egg-info' (and everything under it)
[1.257s] Copying ../../build/offboard_control/offboard_control.egg-info to /home/jwrig/EGH400-2/install/offboard_control/lib/python3.10/site-packages/offboard_control-0.0.0-py3.10.egg-info
[1.258s] running install_scripts
[1.402s] Installing UAV_control script to /home/jwrig/EGH400-2/install/offboard_control/lib/offboard_control
[1.403s] writing list of installed files to '/home/jwrig/EGH400-2/build/offboard_control/install.log'
[1.434s] Invoked command in '/home/jwrig/EGH400-2/src/offboard_control' returned '0': PYTHONPATH=/home/jwrig/EGH400-2/build/offboard_control/prefix_override:/home/jwrig/EGH400-2/install/offboard_control/lib/python3.10/site-packages:${PYTHONPATH} /usr/bin/python3 setup.py egg_info --egg-base ../../build/offboard_control build --build-base /home/jwrig/EGH400-2/build/offboard_control/build install --record /home/jwrig/EGH400-2/build/offboard_control/install.log --single-version-externally-managed
