[0.960s] DEBUG:colcon:Command line arguments: ['/usr/bin/colcon', 'build']
[0.960s] DEBUG:colcon:Parsed command line arguments: Namespace(log_base=None, log_level=None, verb_name='build', build_base='build', install_base='install', merge_install=False, symlink_install=False, test_result_base=None, continue_on_error=False, executor='parallel', parallel_workers=8, event_handlers=None, ignore_user_meta=False, metas=['./colcon.meta'], base_paths=['.'], packages_ignore=None, packages_ignore_regex=None, paths=None, packages_up_to=None, packages_up_to_regex=None, packages_above=None, packages_above_and_dependencies=None, packages_above_depth=None, packages_select_by_dep=None, packages_skip_by_dep=None, packages_skip_up_to=None, packages_select_build_failed=False, packages_skip_build_finished=False, packages_select_test_failures=False, packages_skip_test_passed=False, packages_select=None, packages_skip=None, packages_select_regex=None, packages_skip_regex=None, packages_start=None, packages_end=None, allow_overriding=[], cmake_args=None, cmake_target=None, cmake_target_skip_unavailable=False, cmake_clean_cache=False, cmake_clean_first=False, cmake_force_configure=False, ament_cmake_args=None, catkin_cmake_args=None, catkin_skip_building_tests=False, verb_parser=<colcon_defaults.argument_parser.defaults.DefaultArgumentsDecorator object at 0x7f6f07840190>, verb_extension=<colcon_core.verb.build.BuildVerb object at 0x7f6f079f7c40>, main=<bound method BuildVerb.main of <colcon_core.verb.build.BuildVerb object at 0x7f6f079f7c40>>)
[1.012s] Level 1:colcon.colcon_core.package_discovery:discover_packages(colcon_meta) check parameters
[1.012s] Level 1:colcon.colcon_core.package_discovery:discover_packages(recursive) check parameters
[1.012s] Level 1:colcon.colcon_core.package_discovery:discover_packages(ignore) check parameters
[1.012s] Level 1:colcon.colcon_core.package_discovery:discover_packages(path) check parameters
[1.012s] Level 1:colcon.colcon_core.package_discovery:discover_packages(colcon_meta) discover
[1.012s] Level 1:colcon.colcon_core.package_discovery:discover_packages(recursive) discover
[1.012s] INFO:colcon.colcon_core.package_discovery:Crawling recursively for packages in '/home/jwrig/EGH400-2'
[1.012s] Level 1:colcon.colcon_core.package_identification:_identify(.) by extensions ['ignore', 'ignore_ament_install']
[1.012s] Level 1:colcon.colcon_core.package_identification:_identify(.) by extension 'ignore'
[1.012s] Level 1:colcon.colcon_core.package_identification:_identify(.) by extension 'ignore_ament_install'
[1.012s] Level 1:colcon.colcon_core.package_identification:_identify(.) by extensions ['colcon_pkg']
[1.012s] Level 1:colcon.colcon_core.package_identification:_identify(.) by extension 'colcon_pkg'
[1.013s] Level 1:colcon.colcon_core.package_identification:_identify(.) by extensions ['colcon_meta']
[1.013s] Level 1:colcon.colcon_core.package_identification:_identify(.) by extension 'colcon_meta'
[1.013s] Level 1:colcon.colcon_core.package_identification:_identify(.) by extensions ['ros']
[1.013s] Level 1:colcon.colcon_core.package_identification:_identify(.) by extension 'ros'
[1.024s] Level 1:colcon.colcon_core.package_identification:_identify(.) by extensions ['cmake', 'python']
[1.024s] Level 1:colcon.colcon_core.package_identification:_identify(.) by extension 'cmake'
[1.024s] Level 1:colcon.colcon_core.package_identification:_identify(.) by extension 'python'
[1.024s] Level 1:colcon.colcon_core.package_identification:_identify(.) by extensions ['python_setup_py']
[1.024s] Level 1:colcon.colcon_core.package_identification:_identify(.) by extension 'python_setup_py'
[1.024s] Level 1:colcon.colcon_core.package_identification:_identify(build) by extensions ['ignore', 'ignore_ament_install']
[1.024s] Level 1:colcon.colcon_core.package_identification:_identify(build) by extension 'ignore'
[1.024s] Level 1:colcon.colcon_core.package_identification:_identify(build) ignored
[1.024s] Level 1:colcon.colcon_core.package_identification:_identify(install) by extensions ['ignore', 'ignore_ament_install']
[1.025s] Level 1:colcon.colcon_core.package_identification:_identify(install) by extension 'ignore'
[1.025s] Level 1:colcon.colcon_core.package_identification:_identify(install) ignored
[1.025s] Level 1:colcon.colcon_core.package_identification:_identify(log) by extensions ['ignore', 'ignore_ament_install']
[1.025s] Level 1:colcon.colcon_core.package_identification:_identify(log) by extension 'ignore'
[1.025s] Level 1:colcon.colcon_core.package_identification:_identify(log) ignored
[1.025s] Level 1:colcon.colcon_core.package_identification:_identify(src) by extensions ['ignore', 'ignore_ament_install']
[1.025s] Level 1:colcon.colcon_core.package_identification:_identify(src) by extension 'ignore'
[1.025s] Level 1:colcon.colcon_core.package_identification:_identify(src) by extension 'ignore_ament_install'
[1.025s] Level 1:colcon.colcon_core.package_identification:_identify(src) by extensions ['colcon_pkg']
[1.025s] Level 1:colcon.colcon_core.package_identification:_identify(src) by extension 'colcon_pkg'
[1.025s] Level 1:colcon.colcon_core.package_identification:_identify(src) by extensions ['colcon_meta']
[1.025s] Level 1:colcon.colcon_core.package_identification:_identify(src) by extension 'colcon_meta'
[1.025s] Level 1:colcon.colcon_core.package_identification:_identify(src) by extensions ['ros']
[1.025s] Level 1:colcon.colcon_core.package_identification:_identify(src) by extension 'ros'
[1.025s] Level 1:colcon.colcon_core.package_identification:_identify(src) by extensions ['cmake', 'python']
[1.025s] Level 1:colcon.colcon_core.package_identification:_identify(src) by extension 'cmake'
[1.025s] Level 1:colcon.colcon_core.package_identification:_identify(src) by extension 'python'
[1.025s] Level 1:colcon.colcon_core.package_identification:_identify(src) by extensions ['python_setup_py']
[1.026s] Level 1:colcon.colcon_core.package_identification:_identify(src) by extension 'python_setup_py'
[1.026s] Level 1:colcon.colcon_core.package_identification:_identify(src/offboard_control) by extensions ['ignore', 'ignore_ament_install']
[1.026s] Level 1:colcon.colcon_core.package_identification:_identify(src/offboard_control) by extension 'ignore'
[1.026s] Level 1:colcon.colcon_core.package_identification:_identify(src/offboard_control) by extension 'ignore_ament_install'
[1.026s] Level 1:colcon.colcon_core.package_identification:_identify(src/offboard_control) by extensions ['colcon_pkg']
[1.026s] Level 1:colcon.colcon_core.package_identification:_identify(src/offboard_control) by extension 'colcon_pkg'
[1.026s] Level 1:colcon.colcon_core.package_identification:_identify(src/offboard_control) by extensions ['colcon_meta']
[1.026s] Level 1:colcon.colcon_core.package_identification:_identify(src/offboard_control) by extension 'colcon_meta'
[1.026s] Level 1:colcon.colcon_core.package_identification:_identify(src/offboard_control) by extensions ['ros']
[1.026s] Level 1:colcon.colcon_core.package_identification:_identify(src/offboard_control) by extension 'ros'
[1.038s] DEBUG:colcon.colcon_core.package_identification:Package 'src/offboard_control' with type 'ros.ament_python' and name 'offboard_control'
[1.038s] Level 1:colcon.colcon_core.package_identification:_identify(src/px4_msgs) by extensions ['ignore', 'ignore_ament_install']
[1.038s] Level 1:colcon.colcon_core.package_identification:_identify(src/px4_msgs) by extension 'ignore'
[1.038s] Level 1:colcon.colcon_core.package_identification:_identify(src/px4_msgs) by extension 'ignore_ament_install'
[1.038s] Level 1:colcon.colcon_core.package_identification:_identify(src/px4_msgs) by extensions ['colcon_pkg']
[1.038s] Level 1:colcon.colcon_core.package_identification:_identify(src/px4_msgs) by extension 'colcon_pkg'
[1.038s] Level 1:colcon.colcon_core.package_identification:_identify(src/px4_msgs) by extensions ['colcon_meta']
[1.038s] Level 1:colcon.colcon_core.package_identification:_identify(src/px4_msgs) by extension 'colcon_meta'
[1.038s] Level 1:colcon.colcon_core.package_identification:_identify(src/px4_msgs) by extensions ['ros']
[1.038s] Level 1:colcon.colcon_core.package_identification:_identify(src/px4_msgs) by extension 'ros'
[1.039s] DEBUG:colcon.colcon_core.package_identification:Package 'src/px4_msgs' with type 'ros.ament_cmake' and name 'px4_msgs'
[1.039s] Level 1:colcon.colcon_core.package_discovery:discover_packages(recursive) using defaults
[1.039s] Level 1:colcon.colcon_core.package_discovery:discover_packages(ignore) discover
[1.039s] Level 1:colcon.colcon_core.package_discovery:discover_packages(ignore) using defaults
[1.039s] Level 1:colcon.colcon_core.package_discovery:discover_packages(path) discover
[1.039s] Level 1:colcon.colcon_core.package_discovery:discover_packages(path) using defaults
[1.141s] Level 1:colcon.colcon_core.package_discovery:discover_packages(prefix_path) check parameters
[1.141s] Level 1:colcon.colcon_core.package_discovery:discover_packages(prefix_path) discover
[1.182s] DEBUG:colcon.colcon_installed_package_information.package_discovery:Found 281 installed packages in /opt/ros/iron
[1.183s] Level 1:colcon.colcon_core.package_discovery:discover_packages(prefix_path) using defaults
[1.254s] Level 5:colcon.colcon_core.verb:set package 'offboard_control' build argument 'cmake_args' from command line to 'None'
[1.254s] Level 5:colcon.colcon_core.verb:set package 'offboard_control' build argument 'cmake_target' from command line to 'None'
[1.254s] Level 5:colcon.colcon_core.verb:set package 'offboard_control' build argument 'cmake_target_skip_unavailable' from command line to 'False'
[1.254s] Level 5:colcon.colcon_core.verb:set package 'offboard_control' build argument 'cmake_clean_cache' from command line to 'False'
[1.254s] Level 5:colcon.colcon_core.verb:set package 'offboard_control' build argument 'cmake_clean_first' from command line to 'False'
[1.254s] Level 5:colcon.colcon_core.verb:set package 'offboard_control' build argument 'cmake_force_configure' from command line to 'False'
[1.254s] Level 5:colcon.colcon_core.verb:set package 'offboard_control' build argument 'ament_cmake_args' from command line to 'None'
[1.254s] Level 5:colcon.colcon_core.verb:set package 'offboard_control' build argument 'catkin_cmake_args' from command line to 'None'
[1.254s] Level 5:colcon.colcon_core.verb:set package 'offboard_control' build argument 'catkin_skip_building_tests' from command line to 'False'
[1.254s] DEBUG:colcon.colcon_core.verb:Building package 'offboard_control' with the following arguments: {'ament_cmake_args': None, 'build_base': '/home/jwrig/EGH400-2/build/offboard_control', 'catkin_cmake_args': None, 'catkin_skip_building_tests': False, 'cmake_args': None, 'cmake_clean_cache': False, 'cmake_clean_first': False, 'cmake_force_configure': False, 'cmake_target': None, 'cmake_target_skip_unavailable': False, 'install_base': '/home/jwrig/EGH400-2/install/offboard_control', 'merge_install': False, 'path': '/home/jwrig/EGH400-2/src/offboard_control', 'symlink_install': False, 'test_result_base': None}
[1.267s] Level 5:colcon.colcon_core.verb:set package 'px4_msgs' build argument 'cmake_args' from command line to 'None'
[1.267s] Level 5:colcon.colcon_core.verb:set package 'px4_msgs' build argument 'cmake_target' from command line to 'None'
[1.267s] Level 5:colcon.colcon_core.verb:set package 'px4_msgs' build argument 'cmake_target_skip_unavailable' from command line to 'False'
[1.267s] Level 5:colcon.colcon_core.verb:set package 'px4_msgs' build argument 'cmake_clean_cache' from command line to 'False'
[1.267s] Level 5:colcon.colcon_core.verb:set package 'px4_msgs' build argument 'cmake_clean_first' from command line to 'False'
[1.267s] Level 5:colcon.colcon_core.verb:set package 'px4_msgs' build argument 'cmake_force_configure' from command line to 'False'
[1.267s] Level 5:colcon.colcon_core.verb:set package 'px4_msgs' build argument 'ament_cmake_args' from command line to 'None'
[1.267s] Level 5:colcon.colcon_core.verb:set package 'px4_msgs' build argument 'catkin_cmake_args' from command line to 'None'
[1.267s] Level 5:colcon.colcon_core.verb:set package 'px4_msgs' build argument 'catkin_skip_building_tests' from command line to 'False'
[1.267s] DEBUG:colcon.colcon_core.verb:Building package 'px4_msgs' with the following arguments: {'ament_cmake_args': None, 'build_base': '/home/jwrig/EGH400-2/build/px4_msgs', 'catkin_cmake_args': None, 'catkin_skip_building_tests': False, 'cmake_args': None, 'cmake_clean_cache': False, 'cmake_clean_first': False, 'cmake_force_configure': False, 'cmake_target': None, 'cmake_target_skip_unavailable': False, 'install_base': '/home/jwrig/EGH400-2/install/px4_msgs', 'merge_install': False, 'path': '/home/jwrig/EGH400-2/src/px4_msgs', 'symlink_install': False, 'test_result_base': None}
[1.280s] INFO:colcon.colcon_core.executor:Executing jobs using 'parallel' executor
[1.293s] DEBUG:colcon.colcon_parallel_executor.executor.parallel:run_until_complete
[1.294s] INFO:colcon.colcon_ros.task.ament_python.build:Building ROS package in '/home/jwrig/EGH400-2/src/offboard_control' with build type 'ament_python'
[1.294s] Level 1:colcon.colcon_core.shell:create_environment_hook('offboard_control', 'ament_prefix_path')
[1.309s] INFO:colcon.colcon_core.plugin_system:Skipping extension 'colcon_core.shell.bat': Not used on non-Windows systems
[1.309s] INFO:colcon.colcon_core.shell:Creating environment hook '/home/jwrig/EGH400-2/install/offboard_control/share/offboard_control/hook/ament_prefix_path.ps1'
[1.310s] INFO:colcon.colcon_core.shell:Creating environment descriptor '/home/jwrig/EGH400-2/install/offboard_control/share/offboard_control/hook/ament_prefix_path.dsv'
[1.310s] INFO:colcon.colcon_core.shell:Creating environment hook '/home/jwrig/EGH400-2/install/offboard_control/share/offboard_control/hook/ament_prefix_path.sh'
[1.331s] INFO:colcon.colcon_core.shell:Skip shell extension 'powershell' for command environment: Not usable outside of PowerShell
[1.332s] DEBUG:colcon.colcon_core.shell:Skip shell extension 'dsv' for command environment
[1.360s] INFO:colcon.colcon_ros.task.ament_cmake.build:Building ROS package in '/home/jwrig/EGH400-2/src/px4_msgs' with build type 'ament_cmake'
[1.360s] INFO:colcon.colcon_cmake.task.cmake.build:Building CMake package in '/home/jwrig/EGH400-2/src/px4_msgs'
[1.373s] INFO:colcon.colcon_core.shell:Skip shell extension 'powershell' for command environment: Not usable outside of PowerShell
[1.373s] DEBUG:colcon.colcon_core.shell:Skip shell extension 'dsv' for command environment
[1.573s] INFO:colcon.colcon_core.task.python.build:Building Python package in '/home/jwrig/EGH400-2/src/offboard_control'
[1.588s] INFO:colcon.colcon_core.shell:Skip shell extension 'powershell' for command environment: Not usable outside of PowerShell
[1.588s] DEBUG:colcon.colcon_core.shell:Skip shell extension 'dsv' for command environment
[1.634s] DEBUG:colcon.colcon_core.event_handler.log_command:Invoking command in '/home/jwrig/EGH400-2/build/px4_msgs': CMAKE_PREFIX_PATH=/opt/ros/iron /usr/bin/cmake --build /home/jwrig/EGH400-2/build/px4_msgs -- -j8 -l8
[2.102s] DEBUG:colcon.colcon_core.event_handler.log_command:Invoking command in '/home/jwrig/EGH400-2/src/offboard_control': PYTHONPATH=/home/jwrig/EGH400-2/build/offboard_control/prefix_override:/home/jwrig/EGH400-2/install/offboard_control/lib/python3.10/site-packages:${PYTHONPATH} /usr/bin/python3 setup.py egg_info --egg-base ../../build/offboard_control build --build-base /home/jwrig/EGH400-2/build/offboard_control/build install --record /home/jwrig/EGH400-2/build/offboard_control/install.log --single-version-externally-managed
[2.529s] DEBUG:colcon.colcon_core.event_handler.log_command:Invoked command in '/home/jwrig/EGH400-2/src/offboard_control' returned '0': PYTHONPATH=/home/jwrig/EGH400-2/build/offboard_control/prefix_override:/home/jwrig/EGH400-2/install/offboard_control/lib/python3.10/site-packages:${PYTHONPATH} /usr/bin/python3 setup.py egg_info --egg-base ../../build/offboard_control build --build-base /home/jwrig/EGH400-2/build/offboard_control/build install --record /home/jwrig/EGH400-2/build/offboard_control/install.log --single-version-externally-managed
[2.543s] Level 1:colcon.colcon_core.environment:checking '/home/jwrig/EGH400-2/install/offboard_control' for CMake module files
[2.544s] Level 1:colcon.colcon_core.environment:checking '/home/jwrig/EGH400-2/install/offboard_control' for CMake config files
[2.544s] Level 1:colcon.colcon_core.shell:create_environment_hook('offboard_control', 'cmake_prefix_path')
[2.559s] INFO:colcon.colcon_core.shell:Creating environment hook '/home/jwrig/EGH400-2/install/offboard_control/share/offboard_control/hook/cmake_prefix_path.ps1'
[2.560s] INFO:colcon.colcon_core.shell:Creating environment descriptor '/home/jwrig/EGH400-2/install/offboard_control/share/offboard_control/hook/cmake_prefix_path.dsv'
[2.560s] INFO:colcon.colcon_core.shell:Creating environment hook '/home/jwrig/EGH400-2/install/offboard_control/share/offboard_control/hook/cmake_prefix_path.sh'
[2.561s] Level 1:colcon.colcon_core.environment:checking '/home/jwrig/EGH400-2/install/offboard_control/lib'
[2.561s] Level 1:colcon.colcon_core.environment:checking '/home/jwrig/EGH400-2/install/offboard_control/bin'
[2.561s] Level 1:colcon.colcon_core.environment:checking '/home/jwrig/EGH400-2/install/offboard_control/lib/pkgconfig/offboard_control.pc'
[2.561s] Level 1:colcon.colcon_core.environment:checking '/home/jwrig/EGH400-2/install/offboard_control/lib/python3.10/site-packages'
[2.561s] Level 1:colcon.colcon_core.shell:create_environment_hook('offboard_control', 'pythonpath')
[2.578s] INFO:colcon.colcon_core.shell:Creating environment hook '/home/jwrig/EGH400-2/install/offboard_control/share/offboard_control/hook/pythonpath.ps1'
[2.578s] INFO:colcon.colcon_core.shell:Creating environment descriptor '/home/jwrig/EGH400-2/install/offboard_control/share/offboard_control/hook/pythonpath.dsv'
[2.579s] INFO:colcon.colcon_core.shell:Creating environment hook '/home/jwrig/EGH400-2/install/offboard_control/share/offboard_control/hook/pythonpath.sh'
[2.579s] Level 1:colcon.colcon_core.environment:checking '/home/jwrig/EGH400-2/install/offboard_control/bin'
[2.579s] Level 1:colcon.colcon_core.environment:create_environment_scripts_only(offboard_control)
[2.598s] INFO:colcon.colcon_core.shell:Creating package script '/home/jwrig/EGH400-2/install/offboard_control/share/offboard_control/package.ps1'
[2.599s] INFO:colcon.colcon_core.shell:Creating package descriptor '/home/jwrig/EGH400-2/install/offboard_control/share/offboard_control/package.dsv'
[2.599s] INFO:colcon.colcon_core.shell:Creating package script '/home/jwrig/EGH400-2/install/offboard_control/share/offboard_control/package.sh'
[2.600s] INFO:colcon.colcon_core.shell:Creating package script '/home/jwrig/EGH400-2/install/offboard_control/share/offboard_control/package.bash'
[2.600s] INFO:colcon.colcon_core.shell:Creating package script '/home/jwrig/EGH400-2/install/offboard_control/share/offboard_control/package.zsh'
[2.601s] Level 1:colcon.colcon_core.environment:create_file_with_runtime_dependencies(/home/jwrig/EGH400-2/install/offboard_control/share/colcon-core/packages/offboard_control)
[3.414s] DEBUG:colcon.colcon_core.event_handler.log_command:Invoked command in '/home/jwrig/EGH400-2/build/px4_msgs' returned '0': CMAKE_PREFIX_PATH=/opt/ros/iron /usr/bin/cmake --build /home/jwrig/EGH400-2/build/px4_msgs -- -j8 -l8
[8.518s] DEBUG:colcon.colcon_core.event_handler.log_command:Invoking command in '/home/jwrig/EGH400-2/build/px4_msgs': CMAKE_PREFIX_PATH=/opt/ros/iron /usr/bin/cmake --install /home/jwrig/EGH400-2/build/px4_msgs
[9.028s] Level 1:colcon.colcon_core.environment:create_environment_scripts_only(px4_msgs)
[9.029s] DEBUG:colcon.colcon_core.event_handler.log_command:Invoked command in '/home/jwrig/EGH400-2/build/px4_msgs' returned '0': CMAKE_PREFIX_PATH=/opt/ros/iron /usr/bin/cmake --install /home/jwrig/EGH400-2/build/px4_msgs
[9.042s] Level 1:colcon.colcon_core.environment:checking '/home/jwrig/EGH400-2/install/px4_msgs' for CMake module files
[9.043s] Level 1:colcon.colcon_core.environment:checking '/home/jwrig/EGH400-2/install/px4_msgs' for CMake config files
[9.043s] Level 1:colcon.colcon_core.shell:create_environment_hook('px4_msgs', 'cmake_prefix_path')
[9.056s] INFO:colcon.colcon_core.shell:Creating environment hook '/home/jwrig/EGH400-2/install/px4_msgs/share/px4_msgs/hook/cmake_prefix_path.ps1'
[9.057s] INFO:colcon.colcon_core.shell:Creating environment descriptor '/home/jwrig/EGH400-2/install/px4_msgs/share/px4_msgs/hook/cmake_prefix_path.dsv'
[9.057s] INFO:colcon.colcon_core.shell:Creating environment hook '/home/jwrig/EGH400-2/install/px4_msgs/share/px4_msgs/hook/cmake_prefix_path.sh'
[9.057s] Level 1:colcon.colcon_core.environment:checking '/home/jwrig/EGH400-2/install/px4_msgs/lib'
[9.057s] Level 1:colcon.colcon_core.shell:create_environment_hook('px4_msgs', 'ld_library_path_lib')
[9.071s] INFO:colcon.colcon_core.shell:Creating environment hook '/home/jwrig/EGH400-2/install/px4_msgs/share/px4_msgs/hook/ld_library_path_lib.ps1'
[9.072s] INFO:colcon.colcon_core.shell:Creating environment descriptor '/home/jwrig/EGH400-2/install/px4_msgs/share/px4_msgs/hook/ld_library_path_lib.dsv'
[9.072s] INFO:colcon.colcon_core.shell:Creating environment hook '/home/jwrig/EGH400-2/install/px4_msgs/share/px4_msgs/hook/ld_library_path_lib.sh'
[9.072s] Level 1:colcon.colcon_core.environment:checking '/home/jwrig/EGH400-2/install/px4_msgs/bin'
[9.072s] Level 1:colcon.colcon_core.environment:checking '/home/jwrig/EGH400-2/install/px4_msgs/lib/pkgconfig/px4_msgs.pc'
[9.072s] Level 1:colcon.colcon_core.environment:checking '/home/jwrig/EGH400-2/install/px4_msgs/lib/python3.10/site-packages'
[9.073s] Level 1:colcon.colcon_core.shell:create_environment_hook('px4_msgs', 'pythonpath')
[9.086s] INFO:colcon.colcon_core.shell:Creating environment hook '/home/jwrig/EGH400-2/install/px4_msgs/share/px4_msgs/hook/pythonpath.ps1'
[9.086s] INFO:colcon.colcon_core.shell:Creating environment descriptor '/home/jwrig/EGH400-2/install/px4_msgs/share/px4_msgs/hook/pythonpath.dsv'
[9.086s] INFO:colcon.colcon_core.shell:Creating environment hook '/home/jwrig/EGH400-2/install/px4_msgs/share/px4_msgs/hook/pythonpath.sh'
[9.087s] Level 1:colcon.colcon_core.environment:checking '/home/jwrig/EGH400-2/install/px4_msgs/bin'
[9.100s] INFO:colcon.colcon_core.shell:Creating package script '/home/jwrig/EGH400-2/install/px4_msgs/share/px4_msgs/package.ps1'
[9.100s] INFO:colcon.colcon_core.shell:Creating package descriptor '/home/jwrig/EGH400-2/install/px4_msgs/share/px4_msgs/package.dsv'
[9.100s] INFO:colcon.colcon_core.shell:Creating package script '/home/jwrig/EGH400-2/install/px4_msgs/share/px4_msgs/package.sh'
[9.101s] INFO:colcon.colcon_core.shell:Creating package script '/home/jwrig/EGH400-2/install/px4_msgs/share/px4_msgs/package.bash'
[9.101s] INFO:colcon.colcon_core.shell:Creating package script '/home/jwrig/EGH400-2/install/px4_msgs/share/px4_msgs/package.zsh'
[9.101s] Level 1:colcon.colcon_core.environment:create_file_with_runtime_dependencies(/home/jwrig/EGH400-2/install/px4_msgs/share/colcon-core/packages/px4_msgs)
[14.213s] Level 1:colcon.colcon_core.environment:create_environment_scripts_only(px4_msgs)
[14.226s] Level 1:colcon.colcon_core.environment:checking '/home/jwrig/EGH400-2/install/px4_msgs' for CMake module files
[14.226s] Level 1:colcon.colcon_core.environment:checking '/home/jwrig/EGH400-2/install/px4_msgs' for CMake config files
[14.226s] Level 1:colcon.colcon_core.shell:create_environment_hook('px4_msgs', 'cmake_prefix_path')
[14.239s] INFO:colcon.colcon_core.shell:Creating environment hook '/home/jwrig/EGH400-2/install/px4_msgs/share/px4_msgs/hook/cmake_prefix_path.ps1'
[14.240s] INFO:colcon.colcon_core.shell:Creating environment descriptor '/home/jwrig/EGH400-2/install/px4_msgs/share/px4_msgs/hook/cmake_prefix_path.dsv'
[14.240s] INFO:colcon.colcon_core.shell:Creating environment hook '/home/jwrig/EGH400-2/install/px4_msgs/share/px4_msgs/hook/cmake_prefix_path.sh'
[14.240s] Level 1:colcon.colcon_core.environment:checking '/home/jwrig/EGH400-2/install/px4_msgs/lib'
[14.240s] Level 1:colcon.colcon_core.shell:create_environment_hook('px4_msgs', 'ld_library_path_lib')
[14.254s] INFO:colcon.colcon_core.shell:Creating environment hook '/home/jwrig/EGH400-2/install/px4_msgs/share/px4_msgs/hook/ld_library_path_lib.ps1'
[14.254s] INFO:colcon.colcon_core.shell:Creating environment descriptor '/home/jwrig/EGH400-2/install/px4_msgs/share/px4_msgs/hook/ld_library_path_lib.dsv'
[14.255s] INFO:colcon.colcon_core.shell:Creating environment hook '/home/jwrig/EGH400-2/install/px4_msgs/share/px4_msgs/hook/ld_library_path_lib.sh'
[14.255s] Level 1:colcon.colcon_core.environment:checking '/home/jwrig/EGH400-2/install/px4_msgs/bin'
[14.255s] Level 1:colcon.colcon_core.environment:checking '/home/jwrig/EGH400-2/install/px4_msgs/lib/pkgconfig/px4_msgs.pc'
[14.255s] Level 1:colcon.colcon_core.environment:checking '/home/jwrig/EGH400-2/install/px4_msgs/lib/python3.10/site-packages'
[14.255s] Level 1:colcon.colcon_core.shell:create_environment_hook('px4_msgs', 'pythonpath')
[14.268s] INFO:colcon.colcon_core.shell:Creating environment hook '/home/jwrig/EGH400-2/install/px4_msgs/share/px4_msgs/hook/pythonpath.ps1'
[14.269s] INFO:colcon.colcon_core.shell:Creating environment descriptor '/home/jwrig/EGH400-2/install/px4_msgs/share/px4_msgs/hook/pythonpath.dsv'
[14.269s] INFO:colcon.colcon_core.shell:Creating environment hook '/home/jwrig/EGH400-2/install/px4_msgs/share/px4_msgs/hook/pythonpath.sh'
[14.269s] Level 1:colcon.colcon_core.environment:checking '/home/jwrig/EGH400-2/install/px4_msgs/bin'
[14.282s] INFO:colcon.colcon_core.shell:Creating package script '/home/jwrig/EGH400-2/install/px4_msgs/share/px4_msgs/package.ps1'
[14.283s] INFO:colcon.colcon_core.shell:Creating package descriptor '/home/jwrig/EGH400-2/install/px4_msgs/share/px4_msgs/package.dsv'
[14.283s] INFO:colcon.colcon_core.shell:Creating package script '/home/jwrig/EGH400-2/install/px4_msgs/share/px4_msgs/package.sh'
[14.283s] INFO:colcon.colcon_core.shell:Creating package script '/home/jwrig/EGH400-2/install/px4_msgs/share/px4_msgs/package.bash'
[14.284s] INFO:colcon.colcon_core.shell:Creating package script '/home/jwrig/EGH400-2/install/px4_msgs/share/px4_msgs/package.zsh'
[14.284s] Level 1:colcon.colcon_core.environment:create_file_with_runtime_dependencies(/home/jwrig/EGH400-2/install/px4_msgs/share/colcon-core/packages/px4_msgs)
[14.285s] DEBUG:colcon.colcon_parallel_executor.executor.parallel:closing loop
[14.285s] DEBUG:colcon.colcon_parallel_executor.executor.parallel:loop closed
[14.285s] DEBUG:colcon.colcon_parallel_executor.executor.parallel:run_until_complete finished with '0'
[14.285s] DEBUG:colcon.colcon_core.event_reactor:joining thread
[14.302s] INFO:colcon.colcon_core.plugin_system:Skipping extension 'colcon_notification.desktop_notification.terminal_notifier': Not used on non-Darwin systems
[14.302s] INFO:colcon.colcon_core.plugin_system:Skipping extension 'colcon_notification.desktop_notification.win32': Not used on non-Windows systems
[14.302s] INFO:colcon.colcon_notification.desktop_notification:Sending desktop notification using 'notify2'
[14.315s] DEBUG:colcon.colcon_core.event_reactor:joined thread
[14.328s] INFO:colcon.colcon_core.shell:Creating prefix script '/home/jwrig/EGH400-2/install/local_setup.ps1'
[14.329s] INFO:colcon.colcon_core.shell:Creating prefix util module '/home/jwrig/EGH400-2/install/_local_setup_util_ps1.py'
[14.330s] INFO:colcon.colcon_core.shell:Creating prefix chain script '/home/jwrig/EGH400-2/install/setup.ps1'
[14.345s] INFO:colcon.colcon_core.shell:Creating prefix script '/home/jwrig/EGH400-2/install/local_setup.sh'
[14.346s] INFO:colcon.colcon_core.shell:Creating prefix util module '/home/jwrig/EGH400-2/install/_local_setup_util_sh.py'
[14.346s] INFO:colcon.colcon_core.shell:Creating prefix chain script '/home/jwrig/EGH400-2/install/setup.sh'
[14.360s] INFO:colcon.colcon_core.shell:Creating prefix script '/home/jwrig/EGH400-2/install/local_setup.bash'
[14.361s] INFO:colcon.colcon_core.shell:Creating prefix chain script '/home/jwrig/EGH400-2/install/setup.bash'
[14.377s] INFO:colcon.colcon_core.shell:Creating prefix script '/home/jwrig/EGH400-2/install/local_setup.zsh'
[14.377s] INFO:colcon.colcon_core.shell:Creating prefix chain script '/home/jwrig/EGH400-2/install/setup.zsh'
