[0.515s] Invoking command in '/home/jwrig/EGH400-2/build/px4_ros_com': CMAKE_PREFIX_PATH=/home/jwrig/EGH400-2/install/px4_msgs:/home/jwrig/EGH400-2/install/px4_ros_com:/home/jwrig/EGH400-2/install/offboard_control:/opt/ros/iron LD_LIBRARY_PATH=/home/jwrig/EGH400-2/install/px4_msgs/lib:/home/jwrig/EGH400-2/install/px4_ros_com/lib:/opt/ros/iron/opt/rviz_ogre_vendor/lib:/opt/ros/iron/lib/x86_64-linux-gnu:/opt/ros/iron/lib PYTHONPATH=/home/jwrig/EGH400-2/install/px4_msgs/lib/python3.10/site-packages:/home/jwrig/EGH400-2/install/offboard_control/lib/python3.10/site-packages:/opt/ros/iron/lib/python3.10/site-packages /usr/bin/cmake --build /home/jwrig/EGH400-2/build/px4_ros_com -- -j8 -l8
[0.581s] -- Found ament_cmake: 2.0.3 (/opt/ros/iron/share/ament_cmake/cmake)
[0.731s] -- Found builtin_interfaces: 1.6.0 (/opt/ros/iron/share/builtin_interfaces/cmake)
[0.756s] -- Found rosidl_generator_c: 4.0.1 (/opt/ros/iron/share/rosidl_generator_c/cmake)
[0.766s] -- Found rosidl_generator_cpp: 4.0.1 (/opt/ros/iron/share/rosidl_generator_cpp/cmake)
[0.778s] -- Using all available rosidl_typesupport_c: rosidl_typesupport_fastrtps_c;rosidl_typesupport_introspection_c
[0.794s] -- Using all available rosidl_typesupport_cpp: rosidl_typesupport_fastrtps_cpp;rosidl_typesupport_introspection_cpp
[0.809s] -- Found eigen3_cmake_module: 0.2.2 (/opt/ros/iron/share/eigen3_cmake_module/cmake)
[0.827s] -- Found geometry_msgs: 5.0.0 (/opt/ros/iron/share/geometry_msgs/cmake)
[0.913s] -- Found px4_msgs: 2.0.1 (/home/jwrig/EGH400-2/install/px4_msgs/share/px4_msgs/cmake)
[0.951s] -- Found rclcpp: 21.0.3 (/opt/ros/iron/share/rclcpp/cmake)
[1.147s] -- Found rmw_implementation_cmake: 7.1.0 (/opt/ros/iron/share/rmw_implementation_cmake/cmake)
[1.152s] -- Found rmw_fastrtps_cpp: 7.1.1 (/opt/ros/iron/share/rmw_fastrtps_cpp/cmake)
[1.372s] -- Using RMW implementation 'rmw_fastrtps_cpp' as default
[1.576s] -- Found sensor_msgs: 5.0.0 (/opt/ros/iron/share/sensor_msgs/cmake)
[1.684s] -- Found ament_lint_auto: 0.14.2 (/opt/ros/iron/share/ament_lint_auto/cmake)
[1.755s] -- Added test 'copyright' to check source files copyright and LICENSE
[1.761s] -- Added test 'cppcheck' to perform static code analysis on C / C++ code
[1.761s] -- Configured cppcheck include dirs: /home/jwrig/EGH400-2/src/px4_ros_com/include;$<BUILD_INTERFACE:/home/jwrig/EGH400-2/src/px4_ros_com/include/px4_ros_com>
[1.762s] -- Configured cppcheck exclude dirs and/or files: 
[1.768s] -- Added test 'cpplint' to check C / C++ code against the Google style
[1.768s] -- Configured cpplint exclude dirs and/or files: 
[1.769s] -- Added test 'flake8' to check Python code syntax and style conventions
[1.769s] -- Configured 'flake8' exclude dirs and/or files: 
[1.771s] -- Added test 'lint_cmake' to check CMake code style
[1.773s] -- Added test 'pep257' to check Python code against some of the docstring style conventions in PEP 257
[1.787s] -- Added test 'uncrustify' to check C / C++ code style
[1.787s] -- Configured uncrustify additional arguments: 
[1.789s] -- Added test 'xmllint' to check XML markup files
[1.792s] -- Configuring done
[1.822s] -- Generating done
[1.825s] -- Build files have been written to: /home/jwrig/EGH400-2/build/px4_ros_com
[1.860s] [35m[1mConsolidate compiler generated dependencies of target frame_transforms[0m
[1.860s] [35m[1mConsolidate compiler generated dependencies of target offboard_control[0m
[1.860s] [35m[1mConsolidate compiler generated dependencies of target debug_vect_advertiser[0m
[1.866s] [35m[1mConsolidate compiler generated dependencies of target sensor_combined_listener[0m
[1.867s] [35m[1mConsolidate compiler generated dependencies of target vehicle_gps_position_listener[0m
[1.887s] [ 10%] [32mBuilding CXX object CMakeFiles/frame_transforms.dir/src/lib/frame_transforms.cpp.o[0m
[1.887s] [ 20%] [32mBuilding CXX object CMakeFiles/offboard_control.dir/src/examples/offboard/offboard_control.cpp.o[0m
[1.898s] [ 30%] [32mBuilding CXX object CMakeFiles/vehicle_gps_position_listener.dir/src/examples/listeners/vehicle_gps_position_listener.cpp.o[0m
[1.899s] [ 40%] [32mBuilding CXX object CMakeFiles/debug_vect_advertiser.dir/src/examples/advertisers/debug_vect_advertiser.cpp.o[0m
[1.901s] [ 50%] [32mBuilding CXX object CMakeFiles/sensor_combined_listener.dir/src/examples/listeners/sensor_combined_listener.cpp.o[0m
[12.729s] [100%] [32m[1mLinking CXX shared library libframe_transforms.so[0m
[12.903s] [100%] [32m[1mLinking CXX executable debug_vect_advertiser[0m
[12.903s] [100%] [32m[1mLinking CXX executable offboard_control[0m
[12.903s] [100%] [32m[1mLinking CXX executable sensor_combined_listener[0m
[12.903s] [100%] [32m[1mLinking CXX executable vehicle_gps_position_listener[0m
[13.403s] [100%] Built target frame_transforms
[13.483s] [100%] Built target debug_vect_advertiser
[13.498s] [100%] Built target offboard_control
[13.592s] [100%] Built target vehicle_gps_position_listener
[13.600s] [100%] Built target sensor_combined_listener
[14.363s] Invoked command in '/home/jwrig/EGH400-2/build/px4_ros_com' returned '0': CMAKE_PREFIX_PATH=/home/jwrig/EGH400-2/install/px4_msgs:/home/jwrig/EGH400-2/install/px4_ros_com:/home/jwrig/EGH400-2/install/offboard_control:/opt/ros/iron LD_LIBRARY_PATH=/home/jwrig/EGH400-2/install/px4_msgs/lib:/home/jwrig/EGH400-2/install/px4_ros_com/lib:/opt/ros/iron/opt/rviz_ogre_vendor/lib:/opt/ros/iron/lib/x86_64-linux-gnu:/opt/ros/iron/lib PYTHONPATH=/home/jwrig/EGH400-2/install/px4_msgs/lib/python3.10/site-packages:/home/jwrig/EGH400-2/install/offboard_control/lib/python3.10/site-packages:/opt/ros/iron/lib/python3.10/site-packages /usr/bin/cmake --build /home/jwrig/EGH400-2/build/px4_ros_com -- -j8 -l8
[14.936s] Invoking command in '/home/jwrig/EGH400-2/build/px4_ros_com': CMAKE_PREFIX_PATH=/home/jwrig/EGH400-2/install/px4_msgs:/home/jwrig/EGH400-2/install/px4_ros_com:/home/jwrig/EGH400-2/install/offboard_control:/opt/ros/iron LD_LIBRARY_PATH=/home/jwrig/EGH400-2/install/px4_msgs/lib:/home/jwrig/EGH400-2/install/px4_ros_com/lib:/opt/ros/iron/opt/rviz_ogre_vendor/lib:/opt/ros/iron/lib/x86_64-linux-gnu:/opt/ros/iron/lib PYTHONPATH=/home/jwrig/EGH400-2/install/px4_msgs/lib/python3.10/site-packages:/home/jwrig/EGH400-2/install/offboard_control/lib/python3.10/site-packages:/opt/ros/iron/lib/python3.10/site-packages /usr/bin/cmake --install /home/jwrig/EGH400-2/build/px4_ros_com
[14.943s] -- Install configuration: ""
[14.943s] -- Installing: /home/jwrig/EGH400-2/install/px4_ros_com/lib/px4_ros_com/sensor_combined_listener
[14.943s] -- Set runtime path of "/home/jwrig/EGH400-2/install/px4_ros_com/lib/px4_ros_com/sensor_combined_listener" to ""
[14.943s] -- Installing: /home/jwrig/EGH400-2/install/px4_ros_com/lib/px4_ros_com/vehicle_gps_position_listener
[14.949s] -- Set runtime path of "/home/jwrig/EGH400-2/install/px4_ros_com/lib/px4_ros_com/vehicle_gps_position_listener" to ""
[14.949s] -- Installing: /home/jwrig/EGH400-2/install/px4_ros_com/lib/px4_ros_com/debug_vect_advertiser
[14.949s] -- Set runtime path of "/home/jwrig/EGH400-2/install/px4_ros_com/lib/px4_ros_com/debug_vect_advertiser" to ""
[14.955s] -- Installing: /home/jwrig/EGH400-2/install/px4_ros_com/lib/px4_ros_com/offboard_control
[14.957s] -- Set runtime path of "/home/jwrig/EGH400-2/install/px4_ros_com/lib/px4_ros_com/offboard_control" to ""
[14.970s] -- Up-to-date: /home/jwrig/EGH400-2/install/px4_ros_com/share/px4_ros_com/environment/library_path.sh
[14.987s] -- Up-to-date: /home/jwrig/EGH400-2/install/px4_ros_com/share/px4_ros_com/environment/library_path.dsv
[14.995s] -- Up-to-date: /home/jwrig/EGH400-2/install/px4_ros_com/include/px4_ros_com
[14.995s] -- Installing: /home/jwrig/EGH400-2/install/px4_ros_com/include/px4_ros_com/frame_transforms.h
[15.028s] -- Installing: /home/jwrig/EGH400-2/install/px4_ros_com/lib/libframe_transforms.so
[15.035s] -- Set runtime path of "/home/jwrig/EGH400-2/install/px4_ros_com/lib/libframe_transforms.so" to ""
[15.035s] -- Up-to-date: /home/jwrig/EGH400-2/install/px4_ros_com/share/px4_ros_com//launch
[15.035s] -- Installing: /home/jwrig/EGH400-2/install/px4_ros_com/share/px4_ros_com//launch/offboard_control_launch.yaml
[15.053s] -- Installing: /home/jwrig/EGH400-2/install/px4_ros_com/share/px4_ros_com//launch/sensor_combined_listener.launch.py
[15.061s] -- Up-to-date: /home/jwrig/EGH400-2/install/px4_ros_com/share/px4_ros_com//test
[15.062s] -- Installing: /home/jwrig/EGH400-2/install/px4_ros_com/share/px4_ros_com//test/test_input.py
[15.062s] -- Installing: /home/jwrig/EGH400-2/install/px4_ros_com/share/px4_ros_com//test/test_output.py
[15.063s] -- Installing: /home/jwrig/EGH400-2/install/px4_ros_com/share/px4_ros_com//test/pipeline_io_test.py
[15.063s] -- Installing: /home/jwrig/EGH400-2/install/px4_ros_com/share/px4_ros_com//test/__init__.py
[15.113s] -- Up-to-date: /home/jwrig/EGH400-2/install/px4_ros_com/share/ament_index/resource_index/package_run_dependencies/px4_ros_com
[15.113s] -- Installing: /home/jwrig/EGH400-2/install/px4_ros_com/share/ament_index/resource_index/parent_prefix_path/px4_ros_com
[15.163s] -- Up-to-date: /home/jwrig/EGH400-2/install/px4_ros_com/share/px4_ros_com/environment/ament_prefix_path.sh
[15.163s] -- Up-to-date: /home/jwrig/EGH400-2/install/px4_ros_com/share/px4_ros_com/environment/ament_prefix_path.dsv
[15.163s] -- Up-to-date: /home/jwrig/EGH400-2/install/px4_ros_com/share/px4_ros_com/environment/path.sh
[15.163s] -- Up-to-date: /home/jwrig/EGH400-2/install/px4_ros_com/share/px4_ros_com/environment/path.dsv
[15.164s] -- Up-to-date: /home/jwrig/EGH400-2/install/px4_ros_com/share/px4_ros_com/local_setup.bash
[15.164s] -- Up-to-date: /home/jwrig/EGH400-2/install/px4_ros_com/share/px4_ros_com/local_setup.sh
[15.164s] -- Up-to-date: /home/jwrig/EGH400-2/install/px4_ros_com/share/px4_ros_com/local_setup.zsh
[15.164s] -- Up-to-date: /home/jwrig/EGH400-2/install/px4_ros_com/share/px4_ros_com/local_setup.dsv
[15.164s] -- Installing: /home/jwrig/EGH400-2/install/px4_ros_com/share/px4_ros_com/package.dsv
[15.164s] -- Up-to-date: /home/jwrig/EGH400-2/install/px4_ros_com/share/ament_index/resource_index/packages/px4_ros_com
[15.196s] -- Up-to-date: /home/jwrig/EGH400-2/install/px4_ros_com/share/px4_ros_com/cmake/export_frame_transformsExport.cmake
[15.196s] -- Up-to-date: /home/jwrig/EGH400-2/install/px4_ros_com/share/px4_ros_com/cmake/export_frame_transformsExport-noconfig.cmake
[15.196s] -- Up-to-date: /home/jwrig/EGH400-2/install/px4_ros_com/share/px4_ros_com/cmake/ament_cmake_export_dependencies-extras.cmake
[15.203s] -- Up-to-date: /home/jwrig/EGH400-2/install/px4_ros_com/share/px4_ros_com/cmake/ament_cmake_export_targets-extras.cmake
[15.204s] -- Up-to-date: /home/jwrig/EGH400-2/install/px4_ros_com/share/px4_ros_com/cmake/ament_cmake_export_include_directories-extras.cmake
[15.204s] -- Up-to-date: /home/jwrig/EGH400-2/install/px4_ros_com/share/px4_ros_com/cmake/ament_cmake_export_libraries-extras.cmake
[15.205s] -- Up-to-date: /home/jwrig/EGH400-2/install/px4_ros_com/share/px4_ros_com/cmake/px4_ros_comConfig.cmake
[15.205s] -- Up-to-date: /home/jwrig/EGH400-2/install/px4_ros_com/share/px4_ros_com/cmake/px4_ros_comConfig-version.cmake
[15.205s] -- Installing: /home/jwrig/EGH400-2/install/px4_ros_com/share/px4_ros_com/package.xml
[15.250s] Invoked command in '/home/jwrig/EGH400-2/build/px4_ros_com' returned '0': CMAKE_PREFIX_PATH=/home/jwrig/EGH400-2/install/px4_msgs:/home/jwrig/EGH400-2/install/px4_ros_com:/home/jwrig/EGH400-2/install/offboard_control:/opt/ros/iron LD_LIBRARY_PATH=/home/jwrig/EGH400-2/install/px4_msgs/lib:/home/jwrig/EGH400-2/install/px4_ros_com/lib:/opt/ros/iron/opt/rviz_ogre_vendor/lib:/opt/ros/iron/lib/x86_64-linux-gnu:/opt/ros/iron/lib PYTHONPATH=/home/jwrig/EGH400-2/install/px4_msgs/lib/python3.10/site-packages:/home/jwrig/EGH400-2/install/offboard_control/lib/python3.10/site-packages:/opt/ros/iron/lib/python3.10/site-packages /usr/bin/cmake --install /home/jwrig/EGH400-2/build/px4_ros_com
