[3.597s] DEBUG:colcon:Command line arguments: ['/usr/bin/colcon', 'build', '--packages-select', 'offboard_control']
[3.597s] DEBUG:colcon:Parsed command line arguments: Namespace(log_base=None, log_level=None, verb_name='build', build_base='build', install_base='install', merge_install=False, symlink_install=False, test_result_base=None, continue_on_error=False, executor='parallel', parallel_workers=8, event_handlers=None, ignore_user_meta=False, metas=['./colcon.meta'], base_paths=['.'], packages_ignore=None, packages_ignore_regex=None, paths=None, packages_up_to=None, packages_up_to_regex=None, packages_above=None, packages_above_and_dependencies=None, packages_above_depth=None, packages_select_by_dep=None, packages_skip_by_dep=None, packages_skip_up_to=None, packages_select_build_failed=False, packages_skip_build_finished=False, packages_select_test_failures=False, packages_skip_test_passed=False, packages_select=['offboard_control'], packages_skip=None, packages_select_regex=None, packages_skip_regex=None, packages_start=None, packages_end=None, allow_overriding=[], cmake_args=None, cmake_target=None, cmake_target_skip_unavailable=False, cmake_clean_cache=False, cmake_clean_first=False, cmake_force_configure=False, ament_cmake_args=None, catkin_cmake_args=None, catkin_skip_building_tests=False, verb_parser=<colcon_defaults.argument_parser.defaults.DefaultArgumentsDecorator object at 0x7fd5c6dc09a0>, verb_extension=<colcon_core.verb.build.BuildVerb object at 0x7fd5c6dc0490>, main=<bound method BuildVerb.main of <colcon_core.verb.build.BuildVerb object at 0x7fd5c6dc0490>>)
[3.800s] Level 1:colcon.colcon_core.package_discovery:discover_packages(colcon_meta) check parameters
[3.801s] Level 1:colcon.colcon_core.package_discovery:discover_packages(recursive) check parameters
[3.801s] Level 1:colcon.colcon_core.package_discovery:discover_packages(ignore) check parameters
[3.801s] Level 1:colcon.colcon_core.package_discovery:discover_packages(path) check parameters
[3.801s] Level 1:colcon.colcon_core.package_discovery:discover_packages(colcon_meta) discover
[3.801s] Level 1:colcon.colcon_core.package_discovery:discover_packages(recursive) discover
[3.801s] INFO:colcon.colcon_core.package_discovery:Crawling recursively for packages in '/home/jwrig/EGH400-2'
[3.801s] Level 1:colcon.colcon_core.package_identification:_identify(.) by extensions ['ignore', 'ignore_ament_install']
[3.801s] Level 1:colcon.colcon_core.package_identification:_identify(.) by extension 'ignore'
[3.801s] Level 1:colcon.colcon_core.package_identification:_identify(.) by extension 'ignore_ament_install'
[3.801s] Level 1:colcon.colcon_core.package_identification:_identify(.) by extensions ['colcon_pkg']
[3.801s] Level 1:colcon.colcon_core.package_identification:_identify(.) by extension 'colcon_pkg'
[3.801s] Level 1:colcon.colcon_core.package_identification:_identify(.) by extensions ['colcon_meta']
[3.801s] Level 1:colcon.colcon_core.package_identification:_identify(.) by extension 'colcon_meta'
[3.801s] Level 1:colcon.colcon_core.package_identification:_identify(.) by extensions ['ros']
[3.801s] Level 1:colcon.colcon_core.package_identification:_identify(.) by extension 'ros'
[3.853s] Level 1:colcon.colcon_core.package_identification:_identify(.) by extensions ['cmake', 'python']
[3.853s] Level 1:colcon.colcon_core.package_identification:_identify(.) by extension 'cmake'
[3.853s] Level 1:colcon.colcon_core.package_identification:_identify(.) by extension 'python'
[3.853s] Level 1:colcon.colcon_core.package_identification:_identify(.) by extensions ['python_setup_py']
[3.853s] Level 1:colcon.colcon_core.package_identification:_identify(.) by extension 'python_setup_py'
[3.853s] Level 1:colcon.colcon_core.package_identification:_identify(build) by extensions ['ignore', 'ignore_ament_install']
[3.854s] Level 1:colcon.colcon_core.package_identification:_identify(build) by extension 'ignore'
[3.854s] Level 1:colcon.colcon_core.package_identification:_identify(build) ignored
[3.854s] Level 1:colcon.colcon_core.package_identification:_identify(install) by extensions ['ignore', 'ignore_ament_install']
[3.854s] Level 1:colcon.colcon_core.package_identification:_identify(install) by extension 'ignore'
[3.854s] Level 1:colcon.colcon_core.package_identification:_identify(install) ignored
[3.854s] Level 1:colcon.colcon_core.package_identification:_identify(log) by extensions ['ignore', 'ignore_ament_install']
[3.854s] Level 1:colcon.colcon_core.package_identification:_identify(log) by extension 'ignore'
[3.854s] Level 1:colcon.colcon_core.package_identification:_identify(log) ignored
[3.854s] Level 1:colcon.colcon_core.package_identification:_identify(src) by extensions ['ignore', 'ignore_ament_install']
[3.854s] Level 1:colcon.colcon_core.package_identification:_identify(src) by extension 'ignore'
[3.854s] Level 1:colcon.colcon_core.package_identification:_identify(src) by extension 'ignore_ament_install'
[3.854s] Level 1:colcon.colcon_core.package_identification:_identify(src) by extensions ['colcon_pkg']
[3.854s] Level 1:colcon.colcon_core.package_identification:_identify(src) by extension 'colcon_pkg'
[3.854s] Level 1:colcon.colcon_core.package_identification:_identify(src) by extensions ['colcon_meta']
[3.854s] Level 1:colcon.colcon_core.package_identification:_identify(src) by extension 'colcon_meta'
[3.854s] Level 1:colcon.colcon_core.package_identification:_identify(src) by extensions ['ros']
[3.855s] Level 1:colcon.colcon_core.package_identification:_identify(src) by extension 'ros'
[3.855s] Level 1:colcon.colcon_core.package_identification:_identify(src) by extensions ['cmake', 'python']
[3.855s] Level 1:colcon.colcon_core.package_identification:_identify(src) by extension 'cmake'
[3.855s] Level 1:colcon.colcon_core.package_identification:_identify(src) by extension 'python'
[3.855s] Level 1:colcon.colcon_core.package_identification:_identify(src) by extensions ['python_setup_py']
[3.855s] Level 1:colcon.colcon_core.package_identification:_identify(src) by extension 'python_setup_py'
[3.855s] Level 1:colcon.colcon_core.package_identification:_identify(src/offboard_control) by extensions ['ignore', 'ignore_ament_install']
[3.855s] Level 1:colcon.colcon_core.package_identification:_identify(src/offboard_control) by extension 'ignore'
[3.855s] Level 1:colcon.colcon_core.package_identification:_identify(src/offboard_control) by extension 'ignore_ament_install'
[3.855s] Level 1:colcon.colcon_core.package_identification:_identify(src/offboard_control) by extensions ['colcon_pkg']
[3.855s] Level 1:colcon.colcon_core.package_identification:_identify(src/offboard_control) by extension 'colcon_pkg'
[3.855s] Level 1:colcon.colcon_core.package_identification:_identify(src/offboard_control) by extensions ['colcon_meta']
[3.855s] Level 1:colcon.colcon_core.package_identification:_identify(src/offboard_control) by extension 'colcon_meta'
[3.855s] Level 1:colcon.colcon_core.package_identification:_identify(src/offboard_control) by extensions ['ros']
[3.855s] Level 1:colcon.colcon_core.package_identification:_identify(src/offboard_control) by extension 'ros'
[3.874s] DEBUG:colcon.colcon_core.package_identification:Package 'src/offboard_control' with type 'ros.ament_python' and name 'offboard_control'
[3.874s] Level 1:colcon.colcon_core.package_identification:_identify(src/px4_msgs) by extensions ['ignore', 'ignore_ament_install']
[3.874s] Level 1:colcon.colcon_core.package_identification:_identify(src/px4_msgs) by extension 'ignore'
[3.874s] Level 1:colcon.colcon_core.package_identification:_identify(src/px4_msgs) by extension 'ignore_ament_install'
[3.874s] Level 1:colcon.colcon_core.package_identification:_identify(src/px4_msgs) by extensions ['colcon_pkg']
[3.874s] Level 1:colcon.colcon_core.package_identification:_identify(src/px4_msgs) by extension 'colcon_pkg'
[3.874s] Level 1:colcon.colcon_core.package_identification:_identify(src/px4_msgs) by extensions ['colcon_meta']
[3.874s] Level 1:colcon.colcon_core.package_identification:_identify(src/px4_msgs) by extension 'colcon_meta'
[3.874s] Level 1:colcon.colcon_core.package_identification:_identify(src/px4_msgs) by extensions ['ros']
[3.874s] Level 1:colcon.colcon_core.package_identification:_identify(src/px4_msgs) by extension 'ros'
[3.887s] DEBUG:colcon.colcon_core.package_identification:Package 'src/px4_msgs' with type 'ros.ament_cmake' and name 'px4_msgs'
[3.887s] Level 1:colcon.colcon_core.package_identification:_identify(src/px4_ros_com) by extensions ['ignore', 'ignore_ament_install']
[3.888s] Level 1:colcon.colcon_core.package_identification:_identify(src/px4_ros_com) by extension 'ignore'
[3.888s] Level 1:colcon.colcon_core.package_identification:_identify(src/px4_ros_com) by extension 'ignore_ament_install'
[3.888s] Level 1:colcon.colcon_core.package_identification:_identify(src/px4_ros_com) by extensions ['colcon_pkg']
[3.888s] Level 1:colcon.colcon_core.package_identification:_identify(src/px4_ros_com) by extension 'colcon_pkg'
[3.888s] Level 1:colcon.colcon_core.package_identification:_identify(src/px4_ros_com) by extensions ['colcon_meta']
[3.888s] Level 1:colcon.colcon_core.package_identification:_identify(src/px4_ros_com) by extension 'colcon_meta'
[3.888s] Level 1:colcon.colcon_core.package_identification:_identify(src/px4_ros_com) by extensions ['ros']
[3.888s] Level 1:colcon.colcon_core.package_identification:_identify(src/px4_ros_com) by extension 'ros'
[3.889s] DEBUG:colcon.colcon_core.package_identification:Package 'src/px4_ros_com' with type 'ros.ament_cmake' and name 'px4_ros_com'
[3.889s] Level 1:colcon.colcon_core.package_discovery:discover_packages(recursive) using defaults
[3.889s] Level 1:colcon.colcon_core.package_discovery:discover_packages(ignore) discover
[3.889s] Level 1:colcon.colcon_core.package_discovery:discover_packages(ignore) using defaults
[3.889s] Level 1:colcon.colcon_core.package_discovery:discover_packages(path) discover
[3.889s] Level 1:colcon.colcon_core.package_discovery:discover_packages(path) using defaults
[4.018s] INFO:colcon.colcon_core.package_selection:Skipping not selected package 'px4_msgs' in 'src/px4_msgs'
[4.018s] INFO:colcon.colcon_core.package_selection:Skipping not selected package 'px4_ros_com' in 'src/px4_ros_com'
[4.046s] Level 1:colcon.colcon_core.package_discovery:discover_packages(prefix_path) check parameters
[4.046s] Level 1:colcon.colcon_core.package_discovery:discover_packages(prefix_path) discover
[4.079s] DEBUG:colcon.colcon_installed_package_information.package_discovery:Found 4 installed packages in /home/jwrig/EGH400-2/install
[4.095s] DEBUG:colcon.colcon_installed_package_information.package_discovery:Found 281 installed packages in /opt/ros/iron
[4.096s] Level 1:colcon.colcon_core.package_discovery:discover_packages(prefix_path) using defaults
[4.161s] Level 5:colcon.colcon_core.verb:set package 'offboard_control' build argument 'cmake_args' from command line to 'None'
[4.161s] Level 5:colcon.colcon_core.verb:set package 'offboard_control' build argument 'cmake_target' from command line to 'None'
[4.161s] Level 5:colcon.colcon_core.verb:set package 'offboard_control' build argument 'cmake_target_skip_unavailable' from command line to 'False'
[4.161s] Level 5:colcon.colcon_core.verb:set package 'offboard_control' build argument 'cmake_clean_cache' from command line to 'False'
[4.162s] Level 5:colcon.colcon_core.verb:set package 'offboard_control' build argument 'cmake_clean_first' from command line to 'False'
[4.162s] Level 5:colcon.colcon_core.verb:set package 'offboard_control' build argument 'cmake_force_configure' from command line to 'False'
[4.162s] Level 5:colcon.colcon_core.verb:set package 'offboard_control' build argument 'ament_cmake_args' from command line to 'None'
[4.162s] Level 5:colcon.colcon_core.verb:set package 'offboard_control' build argument 'catkin_cmake_args' from command line to 'None'
[4.162s] Level 5:colcon.colcon_core.verb:set package 'offboard_control' build argument 'catkin_skip_building_tests' from command line to 'False'
[4.162s] DEBUG:colcon.colcon_core.verb:Building package 'offboard_control' with the following arguments: {'ament_cmake_args': None, 'build_base': '/home/jwrig/EGH400-2/build/offboard_control', 'catkin_cmake_args': None, 'catkin_skip_building_tests': False, 'cmake_args': None, 'cmake_clean_cache': False, 'cmake_clean_first': False, 'cmake_force_configure': False, 'cmake_target': None, 'cmake_target_skip_unavailable': False, 'install_base': '/home/jwrig/EGH400-2/install/offboard_control', 'merge_install': False, 'path': '/home/jwrig/EGH400-2/src/offboard_control', 'symlink_install': False, 'test_result_base': None}
[4.176s] INFO:colcon.colcon_core.executor:Executing jobs using 'parallel' executor
[4.191s] DEBUG:colcon.colcon_parallel_executor.executor.parallel:run_until_complete
[4.192s] INFO:colcon.colcon_ros.task.ament_python.build:Building ROS package in '/home/jwrig/EGH400-2/src/offboard_control' with build type 'ament_python'
[4.192s] Level 1:colcon.colcon_core.shell:create_environment_hook('offboard_control', 'ament_prefix_path')
[4.226s] INFO:colcon.colcon_core.plugin_system:Skipping extension 'colcon_core.shell.bat': Not used on non-Windows systems
[4.226s] INFO:colcon.colcon_core.shell:Creating environment hook '/home/jwrig/EGH400-2/install/offboard_control/share/offboard_control/hook/ament_prefix_path.ps1'
[4.227s] INFO:colcon.colcon_core.shell:Creating environment descriptor '/home/jwrig/EGH400-2/install/offboard_control/share/offboard_control/hook/ament_prefix_path.dsv'
[4.228s] INFO:colcon.colcon_core.shell:Creating environment hook '/home/jwrig/EGH400-2/install/offboard_control/share/offboard_control/hook/ament_prefix_path.sh'
[4.254s] INFO:colcon.colcon_core.shell:Skip shell extension 'powershell' for command environment: Not usable outside of PowerShell
[4.254s] DEBUG:colcon.colcon_core.shell:Skip shell extension 'dsv' for command environment
[4.537s] INFO:colcon.colcon_core.task.python.build:Building Python package in '/home/jwrig/EGH400-2/src/offboard_control'
[4.552s] INFO:colcon.colcon_core.shell:Skip shell extension 'powershell' for command environment: Not usable outside of PowerShell
[4.552s] DEBUG:colcon.colcon_core.shell:Skip shell extension 'dsv' for command environment
[5.301s] DEBUG:colcon.colcon_core.event_handler.log_command:Invoking command in '/home/jwrig/EGH400-2/src/offboard_control': CMAKE_PREFIX_PATH=/home/jwrig/EGH400-2/install/px4_msgs:/home/jwrig/EGH400-2/install/px4_ros_com:/home/jwrig/EGH400-2/install/offboard_control LD_LIBRARY_PATH=/home/jwrig/EGH400-2/install/px4_msgs/lib:/home/jwrig/EGH400-2/install/px4_ros_com/lib:/opt/ros/iron/opt/rviz_ogre_vendor/lib:/opt/ros/iron/lib/x86_64-linux-gnu:/opt/ros/iron/lib PYTHONPATH=/home/jwrig/EGH400-2/build/offboard_control/prefix_override:/home/jwrig/EGH400-2/install/offboard_control/lib/python3.10/site-packages:/home/jwrig/EGH400-2/install/px4_msgs/lib/python3.10/site-packages:/home/jwrig/EGH400-2/install/control_demo/lib/python3.10/site-packages:/home/jwrig/EGH400-2/install/offboard_control/lib/python3.10/site-packages:/opt/ros/iron/lib/python3.10/site-packages /usr/bin/python3 setup.py egg_info --egg-base ../../build/offboard_control build --build-base /home/jwrig/EGH400-2/build/offboard_control/build install --record /home/jwrig/EGH400-2/build/offboard_control/install.log --single-version-externally-managed
[5.780s] DEBUG:colcon.colcon_core.event_handler.log_command:Invoked command in '/home/jwrig/EGH400-2/src/offboard_control' returned '0': CMAKE_PREFIX_PATH=/home/jwrig/EGH400-2/install/px4_msgs:/home/jwrig/EGH400-2/install/px4_ros_com:/home/jwrig/EGH400-2/install/offboard_control LD_LIBRARY_PATH=/home/jwrig/EGH400-2/install/px4_msgs/lib:/home/jwrig/EGH400-2/install/px4_ros_com/lib:/opt/ros/iron/opt/rviz_ogre_vendor/lib:/opt/ros/iron/lib/x86_64-linux-gnu:/opt/ros/iron/lib PYTHONPATH=/home/jwrig/EGH400-2/build/offboard_control/prefix_override:/home/jwrig/EGH400-2/install/offboard_control/lib/python3.10/site-packages:/home/jwrig/EGH400-2/install/px4_msgs/lib/python3.10/site-packages:/home/jwrig/EGH400-2/install/control_demo/lib/python3.10/site-packages:/home/jwrig/EGH400-2/install/offboard_control/lib/python3.10/site-packages:/opt/ros/iron/lib/python3.10/site-packages /usr/bin/python3 setup.py egg_info --egg-base ../../build/offboard_control build --build-base /home/jwrig/EGH400-2/build/offboard_control/build install --record /home/jwrig/EGH400-2/build/offboard_control/install.log --single-version-externally-managed
[5.803s] Level 1:colcon.colcon_core.environment:checking '/home/jwrig/EGH400-2/install/offboard_control' for CMake module files
[5.804s] Level 1:colcon.colcon_core.environment:checking '/home/jwrig/EGH400-2/install/offboard_control' for CMake config files
[5.804s] Level 1:colcon.colcon_core.shell:create_environment_hook('offboard_control', 'cmake_prefix_path')
[5.819s] INFO:colcon.colcon_core.shell:Creating environment hook '/home/jwrig/EGH400-2/install/offboard_control/share/offboard_control/hook/cmake_prefix_path.ps1'
[5.819s] INFO:colcon.colcon_core.shell:Creating environment descriptor '/home/jwrig/EGH400-2/install/offboard_control/share/offboard_control/hook/cmake_prefix_path.dsv'
[5.820s] INFO:colcon.colcon_core.shell:Creating environment hook '/home/jwrig/EGH400-2/install/offboard_control/share/offboard_control/hook/cmake_prefix_path.sh'
[5.820s] Level 1:colcon.colcon_core.environment:checking '/home/jwrig/EGH400-2/install/offboard_control/lib'
[5.820s] Level 1:colcon.colcon_core.environment:checking '/home/jwrig/EGH400-2/install/offboard_control/bin'
[5.821s] Level 1:colcon.colcon_core.environment:checking '/home/jwrig/EGH400-2/install/offboard_control/lib/pkgconfig/offboard_control.pc'
[5.821s] Level 1:colcon.colcon_core.environment:checking '/home/jwrig/EGH400-2/install/offboard_control/lib/python3.10/site-packages'
[5.821s] Level 1:colcon.colcon_core.shell:create_environment_hook('offboard_control', 'pythonpath')
[5.835s] INFO:colcon.colcon_core.shell:Creating environment hook '/home/jwrig/EGH400-2/install/offboard_control/share/offboard_control/hook/pythonpath.ps1'
[5.836s] INFO:colcon.colcon_core.shell:Creating environment descriptor '/home/jwrig/EGH400-2/install/offboard_control/share/offboard_control/hook/pythonpath.dsv'
[5.836s] INFO:colcon.colcon_core.shell:Creating environment hook '/home/jwrig/EGH400-2/install/offboard_control/share/offboard_control/hook/pythonpath.sh'
[5.837s] Level 1:colcon.colcon_core.environment:checking '/home/jwrig/EGH400-2/install/offboard_control/bin'
[5.837s] Level 1:colcon.colcon_core.environment:create_environment_scripts_only(offboard_control)
[5.852s] INFO:colcon.colcon_core.shell:Creating package script '/home/jwrig/EGH400-2/install/offboard_control/share/offboard_control/package.ps1'
[5.852s] INFO:colcon.colcon_core.shell:Creating package descriptor '/home/jwrig/EGH400-2/install/offboard_control/share/offboard_control/package.dsv'
[5.853s] INFO:colcon.colcon_core.shell:Creating package script '/home/jwrig/EGH400-2/install/offboard_control/share/offboard_control/package.sh'
[5.853s] INFO:colcon.colcon_core.shell:Creating package script '/home/jwrig/EGH400-2/install/offboard_control/share/offboard_control/package.bash'
[5.854s] INFO:colcon.colcon_core.shell:Creating package script '/home/jwrig/EGH400-2/install/offboard_control/share/offboard_control/package.zsh'
[5.855s] Level 1:colcon.colcon_core.environment:create_file_with_runtime_dependencies(/home/jwrig/EGH400-2/install/offboard_control/share/colcon-core/packages/offboard_control)
[5.855s] DEBUG:colcon.colcon_parallel_executor.executor.parallel:closing loop
[5.855s] DEBUG:colcon.colcon_parallel_executor.executor.parallel:loop closed
[5.856s] DEBUG:colcon.colcon_parallel_executor.executor.parallel:run_until_complete finished with '0'
[5.856s] DEBUG:colcon.colcon_core.event_reactor:joining thread
[5.876s] INFO:colcon.colcon_core.plugin_system:Skipping extension 'colcon_notification.desktop_notification.terminal_notifier': Not used on non-Darwin systems
[5.876s] INFO:colcon.colcon_core.plugin_system:Skipping extension 'colcon_notification.desktop_notification.win32': Not used on non-Windows systems
[5.876s] INFO:colcon.colcon_notification.desktop_notification:Sending desktop notification using 'notify2'
[5.887s] DEBUG:colcon.colcon_core.event_reactor:joined thread
[5.902s] INFO:colcon.colcon_core.shell:Creating prefix script '/home/jwrig/EGH400-2/install/local_setup.ps1'
[5.903s] INFO:colcon.colcon_core.shell:Creating prefix util module '/home/jwrig/EGH400-2/install/_local_setup_util_ps1.py'
[5.905s] INFO:colcon.colcon_core.shell:Creating prefix chain script '/home/jwrig/EGH400-2/install/setup.ps1'
[5.920s] INFO:colcon.colcon_core.shell:Creating prefix script '/home/jwrig/EGH400-2/install/local_setup.sh'
[5.921s] INFO:colcon.colcon_core.shell:Creating prefix util module '/home/jwrig/EGH400-2/install/_local_setup_util_sh.py'
[5.921s] INFO:colcon.colcon_core.shell:Creating prefix chain script '/home/jwrig/EGH400-2/install/setup.sh'
[5.937s] INFO:colcon.colcon_core.shell:Creating prefix script '/home/jwrig/EGH400-2/install/local_setup.bash'
[5.937s] INFO:colcon.colcon_core.shell:Creating prefix chain script '/home/jwrig/EGH400-2/install/setup.bash'
[5.954s] INFO:colcon.colcon_core.shell:Creating prefix script '/home/jwrig/EGH400-2/install/local_setup.zsh'
[5.955s] INFO:colcon.colcon_core.shell:Creating prefix chain script '/home/jwrig/EGH400-2/install/setup.zsh'
