[0.837s] Invoking command in '/home/jwrig/EGH400-2/src/offboard_control': CMAKE_PREFIX_PATH=/home/jwrig/EGH400-2/install/px4_msgs:/home/jwrig/EGH400-2/install/px4_ros_com:/home/jwrig/EGH400-2/install/offboard_control LD_LIBRARY_PATH=/home/jwrig/EGH400-2/install/px4_msgs/lib:/home/jwrig/EGH400-2/install/px4_ros_com/lib:/opt/ros/iron/opt/rviz_ogre_vendor/lib:/opt/ros/iron/lib/x86_64-linux-gnu:/opt/ros/iron/lib PYTHONPATH=/home/jwrig/EGH400-2/build/offboard_control/prefix_override:/home/jwrig/EGH400-2/install/offboard_control/lib/python3.10/site-packages:/home/jwrig/EGH400-2/install/px4_msgs/lib/python3.10/site-packages:/home/jwrig/EGH400-2/install/offboard_control/lib/python3.10/site-packages:/home/jwrig/EGH400-2/install/d_star_lite/lib/python3.10/site-packages:/home/jwrig/EGH400-2/install/control_demo/lib/python3.10/site-packages:/opt/ros/iron/lib/python3.10/site-packages /usr/bin/python3 setup.py egg_info --egg-base ../../build/offboard_control build --build-base /home/jwrig/EGH400-2/build/offboard_control/build install --record /home/jwrig/EGH400-2/build/offboard_control/install.log --single-version-externally-managed
[1.055s] running egg_info
[1.071s] writing ../../build/offboard_control/offboard_control.egg-info/PKG-INFO
[1.071s] writing dependency_links to ../../build/offboard_control/offboard_control.egg-info/dependency_links.txt
[1.071s] writing entry points to ../../build/offboard_control/offboard_control.egg-info/entry_points.txt
[1.072s] writing requirements to ../../build/offboard_control/offboard_control.egg-info/requires.txt
[1.072s] writing top-level names to ../../build/offboard_control/offboard_control.egg-info/top_level.txt
[1.107s] reading manifest file '../../build/offboard_control/offboard_control.egg-info/SOURCES.txt'
[1.108s] writing manifest file '../../build/offboard_control/offboard_control.egg-info/SOURCES.txt'
[1.109s] running build
[1.109s] running build_py
[1.109s] copying offboard_control/UAV_control.py -> /home/jwrig/EGH400-2/build/offboard_control/build/lib/offboard_control
[1.109s] running install
[1.111s] /home/jwrig/.local/lib/python3.10/site-packages/setuptools/_distutils/cmd.py:66: SetuptoolsDeprecationWarning: setup.py install is deprecated.
[1.111s] !!
[1.111s] 
[1.111s]         ********************************************************************************
[1.111s]         Please avoid running ``setup.py`` directly.
[1.111s]         Instead, use pypa/build, pypa/installer or other
[1.111s]         standards-based tools.
[1.111s] 
[1.111s]         See https://blog.ganssle.io/articles/2021/10/setup-py-deprecated.html for details.
[1.111s]         ********************************************************************************
[1.111s] 
[1.111s] !!
[1.112s]   self.initialize_options()
[1.114s] running install_lib
[1.131s] copying /home/jwrig/EGH400-2/build/offboard_control/build/lib/offboard_control/UAV_control.py -> /home/jwrig/EGH400-2/install/offboard_control/lib/python3.10/site-packages/offboard_control
[1.131s] byte-compiling /home/jwrig/EGH400-2/install/offboard_control/lib/python3.10/site-packages/offboard_control/UAV_control.py to UAV_control.cpython-310.pyc
[1.134s] running install_data
[1.149s] running install_egg_info
[1.164s] removing '/home/jwrig/EGH400-2/install/offboard_control/lib/python3.10/site-packages/offboard_control-0.0.0-py3.10.egg-info' (and everything under it)
[1.165s] Copying ../../build/offboard_control/offboard_control.egg-info to /home/jwrig/EGH400-2/install/offboard_control/lib/python3.10/site-packages/offboard_control-0.0.0-py3.10.egg-info
[1.166s] running install_scripts
[1.312s] Installing UAV_control script to /home/jwrig/EGH400-2/install/offboard_control/lib/offboard_control
[1.312s] writing list of installed files to '/home/jwrig/EGH400-2/build/offboard_control/install.log'
[1.354s] Invoked command in '/home/jwrig/EGH400-2/src/offboard_control' returned '0': CMAKE_PREFIX_PATH=/home/jwrig/EGH400-2/install/px4_msgs:/home/jwrig/EGH400-2/install/px4_ros_com:/home/jwrig/EGH400-2/install/offboard_control LD_LIBRARY_PATH=/home/jwrig/EGH400-2/install/px4_msgs/lib:/home/jwrig/EGH400-2/install/px4_ros_com/lib:/opt/ros/iron/opt/rviz_ogre_vendor/lib:/opt/ros/iron/lib/x86_64-linux-gnu:/opt/ros/iron/lib PYTHONPATH=/home/jwrig/EGH400-2/build/offboard_control/prefix_override:/home/jwrig/EGH400-2/install/offboard_control/lib/python3.10/site-packages:/home/jwrig/EGH400-2/install/px4_msgs/lib/python3.10/site-packages:/home/jwrig/EGH400-2/install/offboard_control/lib/python3.10/site-packages:/home/jwrig/EGH400-2/install/d_star_lite/lib/python3.10/site-packages:/home/jwrig/EGH400-2/install/control_demo/lib/python3.10/site-packages:/opt/ros/iron/lib/python3.10/site-packages /usr/bin/python3 setup.py egg_info --egg-base ../../build/offboard_control build --build-base /home/jwrig/EGH400-2/build/offboard_control/build install --record /home/jwrig/EGH400-2/build/offboard_control/install.log --single-version-externally-managed
