[1.573s] DEBUG:colcon:Command line arguments: ['/usr/bin/colcon', 'build']
[1.574s] DEBUG:colcon:Parsed command line arguments: Namespace(log_base=None, log_level=None, verb_name='build', build_base='build', install_base='install', merge_install=False, symlink_install=False, test_result_base=None, continue_on_error=False, executor='parallel', parallel_workers=8, event_handlers=None, ignore_user_meta=False, metas=['./colcon.meta'], base_paths=['.'], packages_ignore=None, packages_ignore_regex=None, paths=None, packages_up_to=None, packages_up_to_regex=None, packages_above=None, packages_above_and_dependencies=None, packages_above_depth=None, packages_select_by_dep=None, packages_skip_by_dep=None, packages_skip_up_to=None, packages_select_build_failed=False, packages_skip_build_finished=False, packages_select_test_failures=False, packages_skip_test_passed=False, packages_select=None, packages_skip=None, packages_select_regex=None, packages_skip_regex=None, packages_start=None, packages_end=None, allow_overriding=[], cmake_args=None, cmake_target=None, cmake_target_skip_unavailable=False, cmake_clean_cache=False, cmake_clean_first=False, cmake_force_configure=False, ament_cmake_args=None, catkin_cmake_args=None, catkin_skip_building_tests=False, verb_parser=<colcon_defaults.argument_parser.defaults.DefaultArgumentsDecorator object at 0x7fe4ab450250>, verb_extension=<colcon_core.verb.build.BuildVerb object at 0x7fe4ab5fbd00>, main=<bound method BuildVerb.main of <colcon_core.verb.build.BuildVerb object at 0x7fe4ab5fbd00>>)
[1.624s] Level 1:colcon.colcon_core.package_discovery:discover_packages(colcon_meta) check parameters
[1.624s] Level 1:colcon.colcon_core.package_discovery:discover_packages(recursive) check parameters
[1.624s] Level 1:colcon.colcon_core.package_discovery:discover_packages(ignore) check parameters
[1.624s] Level 1:colcon.colcon_core.package_discovery:discover_packages(path) check parameters
[1.624s] Level 1:colcon.colcon_core.package_discovery:discover_packages(colcon_meta) discover
[1.624s] Level 1:colcon.colcon_core.package_discovery:discover_packages(recursive) discover
[1.624s] INFO:colcon.colcon_core.package_discovery:Crawling recursively for packages in '/home/jwrig/EGH400-2'
[1.624s] Level 1:colcon.colcon_core.package_identification:_identify(.) by extensions ['ignore', 'ignore_ament_install']
[1.624s] Level 1:colcon.colcon_core.package_identification:_identify(.) by extension 'ignore'
[1.624s] Level 1:colcon.colcon_core.package_identification:_identify(.) by extension 'ignore_ament_install'
[1.624s] Level 1:colcon.colcon_core.package_identification:_identify(.) by extensions ['colcon_pkg']
[1.624s] Level 1:colcon.colcon_core.package_identification:_identify(.) by extension 'colcon_pkg'
[1.624s] Level 1:colcon.colcon_core.package_identification:_identify(.) by extensions ['colcon_meta']
[1.624s] Level 1:colcon.colcon_core.package_identification:_identify(.) by extension 'colcon_meta'
[1.624s] Level 1:colcon.colcon_core.package_identification:_identify(.) by extensions ['ros']
[1.624s] Level 1:colcon.colcon_core.package_identification:_identify(.) by extension 'ros'
[1.647s] Level 1:colcon.colcon_core.package_identification:_identify(.) by extensions ['cmake', 'python']
[1.647s] Level 1:colcon.colcon_core.package_identification:_identify(.) by extension 'cmake'
[1.647s] Level 1:colcon.colcon_core.package_identification:_identify(.) by extension 'python'
[1.647s] Level 1:colcon.colcon_core.package_identification:_identify(.) by extensions ['python_setup_py']
[1.647s] Level 1:colcon.colcon_core.package_identification:_identify(.) by extension 'python_setup_py'
[1.647s] Level 1:colcon.colcon_core.package_identification:_identify(build) by extensions ['ignore', 'ignore_ament_install']
[1.647s] Level 1:colcon.colcon_core.package_identification:_identify(build) by extension 'ignore'
[1.647s] Level 1:colcon.colcon_core.package_identification:_identify(build) ignored
[1.647s] Level 1:colcon.colcon_core.package_identification:_identify(install) by extensions ['ignore', 'ignore_ament_install']
[1.648s] Level 1:colcon.colcon_core.package_identification:_identify(install) by extension 'ignore'
[1.648s] Level 1:colcon.colcon_core.package_identification:_identify(install) ignored
[1.648s] Level 1:colcon.colcon_core.package_identification:_identify(log) by extensions ['ignore', 'ignore_ament_install']
[1.648s] Level 1:colcon.colcon_core.package_identification:_identify(log) by extension 'ignore'
[1.648s] Level 1:colcon.colcon_core.package_identification:_identify(log) ignored
[1.648s] Level 1:colcon.colcon_core.package_identification:_identify(src) by extensions ['ignore', 'ignore_ament_install']
[1.648s] Level 1:colcon.colcon_core.package_identification:_identify(src) by extension 'ignore'
[1.648s] Level 1:colcon.colcon_core.package_identification:_identify(src) by extension 'ignore_ament_install'
[1.648s] Level 1:colcon.colcon_core.package_identification:_identify(src) by extensions ['colcon_pkg']
[1.648s] Level 1:colcon.colcon_core.package_identification:_identify(src) by extension 'colcon_pkg'
[1.649s] Level 1:colcon.colcon_core.package_identification:_identify(src) by extensions ['colcon_meta']
[1.649s] Level 1:colcon.colcon_core.package_identification:_identify(src) by extension 'colcon_meta'
[1.649s] Level 1:colcon.colcon_core.package_identification:_identify(src) by extensions ['ros']
[1.649s] Level 1:colcon.colcon_core.package_identification:_identify(src) by extension 'ros'
[1.649s] Level 1:colcon.colcon_core.package_identification:_identify(src) by extensions ['cmake', 'python']
[1.649s] Level 1:colcon.colcon_core.package_identification:_identify(src) by extension 'cmake'
[1.649s] Level 1:colcon.colcon_core.package_identification:_identify(src) by extension 'python'
[1.649s] Level 1:colcon.colcon_core.package_identification:_identify(src) by extensions ['python_setup_py']
[1.649s] Level 1:colcon.colcon_core.package_identification:_identify(src) by extension 'python_setup_py'
[1.649s] Level 1:colcon.colcon_core.package_identification:_identify(src/offboard_control) by extensions ['ignore', 'ignore_ament_install']
[1.649s] Level 1:colcon.colcon_core.package_identification:_identify(src/offboard_control) by extension 'ignore'
[1.649s] Level 1:colcon.colcon_core.package_identification:_identify(src/offboard_control) by extension 'ignore_ament_install'
[1.649s] Level 1:colcon.colcon_core.package_identification:_identify(src/offboard_control) by extensions ['colcon_pkg']
[1.649s] Level 1:colcon.colcon_core.package_identification:_identify(src/offboard_control) by extension 'colcon_pkg'
[1.649s] Level 1:colcon.colcon_core.package_identification:_identify(src/offboard_control) by extensions ['colcon_meta']
[1.649s] Level 1:colcon.colcon_core.package_identification:_identify(src/offboard_control) by extension 'colcon_meta'
[1.649s] Level 1:colcon.colcon_core.package_identification:_identify(src/offboard_control) by extensions ['ros']
[1.649s] Level 1:colcon.colcon_core.package_identification:_identify(src/offboard_control) by extension 'ros'
[1.651s] DEBUG:colcon.colcon_core.package_identification:Package 'src/offboard_control' with type 'ros.ament_python' and name 'offboard_control'
[1.651s] Level 1:colcon.colcon_core.package_identification:_identify(src/px4_msgs) by extensions ['ignore', 'ignore_ament_install']
[1.651s] Level 1:colcon.colcon_core.package_identification:_identify(src/px4_msgs) by extension 'ignore'
[1.652s] Level 1:colcon.colcon_core.package_identification:_identify(src/px4_msgs) by extension 'ignore_ament_install'
[1.652s] Level 1:colcon.colcon_core.package_identification:_identify(src/px4_msgs) by extensions ['colcon_pkg']
[1.652s] Level 1:colcon.colcon_core.package_identification:_identify(src/px4_msgs) by extension 'colcon_pkg'
[1.652s] Level 1:colcon.colcon_core.package_identification:_identify(src/px4_msgs) by extensions ['colcon_meta']
[1.652s] Level 1:colcon.colcon_core.package_identification:_identify(src/px4_msgs) by extension 'colcon_meta'
[1.652s] Level 1:colcon.colcon_core.package_identification:_identify(src/px4_msgs) by extensions ['ros']
[1.652s] Level 1:colcon.colcon_core.package_identification:_identify(src/px4_msgs) by extension 'ros'
[1.652s] DEBUG:colcon.colcon_core.package_identification:Package 'src/px4_msgs' with type 'ros.ament_cmake' and name 'px4_msgs'
[1.652s] Level 1:colcon.colcon_core.package_identification:_identify(src/px4_ros_com) by extensions ['ignore', 'ignore_ament_install']
[1.653s] Level 1:colcon.colcon_core.package_identification:_identify(src/px4_ros_com) by extension 'ignore'
[1.653s] Level 1:colcon.colcon_core.package_identification:_identify(src/px4_ros_com) by extension 'ignore_ament_install'
[1.653s] Level 1:colcon.colcon_core.package_identification:_identify(src/px4_ros_com) by extensions ['colcon_pkg']
[1.653s] Level 1:colcon.colcon_core.package_identification:_identify(src/px4_ros_com) by extension 'colcon_pkg'
[1.653s] Level 1:colcon.colcon_core.package_identification:_identify(src/px4_ros_com) by extensions ['colcon_meta']
[1.653s] Level 1:colcon.colcon_core.package_identification:_identify(src/px4_ros_com) by extension 'colcon_meta'
[1.653s] Level 1:colcon.colcon_core.package_identification:_identify(src/px4_ros_com) by extensions ['ros']
[1.653s] Level 1:colcon.colcon_core.package_identification:_identify(src/px4_ros_com) by extension 'ros'
[1.654s] DEBUG:colcon.colcon_core.package_identification:Package 'src/px4_ros_com' with type 'ros.ament_cmake' and name 'px4_ros_com'
[1.654s] Level 1:colcon.colcon_core.package_discovery:discover_packages(recursive) using defaults
[1.654s] Level 1:colcon.colcon_core.package_discovery:discover_packages(ignore) discover
[1.654s] Level 1:colcon.colcon_core.package_discovery:discover_packages(ignore) using defaults
[1.654s] Level 1:colcon.colcon_core.package_discovery:discover_packages(path) discover
[1.654s] Level 1:colcon.colcon_core.package_discovery:discover_packages(path) using defaults
[1.749s] Level 1:colcon.colcon_core.package_discovery:discover_packages(prefix_path) check parameters
[1.749s] Level 1:colcon.colcon_core.package_discovery:discover_packages(prefix_path) discover
[1.778s] DEBUG:colcon.colcon_installed_package_information.package_discovery:Found 281 installed packages in /opt/ros/iron
[1.779s] Level 1:colcon.colcon_core.package_discovery:discover_packages(prefix_path) using defaults
[1.839s] Level 5:colcon.colcon_core.verb:set package 'offboard_control' build argument 'cmake_args' from command line to 'None'
[1.839s] Level 5:colcon.colcon_core.verb:set package 'offboard_control' build argument 'cmake_target' from command line to 'None'
[1.839s] Level 5:colcon.colcon_core.verb:set package 'offboard_control' build argument 'cmake_target_skip_unavailable' from command line to 'False'
[1.839s] Level 5:colcon.colcon_core.verb:set package 'offboard_control' build argument 'cmake_clean_cache' from command line to 'False'
[1.839s] Level 5:colcon.colcon_core.verb:set package 'offboard_control' build argument 'cmake_clean_first' from command line to 'False'
[1.839s] Level 5:colcon.colcon_core.verb:set package 'offboard_control' build argument 'cmake_force_configure' from command line to 'False'
[1.839s] Level 5:colcon.colcon_core.verb:set package 'offboard_control' build argument 'ament_cmake_args' from command line to 'None'
[1.839s] Level 5:colcon.colcon_core.verb:set package 'offboard_control' build argument 'catkin_cmake_args' from command line to 'None'
[1.839s] Level 5:colcon.colcon_core.verb:set package 'offboard_control' build argument 'catkin_skip_building_tests' from command line to 'False'
[1.839s] DEBUG:colcon.colcon_core.verb:Building package 'offboard_control' with the following arguments: {'ament_cmake_args': None, 'build_base': '/home/jwrig/EGH400-2/build/offboard_control', 'catkin_cmake_args': None, 'catkin_skip_building_tests': False, 'cmake_args': None, 'cmake_clean_cache': False, 'cmake_clean_first': False, 'cmake_force_configure': False, 'cmake_target': None, 'cmake_target_skip_unavailable': False, 'install_base': '/home/jwrig/EGH400-2/install/offboard_control', 'merge_install': False, 'path': '/home/jwrig/EGH400-2/src/offboard_control', 'symlink_install': False, 'test_result_base': None}
[1.852s] Level 5:colcon.colcon_core.verb:set package 'px4_msgs' build argument 'cmake_args' from command line to 'None'
[1.852s] Level 5:colcon.colcon_core.verb:set package 'px4_msgs' build argument 'cmake_target' from command line to 'None'
[1.852s] Level 5:colcon.colcon_core.verb:set package 'px4_msgs' build argument 'cmake_target_skip_unavailable' from command line to 'False'
[1.852s] Level 5:colcon.colcon_core.verb:set package 'px4_msgs' build argument 'cmake_clean_cache' from command line to 'False'
[1.852s] Level 5:colcon.colcon_core.verb:set package 'px4_msgs' build argument 'cmake_clean_first' from command line to 'False'
[1.852s] Level 5:colcon.colcon_core.verb:set package 'px4_msgs' build argument 'cmake_force_configure' from command line to 'False'
[1.852s] Level 5:colcon.colcon_core.verb:set package 'px4_msgs' build argument 'ament_cmake_args' from command line to 'None'
[1.852s] Level 5:colcon.colcon_core.verb:set package 'px4_msgs' build argument 'catkin_cmake_args' from command line to 'None'
[1.852s] Level 5:colcon.colcon_core.verb:set package 'px4_msgs' build argument 'catkin_skip_building_tests' from command line to 'False'
[1.852s] DEBUG:colcon.colcon_core.verb:Building package 'px4_msgs' with the following arguments: {'ament_cmake_args': None, 'build_base': '/home/jwrig/EGH400-2/build/px4_msgs', 'catkin_cmake_args': None, 'catkin_skip_building_tests': False, 'cmake_args': None, 'cmake_clean_cache': False, 'cmake_clean_first': False, 'cmake_force_configure': False, 'cmake_target': None, 'cmake_target_skip_unavailable': False, 'install_base': '/home/jwrig/EGH400-2/install/px4_msgs', 'merge_install': False, 'path': '/home/jwrig/EGH400-2/src/px4_msgs', 'symlink_install': False, 'test_result_base': None}
[1.865s] Level 5:colcon.colcon_core.verb:set package 'px4_ros_com' build argument 'cmake_args' from command line to 'None'
[1.865s] Level 5:colcon.colcon_core.verb:set package 'px4_ros_com' build argument 'cmake_target' from command line to 'None'
[1.865s] Level 5:colcon.colcon_core.verb:set package 'px4_ros_com' build argument 'cmake_target_skip_unavailable' from command line to 'False'
[1.865s] Level 5:colcon.colcon_core.verb:set package 'px4_ros_com' build argument 'cmake_clean_cache' from command line to 'False'
[1.865s] Level 5:colcon.colcon_core.verb:set package 'px4_ros_com' build argument 'cmake_clean_first' from command line to 'False'
[1.865s] Level 5:colcon.colcon_core.verb:set package 'px4_ros_com' build argument 'cmake_force_configure' from command line to 'False'
[1.865s] Level 5:colcon.colcon_core.verb:set package 'px4_ros_com' build argument 'ament_cmake_args' from command line to 'None'
[1.865s] Level 5:colcon.colcon_core.verb:set package 'px4_ros_com' build argument 'catkin_cmake_args' from command line to 'None'
[1.865s] Level 5:colcon.colcon_core.verb:set package 'px4_ros_com' build argument 'catkin_skip_building_tests' from command line to 'False'
[1.865s] DEBUG:colcon.colcon_core.verb:Building package 'px4_ros_com' with the following arguments: {'ament_cmake_args': None, 'build_base': '/home/jwrig/EGH400-2/build/px4_ros_com', 'catkin_cmake_args': None, 'catkin_skip_building_tests': False, 'cmake_args': None, 'cmake_clean_cache': False, 'cmake_clean_first': False, 'cmake_force_configure': False, 'cmake_target': None, 'cmake_target_skip_unavailable': False, 'install_base': '/home/jwrig/EGH400-2/install/px4_ros_com', 'merge_install': False, 'path': '/home/jwrig/EGH400-2/src/px4_ros_com', 'symlink_install': False, 'test_result_base': None}
[1.877s] INFO:colcon.colcon_core.executor:Executing jobs using 'parallel' executor
[1.891s] DEBUG:colcon.colcon_parallel_executor.executor.parallel:run_until_complete
[1.891s] INFO:colcon.colcon_ros.task.ament_cmake.build:Building ROS package in '/home/jwrig/EGH400-2/src/px4_msgs' with build type 'ament_cmake'
[1.891s] INFO:colcon.colcon_cmake.task.cmake.build:Building CMake package in '/home/jwrig/EGH400-2/src/px4_msgs'
[1.915s] INFO:colcon.colcon_core.plugin_system:Skipping extension 'colcon_core.shell.bat': Not used on non-Windows systems
[1.915s] INFO:colcon.colcon_core.shell:Skip shell extension 'powershell' for command environment: Not usable outside of PowerShell
[1.915s] DEBUG:colcon.colcon_core.shell:Skip shell extension 'dsv' for command environment
[1.945s] INFO:colcon.colcon_ros.task.ament_python.build:Building ROS package in '/home/jwrig/EGH400-2/src/offboard_control' with build type 'ament_python'
[1.945s] Level 1:colcon.colcon_core.shell:create_environment_hook('offboard_control', 'ament_prefix_path')
[1.959s] INFO:colcon.colcon_core.shell:Creating environment hook '/home/jwrig/EGH400-2/install/offboard_control/share/offboard_control/hook/ament_prefix_path.ps1'
[1.960s] INFO:colcon.colcon_core.shell:Creating environment descriptor '/home/jwrig/EGH400-2/install/offboard_control/share/offboard_control/hook/ament_prefix_path.dsv'
[1.960s] INFO:colcon.colcon_core.shell:Creating environment hook '/home/jwrig/EGH400-2/install/offboard_control/share/offboard_control/hook/ament_prefix_path.sh'
[1.975s] INFO:colcon.colcon_core.shell:Skip shell extension 'powershell' for command environment: Not usable outside of PowerShell
[1.976s] DEBUG:colcon.colcon_core.shell:Skip shell extension 'dsv' for command environment
[2.007s] DEBUG:colcon.colcon_core.event_handler.log_command:Invoking command in '/home/jwrig/EGH400-2/build/px4_msgs': CMAKE_PREFIX_PATH=/opt/ros/iron /usr/bin/cmake /home/jwrig/EGH400-2/src/px4_msgs -DCMAKE_INSTALL_PREFIX=/home/jwrig/EGH400-2/install/px4_msgs
[2.200s] INFO:colcon.colcon_core.task.python.build:Building Python package in '/home/jwrig/EGH400-2/src/offboard_control'
[2.214s] INFO:colcon.colcon_core.shell:Skip shell extension 'powershell' for command environment: Not usable outside of PowerShell
[2.214s] DEBUG:colcon.colcon_core.shell:Skip shell extension 'dsv' for command environment
[2.897s] DEBUG:colcon.colcon_core.event_handler.log_command:Invoking command in '/home/jwrig/EGH400-2/src/offboard_control': PYTHONPATH=/home/jwrig/EGH400-2/build/offboard_control/prefix_override:/home/jwrig/EGH400-2/install/offboard_control/lib/python3.10/site-packages:${PYTHONPATH} /usr/bin/python3 setup.py egg_info --egg-base ../../build/offboard_control build --build-base /home/jwrig/EGH400-2/build/offboard_control/build install --record /home/jwrig/EGH400-2/build/offboard_control/install.log --single-version-externally-managed
[3.380s] DEBUG:colcon.colcon_core.event_handler.log_command:Invoked command in '/home/jwrig/EGH400-2/src/offboard_control' returned '0': PYTHONPATH=/home/jwrig/EGH400-2/build/offboard_control/prefix_override:/home/jwrig/EGH400-2/install/offboard_control/lib/python3.10/site-packages:${PYTHONPATH} /usr/bin/python3 setup.py egg_info --egg-base ../../build/offboard_control build --build-base /home/jwrig/EGH400-2/build/offboard_control/build install --record /home/jwrig/EGH400-2/build/offboard_control/install.log --single-version-externally-managed
[3.396s] Level 1:colcon.colcon_core.environment:checking '/home/jwrig/EGH400-2/install/offboard_control' for CMake module files
[3.397s] Level 1:colcon.colcon_core.environment:checking '/home/jwrig/EGH400-2/install/offboard_control' for CMake config files
[3.397s] Level 1:colcon.colcon_core.shell:create_environment_hook('offboard_control', 'cmake_prefix_path')
[3.415s] INFO:colcon.colcon_core.shell:Creating environment hook '/home/jwrig/EGH400-2/install/offboard_control/share/offboard_control/hook/cmake_prefix_path.ps1'
[3.416s] INFO:colcon.colcon_core.shell:Creating environment descriptor '/home/jwrig/EGH400-2/install/offboard_control/share/offboard_control/hook/cmake_prefix_path.dsv'
[3.417s] INFO:colcon.colcon_core.shell:Creating environment hook '/home/jwrig/EGH400-2/install/offboard_control/share/offboard_control/hook/cmake_prefix_path.sh'
[3.418s] Level 1:colcon.colcon_core.environment:checking '/home/jwrig/EGH400-2/install/offboard_control/lib'
[3.418s] Level 1:colcon.colcon_core.environment:checking '/home/jwrig/EGH400-2/install/offboard_control/bin'
[3.418s] Level 1:colcon.colcon_core.environment:checking '/home/jwrig/EGH400-2/install/offboard_control/lib/pkgconfig/offboard_control.pc'
[3.419s] Level 1:colcon.colcon_core.environment:checking '/home/jwrig/EGH400-2/install/offboard_control/lib/python3.10/site-packages'
[3.419s] Level 1:colcon.colcon_core.shell:create_environment_hook('offboard_control', 'pythonpath')
[3.433s] INFO:colcon.colcon_core.shell:Creating environment hook '/home/jwrig/EGH400-2/install/offboard_control/share/offboard_control/hook/pythonpath.ps1'
[3.434s] INFO:colcon.colcon_core.shell:Creating environment descriptor '/home/jwrig/EGH400-2/install/offboard_control/share/offboard_control/hook/pythonpath.dsv'
[3.434s] INFO:colcon.colcon_core.shell:Creating environment hook '/home/jwrig/EGH400-2/install/offboard_control/share/offboard_control/hook/pythonpath.sh'
[3.435s] Level 1:colcon.colcon_core.environment:checking '/home/jwrig/EGH400-2/install/offboard_control/bin'
[3.435s] Level 1:colcon.colcon_core.environment:create_environment_scripts_only(offboard_control)
[3.450s] INFO:colcon.colcon_core.shell:Creating package script '/home/jwrig/EGH400-2/install/offboard_control/share/offboard_control/package.ps1'
[3.450s] INFO:colcon.colcon_core.shell:Creating package descriptor '/home/jwrig/EGH400-2/install/offboard_control/share/offboard_control/package.dsv'
[3.451s] INFO:colcon.colcon_core.shell:Creating package script '/home/jwrig/EGH400-2/install/offboard_control/share/offboard_control/package.sh'
[3.452s] INFO:colcon.colcon_core.shell:Creating package script '/home/jwrig/EGH400-2/install/offboard_control/share/offboard_control/package.bash'
[3.453s] INFO:colcon.colcon_core.shell:Creating package script '/home/jwrig/EGH400-2/install/offboard_control/share/offboard_control/package.zsh'
[3.454s] Level 1:colcon.colcon_core.environment:create_file_with_runtime_dependencies(/home/jwrig/EGH400-2/install/offboard_control/share/colcon-core/packages/offboard_control)
[6.189s] DEBUG:colcon.colcon_core.event_handler.log_command:Invoked command in '/home/jwrig/EGH400-2/build/px4_msgs' returned '0': CMAKE_PREFIX_PATH=/opt/ros/iron /usr/bin/cmake /home/jwrig/EGH400-2/src/px4_msgs -DCMAKE_INSTALL_PREFIX=/home/jwrig/EGH400-2/install/px4_msgs
[6.191s] DEBUG:colcon.colcon_core.event_handler.log_command:Invoking command in '/home/jwrig/EGH400-2/build/px4_msgs': CMAKE_PREFIX_PATH=/opt/ros/iron /usr/bin/cmake --build /home/jwrig/EGH400-2/build/px4_msgs -- -j8 -l8
[197.639s] DEBUG:colcon.colcon_core.event_handler.log_command:Invoked command in '/home/jwrig/EGH400-2/build/px4_msgs' returned '0': CMAKE_PREFIX_PATH=/opt/ros/iron /usr/bin/cmake --build /home/jwrig/EGH400-2/build/px4_msgs -- -j8 -l8
[202.739s] DEBUG:colcon.colcon_core.event_handler.log_command:Invoking command in '/home/jwrig/EGH400-2/build/px4_msgs': CMAKE_PREFIX_PATH=/opt/ros/iron /usr/bin/cmake --install /home/jwrig/EGH400-2/build/px4_msgs
[203.985s] Level 1:colcon.colcon_core.environment:create_environment_scripts_only(px4_msgs)
[203.985s] DEBUG:colcon.colcon_core.event_handler.log_command:Invoked command in '/home/jwrig/EGH400-2/build/px4_msgs' returned '0': CMAKE_PREFIX_PATH=/opt/ros/iron /usr/bin/cmake --install /home/jwrig/EGH400-2/build/px4_msgs
[203.999s] Level 1:colcon.colcon_core.environment:checking '/home/jwrig/EGH400-2/install/px4_msgs' for CMake module files
[203.999s] Level 1:colcon.colcon_core.environment:checking '/home/jwrig/EGH400-2/install/px4_msgs' for CMake config files
[203.999s] Level 1:colcon.colcon_core.shell:create_environment_hook('px4_msgs', 'cmake_prefix_path')
[204.013s] INFO:colcon.colcon_core.shell:Creating environment hook '/home/jwrig/EGH400-2/install/px4_msgs/share/px4_msgs/hook/cmake_prefix_path.ps1'
[204.013s] INFO:colcon.colcon_core.shell:Creating environment descriptor '/home/jwrig/EGH400-2/install/px4_msgs/share/px4_msgs/hook/cmake_prefix_path.dsv'
[204.014s] INFO:colcon.colcon_core.shell:Creating environment hook '/home/jwrig/EGH400-2/install/px4_msgs/share/px4_msgs/hook/cmake_prefix_path.sh'
[204.014s] Level 1:colcon.colcon_core.environment:checking '/home/jwrig/EGH400-2/install/px4_msgs/lib'
[204.014s] Level 1:colcon.colcon_core.shell:create_environment_hook('px4_msgs', 'ld_library_path_lib')
[204.027s] INFO:colcon.colcon_core.shell:Creating environment hook '/home/jwrig/EGH400-2/install/px4_msgs/share/px4_msgs/hook/ld_library_path_lib.ps1'
[204.028s] INFO:colcon.colcon_core.shell:Creating environment descriptor '/home/jwrig/EGH400-2/install/px4_msgs/share/px4_msgs/hook/ld_library_path_lib.dsv'
[204.028s] INFO:colcon.colcon_core.shell:Creating environment hook '/home/jwrig/EGH400-2/install/px4_msgs/share/px4_msgs/hook/ld_library_path_lib.sh'
[204.028s] Level 1:colcon.colcon_core.environment:checking '/home/jwrig/EGH400-2/install/px4_msgs/bin'
[204.028s] Level 1:colcon.colcon_core.environment:checking '/home/jwrig/EGH400-2/install/px4_msgs/lib/pkgconfig/px4_msgs.pc'
[204.029s] Level 1:colcon.colcon_core.environment:checking '/home/jwrig/EGH400-2/install/px4_msgs/lib/python3.10/site-packages'
[204.029s] Level 1:colcon.colcon_core.shell:create_environment_hook('px4_msgs', 'pythonpath')
[204.042s] INFO:colcon.colcon_core.shell:Creating environment hook '/home/jwrig/EGH400-2/install/px4_msgs/share/px4_msgs/hook/pythonpath.ps1'
[204.042s] INFO:colcon.colcon_core.shell:Creating environment descriptor '/home/jwrig/EGH400-2/install/px4_msgs/share/px4_msgs/hook/pythonpath.dsv'
[204.042s] INFO:colcon.colcon_core.shell:Creating environment hook '/home/jwrig/EGH400-2/install/px4_msgs/share/px4_msgs/hook/pythonpath.sh'
[204.043s] Level 1:colcon.colcon_core.environment:checking '/home/jwrig/EGH400-2/install/px4_msgs/bin'
[204.056s] INFO:colcon.colcon_core.shell:Creating package script '/home/jwrig/EGH400-2/install/px4_msgs/share/px4_msgs/package.ps1'
[204.056s] INFO:colcon.colcon_core.shell:Creating package descriptor '/home/jwrig/EGH400-2/install/px4_msgs/share/px4_msgs/package.dsv'
[204.057s] INFO:colcon.colcon_core.shell:Creating package script '/home/jwrig/EGH400-2/install/px4_msgs/share/px4_msgs/package.sh'
[204.057s] INFO:colcon.colcon_core.shell:Creating package script '/home/jwrig/EGH400-2/install/px4_msgs/share/px4_msgs/package.bash'
[204.057s] INFO:colcon.colcon_core.shell:Creating package script '/home/jwrig/EGH400-2/install/px4_msgs/share/px4_msgs/package.zsh'
[204.058s] Level 1:colcon.colcon_core.environment:create_file_with_runtime_dependencies(/home/jwrig/EGH400-2/install/px4_msgs/share/colcon-core/packages/px4_msgs)
[209.137s] Level 1:colcon.colcon_core.environment:create_environment_scripts_only(px4_msgs)
[209.150s] Level 1:colcon.colcon_core.environment:checking '/home/jwrig/EGH400-2/install/px4_msgs' for CMake module files
[209.151s] Level 1:colcon.colcon_core.environment:checking '/home/jwrig/EGH400-2/install/px4_msgs' for CMake config files
[209.151s] Level 1:colcon.colcon_core.shell:create_environment_hook('px4_msgs', 'cmake_prefix_path')
[209.164s] INFO:colcon.colcon_core.shell:Creating environment hook '/home/jwrig/EGH400-2/install/px4_msgs/share/px4_msgs/hook/cmake_prefix_path.ps1'
[209.164s] INFO:colcon.colcon_core.shell:Creating environment descriptor '/home/jwrig/EGH400-2/install/px4_msgs/share/px4_msgs/hook/cmake_prefix_path.dsv'
[209.165s] INFO:colcon.colcon_core.shell:Creating environment hook '/home/jwrig/EGH400-2/install/px4_msgs/share/px4_msgs/hook/cmake_prefix_path.sh'
[209.165s] Level 1:colcon.colcon_core.environment:checking '/home/jwrig/EGH400-2/install/px4_msgs/lib'
[209.165s] Level 1:colcon.colcon_core.shell:create_environment_hook('px4_msgs', 'ld_library_path_lib')
[209.179s] INFO:colcon.colcon_core.shell:Creating environment hook '/home/jwrig/EGH400-2/install/px4_msgs/share/px4_msgs/hook/ld_library_path_lib.ps1'
[209.179s] INFO:colcon.colcon_core.shell:Creating environment descriptor '/home/jwrig/EGH400-2/install/px4_msgs/share/px4_msgs/hook/ld_library_path_lib.dsv'
[209.179s] INFO:colcon.colcon_core.shell:Creating environment hook '/home/jwrig/EGH400-2/install/px4_msgs/share/px4_msgs/hook/ld_library_path_lib.sh'
[209.179s] Level 1:colcon.colcon_core.environment:checking '/home/jwrig/EGH400-2/install/px4_msgs/bin'
[209.179s] Level 1:colcon.colcon_core.environment:checking '/home/jwrig/EGH400-2/install/px4_msgs/lib/pkgconfig/px4_msgs.pc'
[209.180s] Level 1:colcon.colcon_core.environment:checking '/home/jwrig/EGH400-2/install/px4_msgs/lib/python3.10/site-packages'
[209.180s] Level 1:colcon.colcon_core.shell:create_environment_hook('px4_msgs', 'pythonpath')
[209.192s] INFO:colcon.colcon_core.shell:Creating environment hook '/home/jwrig/EGH400-2/install/px4_msgs/share/px4_msgs/hook/pythonpath.ps1'
[209.193s] INFO:colcon.colcon_core.shell:Creating environment descriptor '/home/jwrig/EGH400-2/install/px4_msgs/share/px4_msgs/hook/pythonpath.dsv'
[209.193s] INFO:colcon.colcon_core.shell:Creating environment hook '/home/jwrig/EGH400-2/install/px4_msgs/share/px4_msgs/hook/pythonpath.sh'
[209.194s] Level 1:colcon.colcon_core.environment:checking '/home/jwrig/EGH400-2/install/px4_msgs/bin'
[209.206s] INFO:colcon.colcon_core.shell:Creating package script '/home/jwrig/EGH400-2/install/px4_msgs/share/px4_msgs/package.ps1'
[209.207s] INFO:colcon.colcon_core.shell:Creating package descriptor '/home/jwrig/EGH400-2/install/px4_msgs/share/px4_msgs/package.dsv'
[209.207s] INFO:colcon.colcon_core.shell:Creating package script '/home/jwrig/EGH400-2/install/px4_msgs/share/px4_msgs/package.sh'
[209.208s] INFO:colcon.colcon_core.shell:Creating package script '/home/jwrig/EGH400-2/install/px4_msgs/share/px4_msgs/package.bash'
[209.208s] INFO:colcon.colcon_core.shell:Creating package script '/home/jwrig/EGH400-2/install/px4_msgs/share/px4_msgs/package.zsh'
[209.208s] Level 1:colcon.colcon_core.environment:create_file_with_runtime_dependencies(/home/jwrig/EGH400-2/install/px4_msgs/share/colcon-core/packages/px4_msgs)
[209.209s] INFO:colcon.colcon_ros.task.ament_cmake.build:Building ROS package in '/home/jwrig/EGH400-2/src/px4_ros_com' with build type 'ament_cmake'
[209.209s] INFO:colcon.colcon_cmake.task.cmake.build:Building CMake package in '/home/jwrig/EGH400-2/src/px4_ros_com'
[209.224s] INFO:colcon.colcon_core.shell:Skip shell extension 'powershell' for command environment: Not usable outside of PowerShell
[209.224s] DEBUG:colcon.colcon_core.shell:Skip shell extension 'dsv' for command environment
[209.259s] DEBUG:colcon.colcon_core.event_handler.log_command:Invoking command in '/home/jwrig/EGH400-2/build/px4_ros_com': AMENT_PREFIX_PATH=/home/jwrig/EGH400-2/install/px4_msgs:${AMENT_PREFIX_PATH} CMAKE_PREFIX_PATH=/home/jwrig/EGH400-2/install/px4_msgs:/opt/ros/iron LD_LIBRARY_PATH=/home/jwrig/EGH400-2/install/px4_msgs/lib:${LD_LIBRARY_PATH} PYTHONPATH=/home/jwrig/EGH400-2/install/px4_msgs/lib/python3.10/site-packages:${PYTHONPATH} /usr/bin/cmake /home/jwrig/EGH400-2/src/px4_ros_com -DCMAKE_INSTALL_PREFIX=/home/jwrig/EGH400-2/install/px4_ros_com
[211.549s] DEBUG:colcon.colcon_core.event_handler.log_command:Invoked command in '/home/jwrig/EGH400-2/build/px4_ros_com' returned '0': AMENT_PREFIX_PATH=/home/jwrig/EGH400-2/install/px4_msgs:${AMENT_PREFIX_PATH} CMAKE_PREFIX_PATH=/home/jwrig/EGH400-2/install/px4_msgs:/opt/ros/iron LD_LIBRARY_PATH=/home/jwrig/EGH400-2/install/px4_msgs/lib:${LD_LIBRARY_PATH} PYTHONPATH=/home/jwrig/EGH400-2/install/px4_msgs/lib/python3.10/site-packages:${PYTHONPATH} /usr/bin/cmake /home/jwrig/EGH400-2/src/px4_ros_com -DCMAKE_INSTALL_PREFIX=/home/jwrig/EGH400-2/install/px4_ros_com
[211.551s] DEBUG:colcon.colcon_core.event_handler.log_command:Invoking command in '/home/jwrig/EGH400-2/build/px4_ros_com': AMENT_PREFIX_PATH=/home/jwrig/EGH400-2/install/px4_msgs:${AMENT_PREFIX_PATH} CMAKE_PREFIX_PATH=/home/jwrig/EGH400-2/install/px4_msgs:/opt/ros/iron LD_LIBRARY_PATH=/home/jwrig/EGH400-2/install/px4_msgs/lib:${LD_LIBRARY_PATH} PYTHONPATH=/home/jwrig/EGH400-2/install/px4_msgs/lib/python3.10/site-packages:${PYTHONPATH} /usr/bin/cmake --build /home/jwrig/EGH400-2/build/px4_ros_com -- -j8 -l8
[219.468s] DEBUG:colcon.colcon_core.event_handler.log_command:Invoked command in '/home/jwrig/EGH400-2/build/px4_ros_com' returned '0': AMENT_PREFIX_PATH=/home/jwrig/EGH400-2/install/px4_msgs:${AMENT_PREFIX_PATH} CMAKE_PREFIX_PATH=/home/jwrig/EGH400-2/install/px4_msgs:/opt/ros/iron LD_LIBRARY_PATH=/home/jwrig/EGH400-2/install/px4_msgs/lib:${LD_LIBRARY_PATH} PYTHONPATH=/home/jwrig/EGH400-2/install/px4_msgs/lib/python3.10/site-packages:${PYTHONPATH} /usr/bin/cmake --build /home/jwrig/EGH400-2/build/px4_ros_com -- -j8 -l8
[219.527s] DEBUG:colcon.colcon_core.event_handler.log_command:Invoking command in '/home/jwrig/EGH400-2/build/px4_ros_com': AMENT_PREFIX_PATH=/home/jwrig/EGH400-2/install/px4_msgs:${AMENT_PREFIX_PATH} CMAKE_PREFIX_PATH=/home/jwrig/EGH400-2/install/px4_msgs:/opt/ros/iron LD_LIBRARY_PATH=/home/jwrig/EGH400-2/install/px4_msgs/lib:${LD_LIBRARY_PATH} PYTHONPATH=/home/jwrig/EGH400-2/install/px4_msgs/lib/python3.10/site-packages:${PYTHONPATH} /usr/bin/cmake --install /home/jwrig/EGH400-2/build/px4_ros_com
[219.603s] Level 1:colcon.colcon_core.environment:create_environment_scripts_only(px4_ros_com)
[219.603s] DEBUG:colcon.colcon_core.event_handler.log_command:Invoked command in '/home/jwrig/EGH400-2/build/px4_ros_com' returned '0': AMENT_PREFIX_PATH=/home/jwrig/EGH400-2/install/px4_msgs:${AMENT_PREFIX_PATH} CMAKE_PREFIX_PATH=/home/jwrig/EGH400-2/install/px4_msgs:/opt/ros/iron LD_LIBRARY_PATH=/home/jwrig/EGH400-2/install/px4_msgs/lib:${LD_LIBRARY_PATH} PYTHONPATH=/home/jwrig/EGH400-2/install/px4_msgs/lib/python3.10/site-packages:${PYTHONPATH} /usr/bin/cmake --install /home/jwrig/EGH400-2/build/px4_ros_com
[219.620s] Level 1:colcon.colcon_core.environment:checking '/home/jwrig/EGH400-2/install/px4_ros_com' for CMake module files
[219.621s] Level 1:colcon.colcon_core.environment:checking '/home/jwrig/EGH400-2/install/px4_ros_com' for CMake config files
[219.621s] Level 1:colcon.colcon_core.shell:create_environment_hook('px4_ros_com', 'cmake_prefix_path')
[219.634s] INFO:colcon.colcon_core.shell:Creating environment hook '/home/jwrig/EGH400-2/install/px4_ros_com/share/px4_ros_com/hook/cmake_prefix_path.ps1'
[219.634s] INFO:colcon.colcon_core.shell:Creating environment descriptor '/home/jwrig/EGH400-2/install/px4_ros_com/share/px4_ros_com/hook/cmake_prefix_path.dsv'
[219.635s] INFO:colcon.colcon_core.shell:Creating environment hook '/home/jwrig/EGH400-2/install/px4_ros_com/share/px4_ros_com/hook/cmake_prefix_path.sh'
[219.635s] Level 1:colcon.colcon_core.environment:checking '/home/jwrig/EGH400-2/install/px4_ros_com/lib'
[219.635s] Level 1:colcon.colcon_core.shell:create_environment_hook('px4_ros_com', 'ld_library_path_lib')
[219.648s] INFO:colcon.colcon_core.shell:Creating environment hook '/home/jwrig/EGH400-2/install/px4_ros_com/share/px4_ros_com/hook/ld_library_path_lib.ps1'
[219.648s] INFO:colcon.colcon_core.shell:Creating environment descriptor '/home/jwrig/EGH400-2/install/px4_ros_com/share/px4_ros_com/hook/ld_library_path_lib.dsv'
[219.648s] INFO:colcon.colcon_core.shell:Creating environment hook '/home/jwrig/EGH400-2/install/px4_ros_com/share/px4_ros_com/hook/ld_library_path_lib.sh'
[219.649s] Level 1:colcon.colcon_core.environment:checking '/home/jwrig/EGH400-2/install/px4_ros_com/bin'
[219.649s] Level 1:colcon.colcon_core.environment:checking '/home/jwrig/EGH400-2/install/px4_ros_com/lib/pkgconfig/px4_ros_com.pc'
[219.649s] Level 1:colcon.colcon_core.environment:checking '/home/jwrig/EGH400-2/install/px4_ros_com/lib/python3.10/site-packages'
[219.649s] Level 1:colcon.colcon_core.environment:checking '/home/jwrig/EGH400-2/install/px4_ros_com/bin'
[219.662s] INFO:colcon.colcon_core.shell:Creating package script '/home/jwrig/EGH400-2/install/px4_ros_com/share/px4_ros_com/package.ps1'
[219.662s] INFO:colcon.colcon_core.shell:Creating package descriptor '/home/jwrig/EGH400-2/install/px4_ros_com/share/px4_ros_com/package.dsv'
[219.663s] INFO:colcon.colcon_core.shell:Creating package script '/home/jwrig/EGH400-2/install/px4_ros_com/share/px4_ros_com/package.sh'
[219.663s] INFO:colcon.colcon_core.shell:Creating package script '/home/jwrig/EGH400-2/install/px4_ros_com/share/px4_ros_com/package.bash'
[219.663s] INFO:colcon.colcon_core.shell:Creating package script '/home/jwrig/EGH400-2/install/px4_ros_com/share/px4_ros_com/package.zsh'
[219.664s] Level 1:colcon.colcon_core.environment:create_file_with_runtime_dependencies(/home/jwrig/EGH400-2/install/px4_ros_com/share/colcon-core/packages/px4_ros_com)
[219.716s] Level 1:colcon.colcon_core.environment:create_environment_scripts_only(px4_ros_com)
[219.730s] Level 1:colcon.colcon_core.environment:checking '/home/jwrig/EGH400-2/install/px4_ros_com' for CMake module files
[219.730s] Level 1:colcon.colcon_core.environment:checking '/home/jwrig/EGH400-2/install/px4_ros_com' for CMake config files
[219.730s] Level 1:colcon.colcon_core.shell:create_environment_hook('px4_ros_com', 'cmake_prefix_path')
[219.743s] INFO:colcon.colcon_core.shell:Creating environment hook '/home/jwrig/EGH400-2/install/px4_ros_com/share/px4_ros_com/hook/cmake_prefix_path.ps1'
[219.744s] INFO:colcon.colcon_core.shell:Creating environment descriptor '/home/jwrig/EGH400-2/install/px4_ros_com/share/px4_ros_com/hook/cmake_prefix_path.dsv'
[219.744s] INFO:colcon.colcon_core.shell:Creating environment hook '/home/jwrig/EGH400-2/install/px4_ros_com/share/px4_ros_com/hook/cmake_prefix_path.sh'
[219.745s] Level 1:colcon.colcon_core.environment:checking '/home/jwrig/EGH400-2/install/px4_ros_com/lib'
[219.745s] Level 1:colcon.colcon_core.shell:create_environment_hook('px4_ros_com', 'ld_library_path_lib')
[219.758s] INFO:colcon.colcon_core.shell:Creating environment hook '/home/jwrig/EGH400-2/install/px4_ros_com/share/px4_ros_com/hook/ld_library_path_lib.ps1'
[219.758s] INFO:colcon.colcon_core.shell:Creating environment descriptor '/home/jwrig/EGH400-2/install/px4_ros_com/share/px4_ros_com/hook/ld_library_path_lib.dsv'
[219.759s] INFO:colcon.colcon_core.shell:Creating environment hook '/home/jwrig/EGH400-2/install/px4_ros_com/share/px4_ros_com/hook/ld_library_path_lib.sh'
[219.759s] Level 1:colcon.colcon_core.environment:checking '/home/jwrig/EGH400-2/install/px4_ros_com/bin'
[219.759s] Level 1:colcon.colcon_core.environment:checking '/home/jwrig/EGH400-2/install/px4_ros_com/lib/pkgconfig/px4_ros_com.pc'
[219.759s] Level 1:colcon.colcon_core.environment:checking '/home/jwrig/EGH400-2/install/px4_ros_com/lib/python3.10/site-packages'
[219.759s] Level 1:colcon.colcon_core.environment:checking '/home/jwrig/EGH400-2/install/px4_ros_com/bin'
[219.772s] INFO:colcon.colcon_core.shell:Creating package script '/home/jwrig/EGH400-2/install/px4_ros_com/share/px4_ros_com/package.ps1'
[219.773s] INFO:colcon.colcon_core.shell:Creating package descriptor '/home/jwrig/EGH400-2/install/px4_ros_com/share/px4_ros_com/package.dsv'
[219.773s] INFO:colcon.colcon_core.shell:Creating package script '/home/jwrig/EGH400-2/install/px4_ros_com/share/px4_ros_com/package.sh'
[219.774s] INFO:colcon.colcon_core.shell:Creating package script '/home/jwrig/EGH400-2/install/px4_ros_com/share/px4_ros_com/package.bash'
[219.774s] INFO:colcon.colcon_core.shell:Creating package script '/home/jwrig/EGH400-2/install/px4_ros_com/share/px4_ros_com/package.zsh'
[219.774s] Level 1:colcon.colcon_core.environment:create_file_with_runtime_dependencies(/home/jwrig/EGH400-2/install/px4_ros_com/share/colcon-core/packages/px4_ros_com)
[219.775s] DEBUG:colcon.colcon_parallel_executor.executor.parallel:closing loop
[219.775s] DEBUG:colcon.colcon_parallel_executor.executor.parallel:loop closed
[219.775s] DEBUG:colcon.colcon_parallel_executor.executor.parallel:run_until_complete finished with '0'
[219.775s] DEBUG:colcon.colcon_core.event_reactor:joining thread
[219.848s] INFO:colcon.colcon_core.plugin_system:Skipping extension 'colcon_notification.desktop_notification.terminal_notifier': Not used on non-Darwin systems
[219.848s] INFO:colcon.colcon_core.plugin_system:Skipping extension 'colcon_notification.desktop_notification.win32': Not used on non-Windows systems
[219.848s] INFO:colcon.colcon_notification.desktop_notification:Sending desktop notification using 'notify2'
[220.104s] DEBUG:colcon.colcon_core.event_reactor:joined thread
[220.118s] INFO:colcon.colcon_core.shell:Creating prefix script '/home/jwrig/EGH400-2/install/local_setup.ps1'
[220.119s] INFO:colcon.colcon_core.shell:Creating prefix util module '/home/jwrig/EGH400-2/install/_local_setup_util_ps1.py'
[220.120s] INFO:colcon.colcon_core.shell:Creating prefix chain script '/home/jwrig/EGH400-2/install/setup.ps1'
[220.134s] INFO:colcon.colcon_core.shell:Creating prefix script '/home/jwrig/EGH400-2/install/local_setup.sh'
[220.135s] INFO:colcon.colcon_core.shell:Creating prefix util module '/home/jwrig/EGH400-2/install/_local_setup_util_sh.py'
[220.135s] INFO:colcon.colcon_core.shell:Creating prefix chain script '/home/jwrig/EGH400-2/install/setup.sh'
[220.149s] INFO:colcon.colcon_core.shell:Creating prefix script '/home/jwrig/EGH400-2/install/local_setup.bash'
[220.150s] INFO:colcon.colcon_core.shell:Creating prefix chain script '/home/jwrig/EGH400-2/install/setup.bash'
[220.164s] INFO:colcon.colcon_core.shell:Creating prefix script '/home/jwrig/EGH400-2/install/local_setup.zsh'
[220.164s] INFO:colcon.colcon_core.shell:Creating prefix chain script '/home/jwrig/EGH400-2/install/setup.zsh'
