running egg_info
creating ../../build/offboard_control/offboard_control.egg-info
writing ../../build/offboard_control/offboard_control.egg-info/PKG-INFO
writing dependency_links to ../../build/offboard_control/offboard_control.egg-info/dependency_links.txt
writing entry points to ../../build/offboard_control/offboard_control.egg-info/entry_points.txt
writing requirements to ../../build/offboard_control/offboard_control.egg-info/requires.txt
writing top-level names to ../../build/offboard_control/offboard_control.egg-info/top_level.txt
writing manifest file '../../build/offboard_control/offboard_control.egg-info/SOURCES.txt'
reading manifest file '../../build/offboard_control/offboard_control.egg-info/SOURCES.txt'
writing manifest file '../../build/offboard_control/offboard_control.egg-info/SOURCES.txt'
running build
running build_py
creating /home/jwrig/EGH400-2/build/offboard_control/build
creating /home/jwrig/EGH400-2/build/offboard_control/build/lib
creating /home/jwrig/EGH400-2/build/offboard_control/build/lib/offboard_control
copying offboard_control/__init__.py -> /home/jwrig/EGH400-2/build/offboard_control/build/lib/offboard_control
copying offboard_control/UAV_control.py -> /home/jwrig/EGH400-2/build/offboard_control/build/lib/offboard_control
running install
/home/jwrig/.local/lib/python3.10/site-packages/setuptools/_distutils/cmd.py:66: SetuptoolsDeprecationWarning: setup.py install is deprecated.
!!

        ********************************************************************************
        Please avoid running ``setup.py`` directly.
        Instead, use pypa/build, pypa/installer or other
        standards-based tools.

        See https://blog.ganssle.io/articles/2021/10/setup-py-deprecated.html for details.
        ********************************************************************************

!!
  self.initialize_options()
running install_lib
creating /home/jwrig/EGH400-2/install/offboard_control/lib/python3.10/site-packages/offboard_control
copying /home/jwrig/EGH400-2/build/offboard_control/build/lib/offboard_control/__init__.py -> /home/jwrig/EGH400-2/install/offboard_control/lib/python3.10/site-packages/offboard_control
copying /home/jwrig/EGH400-2/build/offboard_control/build/lib/offboard_control/UAV_control.py -> /home/jwrig/EGH400-2/install/offboard_control/lib/python3.10/site-packages/offboard_control
byte-compiling /home/jwrig/EGH400-2/install/offboard_control/lib/python3.10/site-packages/offboard_control/__init__.py to __init__.cpython-310.pyc
byte-compiling /home/jwrig/EGH400-2/install/offboard_control/lib/python3.10/site-packages/offboard_control/UAV_control.py to UAV_control.cpython-310.pyc
running install_data
copying resource/offboard_control -> /home/jwrig/EGH400-2/install/offboard_control/share/ament_index/resource_index/packages
copying package.xml -> /home/jwrig/EGH400-2/install/offboard_control/share/offboard_control
running install_egg_info
Copying ../../build/offboard_control/offboard_control.egg-info to /home/jwrig/EGH400-2/install/offboard_control/lib/python3.10/site-packages/offboard_control-0.0.0-py3.10.egg-info
running install_scripts
Installing UAV_control script to /home/jwrig/EGH400-2/install/offboard_control/lib/offboard_control
writing list of installed files to '/home/jwrig/EGH400-2/build/offboard_control/install.log'
