[0.926s] DEBUG:colcon:Command line arguments: ['/usr/bin/colcon', 'build']
[0.926s] DEBUG:colcon:Parsed command line arguments: Namespace(log_base=None, log_level=None, verb_name='build', build_base='build', install_base='install', merge_install=False, symlink_install=False, test_result_base=None, continue_on_error=False, executor='parallel', parallel_workers=8, event_handlers=None, ignore_user_meta=False, metas=['./colcon.meta'], base_paths=['.'], packages_ignore=None, packages_ignore_regex=None, paths=None, packages_up_to=None, packages_up_to_regex=None, packages_above=None, packages_above_and_dependencies=None, packages_above_depth=None, packages_select_by_dep=None, packages_skip_by_dep=None, packages_skip_up_to=None, packages_select_build_failed=False, packages_skip_build_finished=False, packages_select_test_failures=False, packages_skip_test_passed=False, packages_select=None, packages_skip=None, packages_select_regex=None, packages_skip_regex=None, packages_start=None, packages_end=None, allow_overriding=[], cmake_args=None, cmake_target=None, cmake_target_skip_unavailable=False, cmake_clean_cache=False, cmake_clean_first=False, cmake_force_configure=False, ament_cmake_args=None, catkin_cmake_args=None, catkin_skip_building_tests=False, verb_parser=<colcon_defaults.argument_parser.defaults.DefaultArgumentsDecorator object at 0x7f938a60c910>, verb_extension=<colcon_core.verb.build.BuildVerb object at 0x7f938a60c370>, main=<bound method BuildVerb.main of <colcon_core.verb.build.BuildVerb object at 0x7f938a60c370>>)
[0.978s] Level 1:colcon.colcon_core.package_discovery:discover_packages(colcon_meta) check parameters
[0.978s] Level 1:colcon.colcon_core.package_discovery:discover_packages(recursive) check parameters
[0.978s] Level 1:colcon.colcon_core.package_discovery:discover_packages(ignore) check parameters
[0.978s] Level 1:colcon.colcon_core.package_discovery:discover_packages(path) check parameters
[0.978s] Level 1:colcon.colcon_core.package_discovery:discover_packages(colcon_meta) discover
[0.978s] Level 1:colcon.colcon_core.package_discovery:discover_packages(recursive) discover
[0.978s] INFO:colcon.colcon_core.package_discovery:Crawling recursively for packages in '/home/jwrig/EGH400-2'
[0.978s] Level 1:colcon.colcon_core.package_identification:_identify(.) by extensions ['ignore', 'ignore_ament_install']
[0.978s] Level 1:colcon.colcon_core.package_identification:_identify(.) by extension 'ignore'
[0.978s] Level 1:colcon.colcon_core.package_identification:_identify(.) by extension 'ignore_ament_install'
[0.978s] Level 1:colcon.colcon_core.package_identification:_identify(.) by extensions ['colcon_pkg']
[0.978s] Level 1:colcon.colcon_core.package_identification:_identify(.) by extension 'colcon_pkg'
[0.978s] Level 1:colcon.colcon_core.package_identification:_identify(.) by extensions ['colcon_meta']
[0.978s] Level 1:colcon.colcon_core.package_identification:_identify(.) by extension 'colcon_meta'
[0.978s] Level 1:colcon.colcon_core.package_identification:_identify(.) by extensions ['ros']
[0.978s] Level 1:colcon.colcon_core.package_identification:_identify(.) by extension 'ros'
[0.990s] Level 1:colcon.colcon_core.package_identification:_identify(.) by extensions ['cmake', 'python']
[0.991s] Level 1:colcon.colcon_core.package_identification:_identify(.) by extension 'cmake'
[0.991s] Level 1:colcon.colcon_core.package_identification:_identify(.) by extension 'python'
[0.991s] Level 1:colcon.colcon_core.package_identification:_identify(.) by extensions ['python_setup_py']
[0.991s] Level 1:colcon.colcon_core.package_identification:_identify(.) by extension 'python_setup_py'
[0.991s] Level 1:colcon.colcon_core.package_identification:_identify(build) by extensions ['ignore', 'ignore_ament_install']
[0.991s] Level 1:colcon.colcon_core.package_identification:_identify(build) by extension 'ignore'
[0.991s] Level 1:colcon.colcon_core.package_identification:_identify(build) ignored
[0.991s] Level 1:colcon.colcon_core.package_identification:_identify(install) by extensions ['ignore', 'ignore_ament_install']
[0.991s] Level 1:colcon.colcon_core.package_identification:_identify(install) by extension 'ignore'
[0.991s] Level 1:colcon.colcon_core.package_identification:_identify(install) ignored
[0.991s] Level 1:colcon.colcon_core.package_identification:_identify(log) by extensions ['ignore', 'ignore_ament_install']
[0.991s] Level 1:colcon.colcon_core.package_identification:_identify(log) by extension 'ignore'
[0.991s] Level 1:colcon.colcon_core.package_identification:_identify(log) ignored
[0.991s] Level 1:colcon.colcon_core.package_identification:_identify(src) by extensions ['ignore', 'ignore_ament_install']
[0.992s] Level 1:colcon.colcon_core.package_identification:_identify(src) by extension 'ignore'
[0.992s] Level 1:colcon.colcon_core.package_identification:_identify(src) by extension 'ignore_ament_install'
[0.992s] Level 1:colcon.colcon_core.package_identification:_identify(src) by extensions ['colcon_pkg']
[0.992s] Level 1:colcon.colcon_core.package_identification:_identify(src) by extension 'colcon_pkg'
[0.992s] Level 1:colcon.colcon_core.package_identification:_identify(src) by extensions ['colcon_meta']
[0.992s] Level 1:colcon.colcon_core.package_identification:_identify(src) by extension 'colcon_meta'
[0.992s] Level 1:colcon.colcon_core.package_identification:_identify(src) by extensions ['ros']
[0.992s] Level 1:colcon.colcon_core.package_identification:_identify(src) by extension 'ros'
[0.992s] Level 1:colcon.colcon_core.package_identification:_identify(src) by extensions ['cmake', 'python']
[0.992s] Level 1:colcon.colcon_core.package_identification:_identify(src) by extension 'cmake'
[0.992s] Level 1:colcon.colcon_core.package_identification:_identify(src) by extension 'python'
[0.992s] Level 1:colcon.colcon_core.package_identification:_identify(src) by extensions ['python_setup_py']
[0.992s] Level 1:colcon.colcon_core.package_identification:_identify(src) by extension 'python_setup_py'
[0.992s] Level 1:colcon.colcon_core.package_identification:_identify(src/d_star_lite) by extensions ['ignore', 'ignore_ament_install']
[0.992s] Level 1:colcon.colcon_core.package_identification:_identify(src/d_star_lite) by extension 'ignore'
[0.992s] Level 1:colcon.colcon_core.package_identification:_identify(src/d_star_lite) by extension 'ignore_ament_install'
[0.992s] Level 1:colcon.colcon_core.package_identification:_identify(src/d_star_lite) by extensions ['colcon_pkg']
[0.992s] Level 1:colcon.colcon_core.package_identification:_identify(src/d_star_lite) by extension 'colcon_pkg'
[0.992s] Level 1:colcon.colcon_core.package_identification:_identify(src/d_star_lite) by extensions ['colcon_meta']
[0.993s] Level 1:colcon.colcon_core.package_identification:_identify(src/d_star_lite) by extension 'colcon_meta'
[0.993s] Level 1:colcon.colcon_core.package_identification:_identify(src/d_star_lite) by extensions ['ros']
[0.993s] Level 1:colcon.colcon_core.package_identification:_identify(src/d_star_lite) by extension 'ros'
[0.994s] DEBUG:colcon.colcon_core.package_identification:Package 'src/d_star_lite' with type 'ros.ament_python' and name 'd_star_lite'
[0.995s] Level 1:colcon.colcon_core.package_identification:_identify(src/offboard_control) by extensions ['ignore', 'ignore_ament_install']
[0.995s] Level 1:colcon.colcon_core.package_identification:_identify(src/offboard_control) by extension 'ignore'
[0.995s] Level 1:colcon.colcon_core.package_identification:_identify(src/offboard_control) by extension 'ignore_ament_install'
[0.995s] Level 1:colcon.colcon_core.package_identification:_identify(src/offboard_control) by extensions ['colcon_pkg']
[0.995s] Level 1:colcon.colcon_core.package_identification:_identify(src/offboard_control) by extension 'colcon_pkg'
[0.995s] Level 1:colcon.colcon_core.package_identification:_identify(src/offboard_control) by extensions ['colcon_meta']
[0.995s] Level 1:colcon.colcon_core.package_identification:_identify(src/offboard_control) by extension 'colcon_meta'
[0.995s] Level 1:colcon.colcon_core.package_identification:_identify(src/offboard_control) by extensions ['ros']
[0.995s] Level 1:colcon.colcon_core.package_identification:_identify(src/offboard_control) by extension 'ros'
[0.996s] DEBUG:colcon.colcon_core.package_identification:Package 'src/offboard_control' with type 'ros.ament_python' and name 'offboard_control'
[0.996s] Level 1:colcon.colcon_core.package_identification:_identify(src/px4_msgs) by extensions ['ignore', 'ignore_ament_install']
[0.996s] Level 1:colcon.colcon_core.package_identification:_identify(src/px4_msgs) by extension 'ignore'
[0.996s] Level 1:colcon.colcon_core.package_identification:_identify(src/px4_msgs) by extension 'ignore_ament_install'
[0.996s] Level 1:colcon.colcon_core.package_identification:_identify(src/px4_msgs) by extensions ['colcon_pkg']
[0.996s] Level 1:colcon.colcon_core.package_identification:_identify(src/px4_msgs) by extension 'colcon_pkg'
[0.996s] Level 1:colcon.colcon_core.package_identification:_identify(src/px4_msgs) by extensions ['colcon_meta']
[0.996s] Level 1:colcon.colcon_core.package_identification:_identify(src/px4_msgs) by extension 'colcon_meta'
[0.996s] Level 1:colcon.colcon_core.package_identification:_identify(src/px4_msgs) by extensions ['ros']
[0.996s] Level 1:colcon.colcon_core.package_identification:_identify(src/px4_msgs) by extension 'ros'
[0.997s] DEBUG:colcon.colcon_core.package_identification:Package 'src/px4_msgs' with type 'ros.ament_cmake' and name 'px4_msgs'
[0.997s] Level 1:colcon.colcon_core.package_identification:_identify(src/px4_ros_com) by extensions ['ignore', 'ignore_ament_install']
[0.997s] Level 1:colcon.colcon_core.package_identification:_identify(src/px4_ros_com) by extension 'ignore'
[0.997s] Level 1:colcon.colcon_core.package_identification:_identify(src/px4_ros_com) by extension 'ignore_ament_install'
[0.997s] Level 1:colcon.colcon_core.package_identification:_identify(src/px4_ros_com) by extensions ['colcon_pkg']
[0.997s] Level 1:colcon.colcon_core.package_identification:_identify(src/px4_ros_com) by extension 'colcon_pkg'
[0.997s] Level 1:colcon.colcon_core.package_identification:_identify(src/px4_ros_com) by extensions ['colcon_meta']
[0.997s] Level 1:colcon.colcon_core.package_identification:_identify(src/px4_ros_com) by extension 'colcon_meta'
[0.997s] Level 1:colcon.colcon_core.package_identification:_identify(src/px4_ros_com) by extensions ['ros']
[0.997s] Level 1:colcon.colcon_core.package_identification:_identify(src/px4_ros_com) by extension 'ros'
[0.998s] DEBUG:colcon.colcon_core.package_identification:Package 'src/px4_ros_com' with type 'ros.ament_cmake' and name 'px4_ros_com'
[0.998s] Level 1:colcon.colcon_core.package_discovery:discover_packages(recursive) using defaults
[0.998s] Level 1:colcon.colcon_core.package_discovery:discover_packages(ignore) discover
[0.998s] Level 1:colcon.colcon_core.package_discovery:discover_packages(ignore) using defaults
[0.998s] Level 1:colcon.colcon_core.package_discovery:discover_packages(path) discover
[0.998s] Level 1:colcon.colcon_core.package_discovery:discover_packages(path) using defaults
[1.085s] Level 1:colcon.colcon_core.package_discovery:discover_packages(prefix_path) check parameters
[1.085s] Level 1:colcon.colcon_core.package_discovery:discover_packages(prefix_path) discover
[1.115s] DEBUG:colcon.colcon_installed_package_information.package_discovery:Found 4 installed packages in /home/jwrig/EGH400-2/install
[1.130s] DEBUG:colcon.colcon_installed_package_information.package_discovery:Found 281 installed packages in /opt/ros/iron
[1.131s] Level 1:colcon.colcon_core.package_discovery:discover_packages(prefix_path) using defaults
[1.178s] WARNING:colcon.colcon_core.package_selection:Some selected packages are already built in one or more underlay workspaces:
	'px4_msgs' is in: /home/jwrig/EGH400-2/install/px4_msgs
If a package in a merged underlay workspace is overridden and it installs headers, then all packages in the overlay must sort their include directories by workspace order. Failure to do so may result in build failures or undefined behavior at run time.
If the overridden package is used by another package in any underlay, then the overriding package in the overlay must be API and ABI compatible or undefined behavior at run time may occur.

If you understand the risks and want to override a package anyways, add the following to the command line:
	--allow-overriding px4_msgs

This may be promoted to an error in a future release of colcon-override-check.
[1.193s] Level 5:colcon.colcon_core.verb:set package 'px4_msgs' build argument 'cmake_args' from command line to 'None'
[1.193s] Level 5:colcon.colcon_core.verb:set package 'px4_msgs' build argument 'cmake_target' from command line to 'None'
[1.193s] Level 5:colcon.colcon_core.verb:set package 'px4_msgs' build argument 'cmake_target_skip_unavailable' from command line to 'False'
[1.193s] Level 5:colcon.colcon_core.verb:set package 'px4_msgs' build argument 'cmake_clean_cache' from command line to 'False'
[1.193s] Level 5:colcon.colcon_core.verb:set package 'px4_msgs' build argument 'cmake_clean_first' from command line to 'False'
[1.193s] Level 5:colcon.colcon_core.verb:set package 'px4_msgs' build argument 'cmake_force_configure' from command line to 'False'
[1.193s] Level 5:colcon.colcon_core.verb:set package 'px4_msgs' build argument 'ament_cmake_args' from command line to 'None'
[1.193s] Level 5:colcon.colcon_core.verb:set package 'px4_msgs' build argument 'catkin_cmake_args' from command line to 'None'
[1.193s] Level 5:colcon.colcon_core.verb:set package 'px4_msgs' build argument 'catkin_skip_building_tests' from command line to 'False'
[1.194s] DEBUG:colcon.colcon_core.verb:Building package 'px4_msgs' with the following arguments: {'ament_cmake_args': None, 'build_base': '/home/jwrig/EGH400-2/build/px4_msgs', 'catkin_cmake_args': None, 'catkin_skip_building_tests': False, 'cmake_args': None, 'cmake_clean_cache': False, 'cmake_clean_first': False, 'cmake_force_configure': False, 'cmake_target': None, 'cmake_target_skip_unavailable': False, 'install_base': '/home/jwrig/EGH400-2/install/px4_msgs', 'merge_install': False, 'path': '/home/jwrig/EGH400-2/src/px4_msgs', 'symlink_install': False, 'test_result_base': None}
[1.208s] Level 5:colcon.colcon_core.verb:set package 'd_star_lite' build argument 'cmake_args' from command line to 'None'
[1.208s] Level 5:colcon.colcon_core.verb:set package 'd_star_lite' build argument 'cmake_target' from command line to 'None'
[1.208s] Level 5:colcon.colcon_core.verb:set package 'd_star_lite' build argument 'cmake_target_skip_unavailable' from command line to 'False'
[1.208s] Level 5:colcon.colcon_core.verb:set package 'd_star_lite' build argument 'cmake_clean_cache' from command line to 'False'
[1.208s] Level 5:colcon.colcon_core.verb:set package 'd_star_lite' build argument 'cmake_clean_first' from command line to 'False'
[1.208s] Level 5:colcon.colcon_core.verb:set package 'd_star_lite' build argument 'cmake_force_configure' from command line to 'False'
[1.208s] Level 5:colcon.colcon_core.verb:set package 'd_star_lite' build argument 'ament_cmake_args' from command line to 'None'
[1.208s] Level 5:colcon.colcon_core.verb:set package 'd_star_lite' build argument 'catkin_cmake_args' from command line to 'None'
[1.208s] Level 5:colcon.colcon_core.verb:set package 'd_star_lite' build argument 'catkin_skip_building_tests' from command line to 'False'
[1.208s] DEBUG:colcon.colcon_core.verb:Building package 'd_star_lite' with the following arguments: {'ament_cmake_args': None, 'build_base': '/home/jwrig/EGH400-2/build/d_star_lite', 'catkin_cmake_args': None, 'catkin_skip_building_tests': False, 'cmake_args': None, 'cmake_clean_cache': False, 'cmake_clean_first': False, 'cmake_force_configure': False, 'cmake_target': None, 'cmake_target_skip_unavailable': False, 'install_base': '/home/jwrig/EGH400-2/install/d_star_lite', 'merge_install': False, 'path': '/home/jwrig/EGH400-2/src/d_star_lite', 'symlink_install': False, 'test_result_base': None}
[1.223s] Level 5:colcon.colcon_core.verb:set package 'px4_ros_com' build argument 'cmake_args' from command line to 'None'
[1.223s] Level 5:colcon.colcon_core.verb:set package 'px4_ros_com' build argument 'cmake_target' from command line to 'None'
[1.223s] Level 5:colcon.colcon_core.verb:set package 'px4_ros_com' build argument 'cmake_target_skip_unavailable' from command line to 'False'
[1.223s] Level 5:colcon.colcon_core.verb:set package 'px4_ros_com' build argument 'cmake_clean_cache' from command line to 'False'
[1.223s] Level 5:colcon.colcon_core.verb:set package 'px4_ros_com' build argument 'cmake_clean_first' from command line to 'False'
[1.223s] Level 5:colcon.colcon_core.verb:set package 'px4_ros_com' build argument 'cmake_force_configure' from command line to 'False'
[1.223s] Level 5:colcon.colcon_core.verb:set package 'px4_ros_com' build argument 'ament_cmake_args' from command line to 'None'
[1.223s] Level 5:colcon.colcon_core.verb:set package 'px4_ros_com' build argument 'catkin_cmake_args' from command line to 'None'
[1.223s] Level 5:colcon.colcon_core.verb:set package 'px4_ros_com' build argument 'catkin_skip_building_tests' from command line to 'False'
[1.223s] DEBUG:colcon.colcon_core.verb:Building package 'px4_ros_com' with the following arguments: {'ament_cmake_args': None, 'build_base': '/home/jwrig/EGH400-2/build/px4_ros_com', 'catkin_cmake_args': None, 'catkin_skip_building_tests': False, 'cmake_args': None, 'cmake_clean_cache': False, 'cmake_clean_first': False, 'cmake_force_configure': False, 'cmake_target': None, 'cmake_target_skip_unavailable': False, 'install_base': '/home/jwrig/EGH400-2/install/px4_ros_com', 'merge_install': False, 'path': '/home/jwrig/EGH400-2/src/px4_ros_com', 'symlink_install': False, 'test_result_base': None}
[1.237s] Level 5:colcon.colcon_core.verb:set package 'offboard_control' build argument 'cmake_args' from command line to 'None'
[1.237s] Level 5:colcon.colcon_core.verb:set package 'offboard_control' build argument 'cmake_target' from command line to 'None'
[1.237s] Level 5:colcon.colcon_core.verb:set package 'offboard_control' build argument 'cmake_target_skip_unavailable' from command line to 'False'
[1.237s] Level 5:colcon.colcon_core.verb:set package 'offboard_control' build argument 'cmake_clean_cache' from command line to 'False'
[1.237s] Level 5:colcon.colcon_core.verb:set package 'offboard_control' build argument 'cmake_clean_first' from command line to 'False'
[1.237s] Level 5:colcon.colcon_core.verb:set package 'offboard_control' build argument 'cmake_force_configure' from command line to 'False'
[1.238s] Level 5:colcon.colcon_core.verb:set package 'offboard_control' build argument 'ament_cmake_args' from command line to 'None'
[1.238s] Level 5:colcon.colcon_core.verb:set package 'offboard_control' build argument 'catkin_cmake_args' from command line to 'None'
[1.238s] Level 5:colcon.colcon_core.verb:set package 'offboard_control' build argument 'catkin_skip_building_tests' from command line to 'False'
[1.238s] DEBUG:colcon.colcon_core.verb:Building package 'offboard_control' with the following arguments: {'ament_cmake_args': None, 'build_base': '/home/jwrig/EGH400-2/build/offboard_control', 'catkin_cmake_args': None, 'catkin_skip_building_tests': False, 'cmake_args': None, 'cmake_clean_cache': False, 'cmake_clean_first': False, 'cmake_force_configure': False, 'cmake_target': None, 'cmake_target_skip_unavailable': False, 'install_base': '/home/jwrig/EGH400-2/install/offboard_control', 'merge_install': False, 'path': '/home/jwrig/EGH400-2/src/offboard_control', 'symlink_install': False, 'test_result_base': None}
[1.261s] INFO:colcon.colcon_core.executor:Executing jobs using 'parallel' executor
[1.276s] DEBUG:colcon.colcon_parallel_executor.executor.parallel:run_until_complete
[1.276s] INFO:colcon.colcon_ros.task.ament_cmake.build:Building ROS package in '/home/jwrig/EGH400-2/src/px4_msgs' with build type 'ament_cmake'
[1.277s] INFO:colcon.colcon_cmake.task.cmake.build:Building CMake package in '/home/jwrig/EGH400-2/src/px4_msgs'
[1.293s] INFO:colcon.colcon_core.plugin_system:Skipping extension 'colcon_core.shell.bat': Not used on non-Windows systems
[1.293s] INFO:colcon.colcon_core.shell:Skip shell extension 'powershell' for command environment: Not usable outside of PowerShell
[1.293s] DEBUG:colcon.colcon_core.shell:Skip shell extension 'dsv' for command environment
[1.699s] DEBUG:colcon.colcon_core.event_handler.log_command:Invoking command in '/home/jwrig/EGH400-2/build/px4_msgs': CMAKE_PREFIX_PATH=${CMAKE_PREFIX_PATH}:/home/jwrig/EGH400-2/install/control_demo:/opt/ros/iron /usr/bin/cmake --build /home/jwrig/EGH400-2/build/px4_msgs -- -j8 -l8
[4.433s] DEBUG:colcon.colcon_core.event_handler.log_command:Invoked command in '/home/jwrig/EGH400-2/build/px4_msgs' returned '0': CMAKE_PREFIX_PATH=${CMAKE_PREFIX_PATH}:/home/jwrig/EGH400-2/install/control_demo:/opt/ros/iron /usr/bin/cmake --build /home/jwrig/EGH400-2/build/px4_msgs -- -j8 -l8
[10.326s] DEBUG:colcon.colcon_core.event_handler.log_command:Invoking command in '/home/jwrig/EGH400-2/build/px4_msgs': CMAKE_PREFIX_PATH=${CMAKE_PREFIX_PATH}:/home/jwrig/EGH400-2/install/control_demo:/opt/ros/iron /usr/bin/cmake --install /home/jwrig/EGH400-2/build/px4_msgs
[12.018s] Level 1:colcon.colcon_core.environment:create_environment_scripts_only(px4_msgs)
[12.018s] DEBUG:colcon.colcon_core.event_handler.log_command:Invoked command in '/home/jwrig/EGH400-2/build/px4_msgs' returned '0': CMAKE_PREFIX_PATH=${CMAKE_PREFIX_PATH}:/home/jwrig/EGH400-2/install/control_demo:/opt/ros/iron /usr/bin/cmake --install /home/jwrig/EGH400-2/build/px4_msgs
[12.035s] Level 1:colcon.colcon_core.environment:checking '/home/jwrig/EGH400-2/install/px4_msgs' for CMake module files
[12.035s] Level 1:colcon.colcon_core.environment:checking '/home/jwrig/EGH400-2/install/px4_msgs' for CMake config files
[12.036s] Level 1:colcon.colcon_core.shell:create_environment_hook('px4_msgs', 'cmake_prefix_path')
[12.050s] INFO:colcon.colcon_core.shell:Creating environment hook '/home/jwrig/EGH400-2/install/px4_msgs/share/px4_msgs/hook/cmake_prefix_path.ps1'
[12.051s] INFO:colcon.colcon_core.shell:Creating environment descriptor '/home/jwrig/EGH400-2/install/px4_msgs/share/px4_msgs/hook/cmake_prefix_path.dsv'
[12.051s] INFO:colcon.colcon_core.shell:Creating environment hook '/home/jwrig/EGH400-2/install/px4_msgs/share/px4_msgs/hook/cmake_prefix_path.sh'
[12.052s] Level 1:colcon.colcon_core.environment:checking '/home/jwrig/EGH400-2/install/px4_msgs/lib'
[12.052s] Level 1:colcon.colcon_core.shell:create_environment_hook('px4_msgs', 'ld_library_path_lib')
[12.066s] INFO:colcon.colcon_core.shell:Creating environment hook '/home/jwrig/EGH400-2/install/px4_msgs/share/px4_msgs/hook/ld_library_path_lib.ps1'
[12.066s] INFO:colcon.colcon_core.shell:Creating environment descriptor '/home/jwrig/EGH400-2/install/px4_msgs/share/px4_msgs/hook/ld_library_path_lib.dsv'
[12.066s] INFO:colcon.colcon_core.shell:Creating environment hook '/home/jwrig/EGH400-2/install/px4_msgs/share/px4_msgs/hook/ld_library_path_lib.sh'
[12.067s] Level 1:colcon.colcon_core.environment:checking '/home/jwrig/EGH400-2/install/px4_msgs/bin'
[12.067s] Level 1:colcon.colcon_core.environment:checking '/home/jwrig/EGH400-2/install/px4_msgs/lib/pkgconfig/px4_msgs.pc'
[12.067s] Level 1:colcon.colcon_core.environment:checking '/home/jwrig/EGH400-2/install/px4_msgs/lib/python3.10/site-packages'
[12.067s] Level 1:colcon.colcon_core.shell:create_environment_hook('px4_msgs', 'pythonpath')
[12.081s] INFO:colcon.colcon_core.shell:Creating environment hook '/home/jwrig/EGH400-2/install/px4_msgs/share/px4_msgs/hook/pythonpath.ps1'
[12.082s] INFO:colcon.colcon_core.shell:Creating environment descriptor '/home/jwrig/EGH400-2/install/px4_msgs/share/px4_msgs/hook/pythonpath.dsv'
[12.082s] INFO:colcon.colcon_core.shell:Creating environment hook '/home/jwrig/EGH400-2/install/px4_msgs/share/px4_msgs/hook/pythonpath.sh'
[12.082s] Level 1:colcon.colcon_core.environment:checking '/home/jwrig/EGH400-2/install/px4_msgs/bin'
[12.097s] INFO:colcon.colcon_core.shell:Creating package script '/home/jwrig/EGH400-2/install/px4_msgs/share/px4_msgs/package.ps1'
[12.097s] INFO:colcon.colcon_core.shell:Creating package descriptor '/home/jwrig/EGH400-2/install/px4_msgs/share/px4_msgs/package.dsv'
[12.098s] INFO:colcon.colcon_core.shell:Creating package script '/home/jwrig/EGH400-2/install/px4_msgs/share/px4_msgs/package.sh'
[12.098s] INFO:colcon.colcon_core.shell:Creating package script '/home/jwrig/EGH400-2/install/px4_msgs/share/px4_msgs/package.bash'
[12.099s] INFO:colcon.colcon_core.shell:Creating package script '/home/jwrig/EGH400-2/install/px4_msgs/share/px4_msgs/package.zsh'
[12.100s] Level 1:colcon.colcon_core.environment:create_file_with_runtime_dependencies(/home/jwrig/EGH400-2/install/px4_msgs/share/colcon-core/packages/px4_msgs)
[17.825s] Level 1:colcon.colcon_core.environment:create_environment_scripts_only(px4_msgs)
[17.839s] Level 1:colcon.colcon_core.environment:checking '/home/jwrig/EGH400-2/install/px4_msgs' for CMake module files
[17.840s] Level 1:colcon.colcon_core.environment:checking '/home/jwrig/EGH400-2/install/px4_msgs' for CMake config files
[17.840s] Level 1:colcon.colcon_core.shell:create_environment_hook('px4_msgs', 'cmake_prefix_path')
[17.855s] INFO:colcon.colcon_core.shell:Creating environment hook '/home/jwrig/EGH400-2/install/px4_msgs/share/px4_msgs/hook/cmake_prefix_path.ps1'
[17.856s] INFO:colcon.colcon_core.shell:Creating environment descriptor '/home/jwrig/EGH400-2/install/px4_msgs/share/px4_msgs/hook/cmake_prefix_path.dsv'
[17.856s] INFO:colcon.colcon_core.shell:Creating environment hook '/home/jwrig/EGH400-2/install/px4_msgs/share/px4_msgs/hook/cmake_prefix_path.sh'
[17.856s] Level 1:colcon.colcon_core.environment:checking '/home/jwrig/EGH400-2/install/px4_msgs/lib'
[17.857s] Level 1:colcon.colcon_core.shell:create_environment_hook('px4_msgs', 'ld_library_path_lib')
[17.871s] INFO:colcon.colcon_core.shell:Creating environment hook '/home/jwrig/EGH400-2/install/px4_msgs/share/px4_msgs/hook/ld_library_path_lib.ps1'
[17.871s] INFO:colcon.colcon_core.shell:Creating environment descriptor '/home/jwrig/EGH400-2/install/px4_msgs/share/px4_msgs/hook/ld_library_path_lib.dsv'
[17.871s] INFO:colcon.colcon_core.shell:Creating environment hook '/home/jwrig/EGH400-2/install/px4_msgs/share/px4_msgs/hook/ld_library_path_lib.sh'
[17.872s] Level 1:colcon.colcon_core.environment:checking '/home/jwrig/EGH400-2/install/px4_msgs/bin'
[17.872s] Level 1:colcon.colcon_core.environment:checking '/home/jwrig/EGH400-2/install/px4_msgs/lib/pkgconfig/px4_msgs.pc'
[17.872s] Level 1:colcon.colcon_core.environment:checking '/home/jwrig/EGH400-2/install/px4_msgs/lib/python3.10/site-packages'
[17.872s] Level 1:colcon.colcon_core.shell:create_environment_hook('px4_msgs', 'pythonpath')
[17.886s] INFO:colcon.colcon_core.shell:Creating environment hook '/home/jwrig/EGH400-2/install/px4_msgs/share/px4_msgs/hook/pythonpath.ps1'
[17.886s] INFO:colcon.colcon_core.shell:Creating environment descriptor '/home/jwrig/EGH400-2/install/px4_msgs/share/px4_msgs/hook/pythonpath.dsv'
[17.886s] INFO:colcon.colcon_core.shell:Creating environment hook '/home/jwrig/EGH400-2/install/px4_msgs/share/px4_msgs/hook/pythonpath.sh'
[17.887s] Level 1:colcon.colcon_core.environment:checking '/home/jwrig/EGH400-2/install/px4_msgs/bin'
[17.901s] INFO:colcon.colcon_core.shell:Creating package script '/home/jwrig/EGH400-2/install/px4_msgs/share/px4_msgs/package.ps1'
[17.902s] INFO:colcon.colcon_core.shell:Creating package descriptor '/home/jwrig/EGH400-2/install/px4_msgs/share/px4_msgs/package.dsv'
[17.902s] INFO:colcon.colcon_core.shell:Creating package script '/home/jwrig/EGH400-2/install/px4_msgs/share/px4_msgs/package.sh'
[17.902s] INFO:colcon.colcon_core.shell:Creating package script '/home/jwrig/EGH400-2/install/px4_msgs/share/px4_msgs/package.bash'
[17.903s] INFO:colcon.colcon_core.shell:Creating package script '/home/jwrig/EGH400-2/install/px4_msgs/share/px4_msgs/package.zsh'
[17.903s] Level 1:colcon.colcon_core.environment:create_file_with_runtime_dependencies(/home/jwrig/EGH400-2/install/px4_msgs/share/colcon-core/packages/px4_msgs)
[17.904s] INFO:colcon.colcon_ros.task.ament_python.build:Building ROS package in '/home/jwrig/EGH400-2/src/d_star_lite' with build type 'ament_python'
[17.904s] Level 1:colcon.colcon_core.shell:create_environment_hook('d_star_lite', 'ament_prefix_path')
[17.918s] INFO:colcon.colcon_core.shell:Creating environment hook '/home/jwrig/EGH400-2/install/d_star_lite/share/d_star_lite/hook/ament_prefix_path.ps1'
[17.919s] INFO:colcon.colcon_core.shell:Creating environment descriptor '/home/jwrig/EGH400-2/install/d_star_lite/share/d_star_lite/hook/ament_prefix_path.dsv'
[17.919s] INFO:colcon.colcon_core.shell:Creating environment hook '/home/jwrig/EGH400-2/install/d_star_lite/share/d_star_lite/hook/ament_prefix_path.sh'
[17.933s] INFO:colcon.colcon_core.shell:Skip shell extension 'powershell' for command environment: Not usable outside of PowerShell
[17.934s] DEBUG:colcon.colcon_core.shell:Skip shell extension 'dsv' for command environment
[17.978s] INFO:colcon.colcon_ros.task.ament_cmake.build:Building ROS package in '/home/jwrig/EGH400-2/src/px4_ros_com' with build type 'ament_cmake'
[17.978s] INFO:colcon.colcon_cmake.task.cmake.build:Building CMake package in '/home/jwrig/EGH400-2/src/px4_ros_com'
[17.993s] INFO:colcon.colcon_core.shell:Skip shell extension 'powershell' for command environment: Not usable outside of PowerShell
[17.993s] DEBUG:colcon.colcon_core.shell:Skip shell extension 'dsv' for command environment
[18.212s] INFO:colcon.colcon_core.task.python.build:Building Python package in '/home/jwrig/EGH400-2/src/d_star_lite'
[18.226s] INFO:colcon.colcon_core.shell:Skip shell extension 'powershell' for command environment: Not usable outside of PowerShell
[18.226s] DEBUG:colcon.colcon_core.shell:Skip shell extension 'dsv' for command environment
[18.285s] DEBUG:colcon.colcon_core.event_handler.log_command:Invoking command in '/home/jwrig/EGH400-2/build/px4_ros_com': CMAKE_PREFIX_PATH=/home/jwrig/EGH400-2/install/px4_msgs:/home/jwrig/EGH400-2/install/px4_ros_com:/home/jwrig/EGH400-2/install/offboard_control:/home/jwrig/EGH400-2/install/control_demo:/opt/ros/iron LD_LIBRARY_PATH=/home/jwrig/EGH400-2/install/px4_msgs/lib:/home/jwrig/EGH400-2/install/px4_ros_com/lib:/opt/ros/iron/opt/rviz_ogre_vendor/lib:/opt/ros/iron/lib/x86_64-linux-gnu:/opt/ros/iron/lib PYTHONPATH=/home/jwrig/EGH400-2/install/px4_msgs/lib/python3.10/site-packages:/home/jwrig/EGH400-2/install/offboard_control/lib/python3.10/site-packages:/home/jwrig/EGH400-2/install/control_demo/lib/python3.10/site-packages:/opt/ros/iron/lib/python3.10/site-packages /usr/bin/cmake --build /home/jwrig/EGH400-2/build/px4_ros_com -- -j8 -l8
[18.668s] DEBUG:colcon.colcon_core.event_handler.log_command:Invoked command in '/home/jwrig/EGH400-2/build/px4_ros_com' returned '0': CMAKE_PREFIX_PATH=/home/jwrig/EGH400-2/install/px4_msgs:/home/jwrig/EGH400-2/install/px4_ros_com:/home/jwrig/EGH400-2/install/offboard_control:/home/jwrig/EGH400-2/install/control_demo:/opt/ros/iron LD_LIBRARY_PATH=/home/jwrig/EGH400-2/install/px4_msgs/lib:/home/jwrig/EGH400-2/install/px4_ros_com/lib:/opt/ros/iron/opt/rviz_ogre_vendor/lib:/opt/ros/iron/lib/x86_64-linux-gnu:/opt/ros/iron/lib PYTHONPATH=/home/jwrig/EGH400-2/install/px4_msgs/lib/python3.10/site-packages:/home/jwrig/EGH400-2/install/offboard_control/lib/python3.10/site-packages:/home/jwrig/EGH400-2/install/control_demo/lib/python3.10/site-packages:/opt/ros/iron/lib/python3.10/site-packages /usr/bin/cmake --build /home/jwrig/EGH400-2/build/px4_ros_com -- -j8 -l8
[18.720s] DEBUG:colcon.colcon_core.event_handler.log_command:Invoking command in '/home/jwrig/EGH400-2/build/px4_ros_com': CMAKE_PREFIX_PATH=/home/jwrig/EGH400-2/install/px4_msgs:/home/jwrig/EGH400-2/install/px4_ros_com:/home/jwrig/EGH400-2/install/offboard_control:/home/jwrig/EGH400-2/install/control_demo:/opt/ros/iron LD_LIBRARY_PATH=/home/jwrig/EGH400-2/install/px4_msgs/lib:/home/jwrig/EGH400-2/install/px4_ros_com/lib:/opt/ros/iron/opt/rviz_ogre_vendor/lib:/opt/ros/iron/lib/x86_64-linux-gnu:/opt/ros/iron/lib PYTHONPATH=/home/jwrig/EGH400-2/install/px4_msgs/lib/python3.10/site-packages:/home/jwrig/EGH400-2/install/offboard_control/lib/python3.10/site-packages:/home/jwrig/EGH400-2/install/control_demo/lib/python3.10/site-packages:/opt/ros/iron/lib/python3.10/site-packages /usr/bin/cmake --install /home/jwrig/EGH400-2/build/px4_ros_com
[18.744s] DEBUG:colcon.colcon_core.event_handler.log_command:Invoking command in '/home/jwrig/EGH400-2/src/d_star_lite': CMAKE_PREFIX_PATH=/home/jwrig/EGH400-2/install/px4_msgs:/home/jwrig/EGH400-2/install/px4_ros_com:/home/jwrig/EGH400-2/install/offboard_control LD_LIBRARY_PATH=/home/jwrig/EGH400-2/install/px4_msgs/lib:/home/jwrig/EGH400-2/install/px4_ros_com/lib:/opt/ros/iron/opt/rviz_ogre_vendor/lib:/opt/ros/iron/lib/x86_64-linux-gnu:/opt/ros/iron/lib PYTHONPATH=/home/jwrig/EGH400-2/build/d_star_lite/prefix_override:/home/jwrig/EGH400-2/install/d_star_lite/lib/python3.10/site-packages:/home/jwrig/EGH400-2/install/px4_msgs/lib/python3.10/site-packages:/home/jwrig/EGH400-2/install/offboard_control/lib/python3.10/site-packages:/home/jwrig/EGH400-2/install/control_demo/lib/python3.10/site-packages:/opt/ros/iron/lib/python3.10/site-packages /usr/bin/python3 setup.py egg_info --egg-base ../../build/d_star_lite build --build-base /home/jwrig/EGH400-2/build/d_star_lite/build install --record /home/jwrig/EGH400-2/build/d_star_lite/install.log --single-version-externally-managed
[18.835s] Level 1:colcon.colcon_core.environment:create_environment_scripts_only(px4_ros_com)
[18.836s] DEBUG:colcon.colcon_core.event_handler.log_command:Invoked command in '/home/jwrig/EGH400-2/build/px4_ros_com' returned '0': CMAKE_PREFIX_PATH=/home/jwrig/EGH400-2/install/px4_msgs:/home/jwrig/EGH400-2/install/px4_ros_com:/home/jwrig/EGH400-2/install/offboard_control:/home/jwrig/EGH400-2/install/control_demo:/opt/ros/iron LD_LIBRARY_PATH=/home/jwrig/EGH400-2/install/px4_msgs/lib:/home/jwrig/EGH400-2/install/px4_ros_com/lib:/opt/ros/iron/opt/rviz_ogre_vendor/lib:/opt/ros/iron/lib/x86_64-linux-gnu:/opt/ros/iron/lib PYTHONPATH=/home/jwrig/EGH400-2/install/px4_msgs/lib/python3.10/site-packages:/home/jwrig/EGH400-2/install/offboard_control/lib/python3.10/site-packages:/home/jwrig/EGH400-2/install/control_demo/lib/python3.10/site-packages:/opt/ros/iron/lib/python3.10/site-packages /usr/bin/cmake --install /home/jwrig/EGH400-2/build/px4_ros_com
[18.850s] Level 1:colcon.colcon_core.environment:checking '/home/jwrig/EGH400-2/install/px4_ros_com' for CMake module files
[18.850s] Level 1:colcon.colcon_core.environment:checking '/home/jwrig/EGH400-2/install/px4_ros_com' for CMake config files
[18.851s] Level 1:colcon.colcon_core.shell:create_environment_hook('px4_ros_com', 'cmake_prefix_path')
[18.864s] INFO:colcon.colcon_core.shell:Creating environment hook '/home/jwrig/EGH400-2/install/px4_ros_com/share/px4_ros_com/hook/cmake_prefix_path.ps1'
[18.865s] INFO:colcon.colcon_core.shell:Creating environment descriptor '/home/jwrig/EGH400-2/install/px4_ros_com/share/px4_ros_com/hook/cmake_prefix_path.dsv'
[18.865s] INFO:colcon.colcon_core.shell:Creating environment hook '/home/jwrig/EGH400-2/install/px4_ros_com/share/px4_ros_com/hook/cmake_prefix_path.sh'
[18.866s] Level 1:colcon.colcon_core.environment:checking '/home/jwrig/EGH400-2/install/px4_ros_com/lib'
[18.866s] Level 1:colcon.colcon_core.shell:create_environment_hook('px4_ros_com', 'ld_library_path_lib')
[18.879s] INFO:colcon.colcon_core.shell:Creating environment hook '/home/jwrig/EGH400-2/install/px4_ros_com/share/px4_ros_com/hook/ld_library_path_lib.ps1'
[18.880s] INFO:colcon.colcon_core.shell:Creating environment descriptor '/home/jwrig/EGH400-2/install/px4_ros_com/share/px4_ros_com/hook/ld_library_path_lib.dsv'
[18.880s] INFO:colcon.colcon_core.shell:Creating environment hook '/home/jwrig/EGH400-2/install/px4_ros_com/share/px4_ros_com/hook/ld_library_path_lib.sh'
[18.880s] Level 1:colcon.colcon_core.environment:checking '/home/jwrig/EGH400-2/install/px4_ros_com/bin'
[18.881s] Level 1:colcon.colcon_core.environment:checking '/home/jwrig/EGH400-2/install/px4_ros_com/lib/pkgconfig/px4_ros_com.pc'
[18.881s] Level 1:colcon.colcon_core.environment:checking '/home/jwrig/EGH400-2/install/px4_ros_com/lib/python3.10/site-packages'
[18.881s] Level 1:colcon.colcon_core.environment:checking '/home/jwrig/EGH400-2/install/px4_ros_com/bin'
[18.895s] INFO:colcon.colcon_core.shell:Creating package script '/home/jwrig/EGH400-2/install/px4_ros_com/share/px4_ros_com/package.ps1'
[18.895s] INFO:colcon.colcon_core.shell:Creating package descriptor '/home/jwrig/EGH400-2/install/px4_ros_com/share/px4_ros_com/package.dsv'
[18.896s] INFO:colcon.colcon_core.shell:Creating package script '/home/jwrig/EGH400-2/install/px4_ros_com/share/px4_ros_com/package.sh'
[18.896s] INFO:colcon.colcon_core.shell:Creating package script '/home/jwrig/EGH400-2/install/px4_ros_com/share/px4_ros_com/package.bash'
[18.897s] INFO:colcon.colcon_core.shell:Creating package script '/home/jwrig/EGH400-2/install/px4_ros_com/share/px4_ros_com/package.zsh'
[18.897s] Level 1:colcon.colcon_core.environment:create_file_with_runtime_dependencies(/home/jwrig/EGH400-2/install/px4_ros_com/share/colcon-core/packages/px4_ros_com)
[18.958s] Level 1:colcon.colcon_core.environment:create_environment_scripts_only(px4_ros_com)
[18.972s] Level 1:colcon.colcon_core.environment:checking '/home/jwrig/EGH400-2/install/px4_ros_com' for CMake module files
[18.973s] Level 1:colcon.colcon_core.environment:checking '/home/jwrig/EGH400-2/install/px4_ros_com' for CMake config files
[18.973s] Level 1:colcon.colcon_core.shell:create_environment_hook('px4_ros_com', 'cmake_prefix_path')
[18.992s] INFO:colcon.colcon_core.shell:Creating environment hook '/home/jwrig/EGH400-2/install/px4_ros_com/share/px4_ros_com/hook/cmake_prefix_path.ps1'
[18.992s] INFO:colcon.colcon_core.shell:Creating environment descriptor '/home/jwrig/EGH400-2/install/px4_ros_com/share/px4_ros_com/hook/cmake_prefix_path.dsv'
[18.993s] INFO:colcon.colcon_core.shell:Creating environment hook '/home/jwrig/EGH400-2/install/px4_ros_com/share/px4_ros_com/hook/cmake_prefix_path.sh'
[18.993s] Level 1:colcon.colcon_core.environment:checking '/home/jwrig/EGH400-2/install/px4_ros_com/lib'
[18.993s] Level 1:colcon.colcon_core.shell:create_environment_hook('px4_ros_com', 'ld_library_path_lib')
[19.010s] INFO:colcon.colcon_core.shell:Creating environment hook '/home/jwrig/EGH400-2/install/px4_ros_com/share/px4_ros_com/hook/ld_library_path_lib.ps1'
[19.011s] INFO:colcon.colcon_core.shell:Creating environment descriptor '/home/jwrig/EGH400-2/install/px4_ros_com/share/px4_ros_com/hook/ld_library_path_lib.dsv'
[19.011s] INFO:colcon.colcon_core.shell:Creating environment hook '/home/jwrig/EGH400-2/install/px4_ros_com/share/px4_ros_com/hook/ld_library_path_lib.sh'
[19.012s] Level 1:colcon.colcon_core.environment:checking '/home/jwrig/EGH400-2/install/px4_ros_com/bin'
[19.012s] Level 1:colcon.colcon_core.environment:checking '/home/jwrig/EGH400-2/install/px4_ros_com/lib/pkgconfig/px4_ros_com.pc'
[19.012s] Level 1:colcon.colcon_core.environment:checking '/home/jwrig/EGH400-2/install/px4_ros_com/lib/python3.10/site-packages'
[19.012s] Level 1:colcon.colcon_core.environment:checking '/home/jwrig/EGH400-2/install/px4_ros_com/bin'
[19.028s] INFO:colcon.colcon_core.shell:Creating package script '/home/jwrig/EGH400-2/install/px4_ros_com/share/px4_ros_com/package.ps1'
[19.028s] INFO:colcon.colcon_core.shell:Creating package descriptor '/home/jwrig/EGH400-2/install/px4_ros_com/share/px4_ros_com/package.dsv'
[19.029s] INFO:colcon.colcon_core.shell:Creating package script '/home/jwrig/EGH400-2/install/px4_ros_com/share/px4_ros_com/package.sh'
[19.029s] INFO:colcon.colcon_core.shell:Creating package script '/home/jwrig/EGH400-2/install/px4_ros_com/share/px4_ros_com/package.bash'
[19.030s] INFO:colcon.colcon_core.shell:Creating package script '/home/jwrig/EGH400-2/install/px4_ros_com/share/px4_ros_com/package.zsh'
[19.030s] Level 1:colcon.colcon_core.environment:create_file_with_runtime_dependencies(/home/jwrig/EGH400-2/install/px4_ros_com/share/colcon-core/packages/px4_ros_com)
[19.194s] DEBUG:colcon.colcon_core.event_handler.log_command:Invoked command in '/home/jwrig/EGH400-2/src/d_star_lite' returned '0': CMAKE_PREFIX_PATH=/home/jwrig/EGH400-2/install/px4_msgs:/home/jwrig/EGH400-2/install/px4_ros_com:/home/jwrig/EGH400-2/install/offboard_control LD_LIBRARY_PATH=/home/jwrig/EGH400-2/install/px4_msgs/lib:/home/jwrig/EGH400-2/install/px4_ros_com/lib:/opt/ros/iron/opt/rviz_ogre_vendor/lib:/opt/ros/iron/lib/x86_64-linux-gnu:/opt/ros/iron/lib PYTHONPATH=/home/jwrig/EGH400-2/build/d_star_lite/prefix_override:/home/jwrig/EGH400-2/install/d_star_lite/lib/python3.10/site-packages:/home/jwrig/EGH400-2/install/px4_msgs/lib/python3.10/site-packages:/home/jwrig/EGH400-2/install/offboard_control/lib/python3.10/site-packages:/home/jwrig/EGH400-2/install/control_demo/lib/python3.10/site-packages:/opt/ros/iron/lib/python3.10/site-packages /usr/bin/python3 setup.py egg_info --egg-base ../../build/d_star_lite build --build-base /home/jwrig/EGH400-2/build/d_star_lite/build install --record /home/jwrig/EGH400-2/build/d_star_lite/install.log --single-version-externally-managed
[19.209s] Level 1:colcon.colcon_core.environment:checking '/home/jwrig/EGH400-2/install/d_star_lite' for CMake module files
[19.209s] Level 1:colcon.colcon_core.environment:checking '/home/jwrig/EGH400-2/install/d_star_lite' for CMake config files
[19.210s] Level 1:colcon.colcon_core.environment:checking '/home/jwrig/EGH400-2/install/d_star_lite/lib'
[19.210s] Level 1:colcon.colcon_core.environment:checking '/home/jwrig/EGH400-2/install/d_star_lite/bin'
[19.210s] Level 1:colcon.colcon_core.environment:checking '/home/jwrig/EGH400-2/install/d_star_lite/lib/pkgconfig/d_star_lite.pc'
[19.211s] Level 1:colcon.colcon_core.environment:checking '/home/jwrig/EGH400-2/install/d_star_lite/lib/python3.10/site-packages'
[19.211s] Level 1:colcon.colcon_core.shell:create_environment_hook('d_star_lite', 'pythonpath')
[19.227s] INFO:colcon.colcon_core.shell:Creating environment hook '/home/jwrig/EGH400-2/install/d_star_lite/share/d_star_lite/hook/pythonpath.ps1'
[19.227s] INFO:colcon.colcon_core.shell:Creating environment descriptor '/home/jwrig/EGH400-2/install/d_star_lite/share/d_star_lite/hook/pythonpath.dsv'
[19.227s] INFO:colcon.colcon_core.shell:Creating environment hook '/home/jwrig/EGH400-2/install/d_star_lite/share/d_star_lite/hook/pythonpath.sh'
[19.228s] Level 1:colcon.colcon_core.environment:checking '/home/jwrig/EGH400-2/install/d_star_lite/bin'
[19.228s] Level 1:colcon.colcon_core.environment:create_environment_scripts_only(d_star_lite)
[19.243s] INFO:colcon.colcon_core.shell:Creating package script '/home/jwrig/EGH400-2/install/d_star_lite/share/d_star_lite/package.ps1'
[19.243s] INFO:colcon.colcon_core.shell:Creating package descriptor '/home/jwrig/EGH400-2/install/d_star_lite/share/d_star_lite/package.dsv'
[19.244s] INFO:colcon.colcon_core.shell:Creating package script '/home/jwrig/EGH400-2/install/d_star_lite/share/d_star_lite/package.sh'
[19.244s] INFO:colcon.colcon_core.shell:Creating package script '/home/jwrig/EGH400-2/install/d_star_lite/share/d_star_lite/package.bash'
[19.244s] INFO:colcon.colcon_core.shell:Creating package script '/home/jwrig/EGH400-2/install/d_star_lite/share/d_star_lite/package.zsh'
[19.245s] Level 1:colcon.colcon_core.environment:create_file_with_runtime_dependencies(/home/jwrig/EGH400-2/install/d_star_lite/share/colcon-core/packages/d_star_lite)
[19.245s] INFO:colcon.colcon_ros.task.ament_python.build:Building ROS package in '/home/jwrig/EGH400-2/src/offboard_control' with build type 'ament_python'
[19.245s] Level 1:colcon.colcon_core.shell:create_environment_hook('offboard_control', 'ament_prefix_path')
[19.261s] INFO:colcon.colcon_core.shell:Creating environment hook '/home/jwrig/EGH400-2/install/offboard_control/share/offboard_control/hook/ament_prefix_path.ps1'
[19.261s] INFO:colcon.colcon_core.shell:Creating environment descriptor '/home/jwrig/EGH400-2/install/offboard_control/share/offboard_control/hook/ament_prefix_path.dsv'
[19.262s] INFO:colcon.colcon_core.shell:Creating environment hook '/home/jwrig/EGH400-2/install/offboard_control/share/offboard_control/hook/ament_prefix_path.sh'
[19.277s] INFO:colcon.colcon_core.shell:Skip shell extension 'powershell' for command environment: Not usable outside of PowerShell
[19.277s] DEBUG:colcon.colcon_core.shell:Skip shell extension 'dsv' for command environment
[19.512s] INFO:colcon.colcon_core.task.python.build:Building Python package in '/home/jwrig/EGH400-2/src/offboard_control'
[19.527s] INFO:colcon.colcon_core.shell:Skip shell extension 'powershell' for command environment: Not usable outside of PowerShell
[19.527s] DEBUG:colcon.colcon_core.shell:Skip shell extension 'dsv' for command environment
[20.067s] DEBUG:colcon.colcon_core.event_handler.log_command:Invoking command in '/home/jwrig/EGH400-2/src/offboard_control': AMENT_PREFIX_PATH=/home/jwrig/EGH400-2/install/d_star_lite:${AMENT_PREFIX_PATH} CMAKE_PREFIX_PATH=/home/jwrig/EGH400-2/install/px4_msgs:/home/jwrig/EGH400-2/install/px4_ros_com:/home/jwrig/EGH400-2/install/offboard_control LD_LIBRARY_PATH=/home/jwrig/EGH400-2/install/px4_msgs/lib:/home/jwrig/EGH400-2/install/px4_ros_com/lib:/opt/ros/iron/opt/rviz_ogre_vendor/lib:/opt/ros/iron/lib/x86_64-linux-gnu:/opt/ros/iron/lib PYTHONPATH=/home/jwrig/EGH400-2/build/offboard_control/prefix_override:/home/jwrig/EGH400-2/install/offboard_control/lib/python3.10/site-packages:/home/jwrig/EGH400-2/install/d_star_lite/lib/python3.10/site-packages:/home/jwrig/EGH400-2/install/px4_msgs/lib/python3.10/site-packages:/home/jwrig/EGH400-2/install/offboard_control/lib/python3.10/site-packages:/home/jwrig/EGH400-2/install/control_demo/lib/python3.10/site-packages:/opt/ros/iron/lib/python3.10/site-packages /usr/bin/python3 setup.py egg_info --egg-base ../../build/offboard_control build --build-base /home/jwrig/EGH400-2/build/offboard_control/build install --record /home/jwrig/EGH400-2/build/offboard_control/install.log --single-version-externally-managed
[20.521s] DEBUG:colcon.colcon_core.event_handler.log_command:Invoked command in '/home/jwrig/EGH400-2/src/offboard_control' returned '0': AMENT_PREFIX_PATH=/home/jwrig/EGH400-2/install/d_star_lite:${AMENT_PREFIX_PATH} CMAKE_PREFIX_PATH=/home/jwrig/EGH400-2/install/px4_msgs:/home/jwrig/EGH400-2/install/px4_ros_com:/home/jwrig/EGH400-2/install/offboard_control LD_LIBRARY_PATH=/home/jwrig/EGH400-2/install/px4_msgs/lib:/home/jwrig/EGH400-2/install/px4_ros_com/lib:/opt/ros/iron/opt/rviz_ogre_vendor/lib:/opt/ros/iron/lib/x86_64-linux-gnu:/opt/ros/iron/lib PYTHONPATH=/home/jwrig/EGH400-2/build/offboard_control/prefix_override:/home/jwrig/EGH400-2/install/offboard_control/lib/python3.10/site-packages:/home/jwrig/EGH400-2/install/d_star_lite/lib/python3.10/site-packages:/home/jwrig/EGH400-2/install/px4_msgs/lib/python3.10/site-packages:/home/jwrig/EGH400-2/install/offboard_control/lib/python3.10/site-packages:/home/jwrig/EGH400-2/install/control_demo/lib/python3.10/site-packages:/opt/ros/iron/lib/python3.10/site-packages /usr/bin/python3 setup.py egg_info --egg-base ../../build/offboard_control build --build-base /home/jwrig/EGH400-2/build/offboard_control/build install --record /home/jwrig/EGH400-2/build/offboard_control/install.log --single-version-externally-managed
[20.535s] Level 1:colcon.colcon_core.environment:checking '/home/jwrig/EGH400-2/install/offboard_control' for CMake module files
[20.535s] Level 1:colcon.colcon_core.environment:checking '/home/jwrig/EGH400-2/install/offboard_control' for CMake config files
[20.535s] Level 1:colcon.colcon_core.shell:create_environment_hook('offboard_control', 'cmake_prefix_path')
[20.550s] INFO:colcon.colcon_core.shell:Creating environment hook '/home/jwrig/EGH400-2/install/offboard_control/share/offboard_control/hook/cmake_prefix_path.ps1'
[20.550s] INFO:colcon.colcon_core.shell:Creating environment descriptor '/home/jwrig/EGH400-2/install/offboard_control/share/offboard_control/hook/cmake_prefix_path.dsv'
[20.551s] INFO:colcon.colcon_core.shell:Creating environment hook '/home/jwrig/EGH400-2/install/offboard_control/share/offboard_control/hook/cmake_prefix_path.sh'
[20.551s] Level 1:colcon.colcon_core.environment:checking '/home/jwrig/EGH400-2/install/offboard_control/lib'
[20.551s] Level 1:colcon.colcon_core.environment:checking '/home/jwrig/EGH400-2/install/offboard_control/bin'
[20.551s] Level 1:colcon.colcon_core.environment:checking '/home/jwrig/EGH400-2/install/offboard_control/lib/pkgconfig/offboard_control.pc'
[20.552s] Level 1:colcon.colcon_core.environment:checking '/home/jwrig/EGH400-2/install/offboard_control/lib/python3.10/site-packages'
[20.552s] Level 1:colcon.colcon_core.shell:create_environment_hook('offboard_control', 'pythonpath')
[20.566s] INFO:colcon.colcon_core.shell:Creating environment hook '/home/jwrig/EGH400-2/install/offboard_control/share/offboard_control/hook/pythonpath.ps1'
[20.566s] INFO:colcon.colcon_core.shell:Creating environment descriptor '/home/jwrig/EGH400-2/install/offboard_control/share/offboard_control/hook/pythonpath.dsv'
[20.567s] INFO:colcon.colcon_core.shell:Creating environment hook '/home/jwrig/EGH400-2/install/offboard_control/share/offboard_control/hook/pythonpath.sh'
[20.567s] Level 1:colcon.colcon_core.environment:checking '/home/jwrig/EGH400-2/install/offboard_control/bin'
[20.567s] Level 1:colcon.colcon_core.environment:create_environment_scripts_only(offboard_control)
[20.582s] INFO:colcon.colcon_core.shell:Creating package script '/home/jwrig/EGH400-2/install/offboard_control/share/offboard_control/package.ps1'
[20.582s] INFO:colcon.colcon_core.shell:Creating package descriptor '/home/jwrig/EGH400-2/install/offboard_control/share/offboard_control/package.dsv'
[20.583s] INFO:colcon.colcon_core.shell:Creating package script '/home/jwrig/EGH400-2/install/offboard_control/share/offboard_control/package.sh'
[20.583s] INFO:colcon.colcon_core.shell:Creating package script '/home/jwrig/EGH400-2/install/offboard_control/share/offboard_control/package.bash'
[20.584s] INFO:colcon.colcon_core.shell:Creating package script '/home/jwrig/EGH400-2/install/offboard_control/share/offboard_control/package.zsh'
[20.584s] Level 1:colcon.colcon_core.environment:create_file_with_runtime_dependencies(/home/jwrig/EGH400-2/install/offboard_control/share/colcon-core/packages/offboard_control)
[20.584s] DEBUG:colcon.colcon_parallel_executor.executor.parallel:closing loop
[20.585s] DEBUG:colcon.colcon_parallel_executor.executor.parallel:loop closed
[20.585s] DEBUG:colcon.colcon_parallel_executor.executor.parallel:run_until_complete finished with '0'
[20.585s] DEBUG:colcon.colcon_core.event_reactor:joining thread
[20.604s] INFO:colcon.colcon_core.plugin_system:Skipping extension 'colcon_notification.desktop_notification.terminal_notifier': Not used on non-Darwin systems
[20.604s] INFO:colcon.colcon_core.plugin_system:Skipping extension 'colcon_notification.desktop_notification.win32': Not used on non-Windows systems
[20.604s] INFO:colcon.colcon_notification.desktop_notification:Sending desktop notification using 'notify2'
[20.617s] DEBUG:colcon.colcon_core.event_reactor:joined thread
[20.633s] INFO:colcon.colcon_core.shell:Creating prefix script '/home/jwrig/EGH400-2/install/local_setup.ps1'
[20.686s] INFO:colcon.colcon_core.shell:Creating prefix util module '/home/jwrig/EGH400-2/install/_local_setup_util_ps1.py'
[20.688s] INFO:colcon.colcon_core.shell:Creating prefix chain script '/home/jwrig/EGH400-2/install/setup.ps1'
[20.727s] INFO:colcon.colcon_core.shell:Creating prefix script '/home/jwrig/EGH400-2/install/local_setup.sh'
[20.728s] INFO:colcon.colcon_core.shell:Creating prefix util module '/home/jwrig/EGH400-2/install/_local_setup_util_sh.py'
[20.729s] INFO:colcon.colcon_core.shell:Creating prefix chain script '/home/jwrig/EGH400-2/install/setup.sh'
[20.745s] INFO:colcon.colcon_core.shell:Creating prefix script '/home/jwrig/EGH400-2/install/local_setup.bash'
[20.745s] INFO:colcon.colcon_core.shell:Creating prefix chain script '/home/jwrig/EGH400-2/install/setup.bash'
[20.761s] INFO:colcon.colcon_core.shell:Creating prefix script '/home/jwrig/EGH400-2/install/local_setup.zsh'
[20.761s] INFO:colcon.colcon_core.shell:Creating prefix chain script '/home/jwrig/EGH400-2/install/setup.zsh'
