[0.749s] Invoking command in '/home/jwrig/EGH400-2/src/offboard_control': AMENT_PREFIX_PATH=/home/jwrig/EGH400-2/install/px4_msgs:${AMENT_PREFIX_PATH} CMAKE_PREFIX_PATH=/home/jwrig/EGH400-2/install/px4_msgs LD_LIBRARY_PATH=/home/jwrig/EGH400-2/install/px4_msgs/lib:${LD_LIBRARY_PATH} PYTHONPATH=/home/jwrig/EGH400-2/build/offboard_control/prefix_override:/home/jwrig/EGH400-2/install/offboard_control/lib/python3.10/site-packages:/home/jwrig/EGH400-2/install/px4_msgs/lib/python3.10/site-packages:${PYTHONPATH} /usr/bin/python3 setup.py egg_info --egg-base ../../build/offboard_control build --build-base /home/jwrig/EGH400-2/build/offboard_control/build install --record /home/jwrig/EGH400-2/build/offboard_control/install.log --single-version-externally-managed
[0.941s] running egg_info
[0.954s] writing ../../build/offboard_control/offboard_control.egg-info/PKG-INFO
[0.955s] writing dependency_links to ../../build/offboard_control/offboard_control.egg-info/dependency_links.txt
[0.955s] writing entry points to ../../build/offboard_control/offboard_control.egg-info/entry_points.txt
[0.955s] writing requirements to ../../build/offboard_control/offboard_control.egg-info/requires.txt
[0.956s] writing top-level names to ../../build/offboard_control/offboard_control.egg-info/top_level.txt
[0.984s] reading manifest file '../../build/offboard_control/offboard_control.egg-info/SOURCES.txt'
[0.985s] writing manifest file '../../build/offboard_control/offboard_control.egg-info/SOURCES.txt'
[0.985s] running build
[0.986s] running build_py
[0.986s] running install
[0.986s] /home/jwrig/.local/lib/python3.10/site-packages/setuptools/_distutils/cmd.py:66: SetuptoolsDeprecationWarning: setup.py install is deprecated.
[0.986s] !!
[0.986s] 
[0.986s]         ********************************************************************************
[0.986s]         Please avoid running ``setup.py`` directly.
[0.986s]         Instead, use pypa/build, pypa/installer or other
[0.986s]         standards-based tools.
[0.986s] 
[0.986s]         See https://blog.ganssle.io/articles/2021/10/setup-py-deprecated.html for details.
[0.987s]         ********************************************************************************
[0.987s] 
[0.987s] !!
[0.987s]   self.initialize_options()
[0.991s] running install_lib
[1.005s] running install_data
[1.019s] copying package.xml -> /home/jwrig/EGH400-2/install/offboard_control/share/offboard_control
[1.019s] creating /home/jwrig/EGH400-2/install/offboard_control/share/offboard_control/launch
[1.019s] running install_egg_info
[1.034s] removing '/home/jwrig/EGH400-2/install/offboard_control/lib/python3.10/site-packages/offboard_control-0.0.0-py3.10.egg-info' (and everything under it)
[1.034s] Copying ../../build/offboard_control/offboard_control.egg-info to /home/jwrig/EGH400-2/install/offboard_control/lib/python3.10/site-packages/offboard_control-0.0.0-py3.10.egg-info
[1.035s] running install_scripts
[1.169s] Installing UAV_control script to /home/jwrig/EGH400-2/install/offboard_control/lib/offboard_control
[1.169s] writing list of installed files to '/home/jwrig/EGH400-2/build/offboard_control/install.log'
[1.192s] Invoked command in '/home/jwrig/EGH400-2/src/offboard_control' returned '0': AMENT_PREFIX_PATH=/home/jwrig/EGH400-2/install/px4_msgs:${AMENT_PREFIX_PATH} CMAKE_PREFIX_PATH=/home/jwrig/EGH400-2/install/px4_msgs LD_LIBRARY_PATH=/home/jwrig/EGH400-2/install/px4_msgs/lib:${LD_LIBRARY_PATH} PYTHONPATH=/home/jwrig/EGH400-2/build/offboard_control/prefix_override:/home/jwrig/EGH400-2/install/offboard_control/lib/python3.10/site-packages:/home/jwrig/EGH400-2/install/px4_msgs/lib/python3.10/site-packages:${PYTHONPATH} /usr/bin/python3 setup.py egg_info --egg-base ../../build/offboard_control build --build-base /home/jwrig/EGH400-2/build/offboard_control/build install --record /home/jwrig/EGH400-2/build/offboard_control/install.log --single-version-externally-managed
