running egg_info
writing ../../build/offboard_control/offboard_control.egg-info/PKG-INFO
writing dependency_links to ../../build/offboard_control/offboard_control.egg-info/dependency_links.txt
writing entry points to ../../build/offboard_control/offboard_control.egg-info/entry_points.txt
writing requirements to ../../build/offboard_control/offboard_control.egg-info/requires.txt
writing top-level names to ../../build/offboard_control/offboard_control.egg-info/top_level.txt
reading manifest file '../../build/offboard_control/offboard_control.egg-info/SOURCES.txt'
writing manifest file '../../build/offboard_control/offboard_control.egg-info/SOURCES.txt'
running build
running build_py
copying offboard_control/obstacle_locations.py -> /home/jwrig/EGH400-2/build/offboard_control/build/lib/offboard_control
copying offboard_control/UAV_control.py -> /home/jwrig/EGH400-2/build/offboard_control/build/lib/offboard_control
running install
running install_lib
copying /home/jwrig/EGH400-2/build/offboard_control/build/lib/offboard_control/d_star_lite/d_star_lite.py -> /home/jwrig/EGH400-2/install/offboard_control/lib/python3.10/site-packages/offboard_control/d_star_lite
copying /home/jwrig/EGH400-2/build/offboard_control/build/lib/offboard_control/obstacle_locations.py -> /home/jwrig/EGH400-2/install/offboard_control/lib/python3.10/site-packages/offboard_control
copying /home/jwrig/EGH400-2/build/offboard_control/build/lib/offboard_control/UAV_control.py -> /home/jwrig/EGH400-2/install/offboard_control/lib/python3.10/site-packages/offboard_control
byte-compiling /home/jwrig/EGH400-2/install/offboard_control/lib/python3.10/site-packages/offboard_control/d_star_lite/d_star_lite.py to d_star_lite.cpython-310.pyc
byte-compiling /home/jwrig/EGH400-2/install/offboard_control/lib/python3.10/site-packages/offboard_control/obstacle_locations.py to obstacle_locations.cpython-310.pyc
byte-compiling /home/jwrig/EGH400-2/install/offboard_control/lib/python3.10/site-packages/offboard_control/UAV_control.py to UAV_control.cpython-310.pyc
running install_data
running install_egg_info
removing '/home/jwrig/EGH400-2/install/offboard_control/lib/python3.10/site-packages/offboard_control-0.0.0-py3.10.egg-info' (and everything under it)
Copying ../../build/offboard_control/offboard_control.egg-info to /home/jwrig/EGH400-2/install/offboard_control/lib/python3.10/site-packages/offboard_control-0.0.0-py3.10.egg-info
running install_scripts
Installing UAV_control script to /home/jwrig/EGH400-2/install/offboard_control/lib/offboard_control
writing list of installed files to '/home/jwrig/EGH400-2/build/offboard_control/install.log'
