[0.898s] DEBUG:colcon:Command line arguments: ['/usr/bin/colcon', 'build']
[0.898s] DEBUG:colcon:Parsed command line arguments: Namespace(log_base=None, log_level=None, verb_name='build', build_base='build', install_base='install', merge_install=False, symlink_install=False, test_result_base=None, continue_on_error=False, executor='parallel', parallel_workers=8, event_handlers=None, ignore_user_meta=False, metas=['./colcon.meta'], base_paths=['.'], packages_ignore=None, packages_ignore_regex=None, paths=None, packages_up_to=None, packages_up_to_regex=None, packages_above=None, packages_above_and_dependencies=None, packages_above_depth=None, packages_select_by_dep=None, packages_skip_by_dep=None, packages_skip_up_to=None, packages_select_build_failed=False, packages_skip_build_finished=False, packages_select_test_failures=False, packages_skip_test_passed=False, packages_select=None, packages_skip=None, packages_select_regex=None, packages_skip_regex=None, packages_start=None, packages_end=None, allow_overriding=[], cmake_args=None, cmake_target=None, cmake_target_skip_unavailable=False, cmake_clean_cache=False, cmake_clean_first=False, cmake_force_configure=False, ament_cmake_args=None, catkin_cmake_args=None, catkin_skip_building_tests=False, verb_parser=<colcon_defaults.argument_parser.defaults.DefaultArgumentsDecorator object at 0x7fe09f7081f0>, verb_extension=<colcon_core.verb.build.BuildVerb object at 0x7fe09f6bbca0>, main=<bound method BuildVerb.main of <colcon_core.verb.build.BuildVerb object at 0x7fe09f6bbca0>>)
[0.948s] Level 1:colcon.colcon_core.package_discovery:discover_packages(colcon_meta) check parameters
[0.948s] Level 1:colcon.colcon_core.package_discovery:discover_packages(recursive) check parameters
[0.948s] Level 1:colcon.colcon_core.package_discovery:discover_packages(ignore) check parameters
[0.948s] Level 1:colcon.colcon_core.package_discovery:discover_packages(path) check parameters
[0.949s] Level 1:colcon.colcon_core.package_discovery:discover_packages(colcon_meta) discover
[0.949s] Level 1:colcon.colcon_core.package_discovery:discover_packages(recursive) discover
[0.949s] INFO:colcon.colcon_core.package_discovery:Crawling recursively for packages in '/home/jwrig/EGH400-2'
[0.949s] Level 1:colcon.colcon_core.package_identification:_identify(.) by extensions ['ignore', 'ignore_ament_install']
[0.949s] Level 1:colcon.colcon_core.package_identification:_identify(.) by extension 'ignore'
[0.949s] Level 1:colcon.colcon_core.package_identification:_identify(.) by extension 'ignore_ament_install'
[0.949s] Level 1:colcon.colcon_core.package_identification:_identify(.) by extensions ['colcon_pkg']
[0.949s] Level 1:colcon.colcon_core.package_identification:_identify(.) by extension 'colcon_pkg'
[0.949s] Level 1:colcon.colcon_core.package_identification:_identify(.) by extensions ['colcon_meta']
[0.949s] Level 1:colcon.colcon_core.package_identification:_identify(.) by extension 'colcon_meta'
[0.949s] Level 1:colcon.colcon_core.package_identification:_identify(.) by extensions ['ros']
[0.949s] Level 1:colcon.colcon_core.package_identification:_identify(.) by extension 'ros'
[0.961s] Level 1:colcon.colcon_core.package_identification:_identify(.) by extensions ['cmake', 'python']
[0.961s] Level 1:colcon.colcon_core.package_identification:_identify(.) by extension 'cmake'
[0.961s] Level 1:colcon.colcon_core.package_identification:_identify(.) by extension 'python'
[0.961s] Level 1:colcon.colcon_core.package_identification:_identify(.) by extensions ['python_setup_py']
[0.961s] Level 1:colcon.colcon_core.package_identification:_identify(.) by extension 'python_setup_py'
[0.962s] Level 1:colcon.colcon_core.package_identification:_identify(build) by extensions ['ignore', 'ignore_ament_install']
[0.962s] Level 1:colcon.colcon_core.package_identification:_identify(build) by extension 'ignore'
[0.962s] Level 1:colcon.colcon_core.package_identification:_identify(build) ignored
[0.962s] Level 1:colcon.colcon_core.package_identification:_identify(install) by extensions ['ignore', 'ignore_ament_install']
[0.962s] Level 1:colcon.colcon_core.package_identification:_identify(install) by extension 'ignore'
[0.962s] Level 1:colcon.colcon_core.package_identification:_identify(install) ignored
[0.962s] Level 1:colcon.colcon_core.package_identification:_identify(log) by extensions ['ignore', 'ignore_ament_install']
[0.962s] Level 1:colcon.colcon_core.package_identification:_identify(log) by extension 'ignore'
[0.962s] Level 1:colcon.colcon_core.package_identification:_identify(log) ignored
[0.962s] Level 1:colcon.colcon_core.package_identification:_identify(src) by extensions ['ignore', 'ignore_ament_install']
[0.962s] Level 1:colcon.colcon_core.package_identification:_identify(src) by extension 'ignore'
[0.963s] Level 1:colcon.colcon_core.package_identification:_identify(src) by extension 'ignore_ament_install'
[0.963s] Level 1:colcon.colcon_core.package_identification:_identify(src) by extensions ['colcon_pkg']
[0.963s] Level 1:colcon.colcon_core.package_identification:_identify(src) by extension 'colcon_pkg'
[0.963s] Level 1:colcon.colcon_core.package_identification:_identify(src) by extensions ['colcon_meta']
[0.963s] Level 1:colcon.colcon_core.package_identification:_identify(src) by extension 'colcon_meta'
[0.963s] Level 1:colcon.colcon_core.package_identification:_identify(src) by extensions ['ros']
[0.963s] Level 1:colcon.colcon_core.package_identification:_identify(src) by extension 'ros'
[0.963s] Level 1:colcon.colcon_core.package_identification:_identify(src) by extensions ['cmake', 'python']
[0.963s] Level 1:colcon.colcon_core.package_identification:_identify(src) by extension 'cmake'
[0.963s] Level 1:colcon.colcon_core.package_identification:_identify(src) by extension 'python'
[0.963s] Level 1:colcon.colcon_core.package_identification:_identify(src) by extensions ['python_setup_py']
[0.963s] Level 1:colcon.colcon_core.package_identification:_identify(src) by extension 'python_setup_py'
[0.963s] Level 1:colcon.colcon_core.package_identification:_identify(src/offboard_control) by extensions ['ignore', 'ignore_ament_install']
[0.963s] Level 1:colcon.colcon_core.package_identification:_identify(src/offboard_control) by extension 'ignore'
[0.963s] Level 1:colcon.colcon_core.package_identification:_identify(src/offboard_control) by extension 'ignore_ament_install'
[0.963s] Level 1:colcon.colcon_core.package_identification:_identify(src/offboard_control) by extensions ['colcon_pkg']
[0.963s] Level 1:colcon.colcon_core.package_identification:_identify(src/offboard_control) by extension 'colcon_pkg'
[0.963s] Level 1:colcon.colcon_core.package_identification:_identify(src/offboard_control) by extensions ['colcon_meta']
[0.963s] Level 1:colcon.colcon_core.package_identification:_identify(src/offboard_control) by extension 'colcon_meta'
[0.963s] Level 1:colcon.colcon_core.package_identification:_identify(src/offboard_control) by extensions ['ros']
[0.963s] Level 1:colcon.colcon_core.package_identification:_identify(src/offboard_control) by extension 'ros'
[0.965s] DEBUG:colcon.colcon_core.package_identification:Package 'src/offboard_control' with type 'ros.ament_python' and name 'offboard_control'
[0.965s] Level 1:colcon.colcon_core.package_identification:_identify(src/px4_msgs) by extensions ['ignore', 'ignore_ament_install']
[0.965s] Level 1:colcon.colcon_core.package_identification:_identify(src/px4_msgs) by extension 'ignore'
[0.965s] Level 1:colcon.colcon_core.package_identification:_identify(src/px4_msgs) by extension 'ignore_ament_install'
[0.965s] Level 1:colcon.colcon_core.package_identification:_identify(src/px4_msgs) by extensions ['colcon_pkg']
[0.965s] Level 1:colcon.colcon_core.package_identification:_identify(src/px4_msgs) by extension 'colcon_pkg'
[0.965s] Level 1:colcon.colcon_core.package_identification:_identify(src/px4_msgs) by extensions ['colcon_meta']
[0.965s] Level 1:colcon.colcon_core.package_identification:_identify(src/px4_msgs) by extension 'colcon_meta'
[0.966s] Level 1:colcon.colcon_core.package_identification:_identify(src/px4_msgs) by extensions ['ros']
[0.966s] Level 1:colcon.colcon_core.package_identification:_identify(src/px4_msgs) by extension 'ros'
[0.966s] DEBUG:colcon.colcon_core.package_identification:Package 'src/px4_msgs' with type 'ros.ament_cmake' and name 'px4_msgs'
[0.966s] Level 1:colcon.colcon_core.package_discovery:discover_packages(recursive) using defaults
[0.966s] Level 1:colcon.colcon_core.package_discovery:discover_packages(ignore) discover
[0.966s] Level 1:colcon.colcon_core.package_discovery:discover_packages(ignore) using defaults
[0.966s] Level 1:colcon.colcon_core.package_discovery:discover_packages(path) discover
[0.966s] Level 1:colcon.colcon_core.package_discovery:discover_packages(path) using defaults
[1.050s] Level 1:colcon.colcon_core.package_discovery:discover_packages(prefix_path) check parameters
[1.050s] Level 1:colcon.colcon_core.package_discovery:discover_packages(prefix_path) discover
[1.081s] DEBUG:colcon.colcon_installed_package_information.package_discovery:Found 281 installed packages in /opt/ros/iron
[1.082s] Level 1:colcon.colcon_core.package_discovery:discover_packages(prefix_path) using defaults
[1.143s] Level 5:colcon.colcon_core.verb:set package 'px4_msgs' build argument 'cmake_args' from command line to 'None'
[1.143s] Level 5:colcon.colcon_core.verb:set package 'px4_msgs' build argument 'cmake_target' from command line to 'None'
[1.143s] Level 5:colcon.colcon_core.verb:set package 'px4_msgs' build argument 'cmake_target_skip_unavailable' from command line to 'False'
[1.143s] Level 5:colcon.colcon_core.verb:set package 'px4_msgs' build argument 'cmake_clean_cache' from command line to 'False'
[1.143s] Level 5:colcon.colcon_core.verb:set package 'px4_msgs' build argument 'cmake_clean_first' from command line to 'False'
[1.143s] Level 5:colcon.colcon_core.verb:set package 'px4_msgs' build argument 'cmake_force_configure' from command line to 'False'
[1.143s] Level 5:colcon.colcon_core.verb:set package 'px4_msgs' build argument 'ament_cmake_args' from command line to 'None'
[1.143s] Level 5:colcon.colcon_core.verb:set package 'px4_msgs' build argument 'catkin_cmake_args' from command line to 'None'
[1.143s] Level 5:colcon.colcon_core.verb:set package 'px4_msgs' build argument 'catkin_skip_building_tests' from command line to 'False'
[1.143s] DEBUG:colcon.colcon_core.verb:Building package 'px4_msgs' with the following arguments: {'ament_cmake_args': None, 'build_base': '/home/jwrig/EGH400-2/build/px4_msgs', 'catkin_cmake_args': None, 'catkin_skip_building_tests': False, 'cmake_args': None, 'cmake_clean_cache': False, 'cmake_clean_first': False, 'cmake_force_configure': False, 'cmake_target': None, 'cmake_target_skip_unavailable': False, 'install_base': '/home/jwrig/EGH400-2/install/px4_msgs', 'merge_install': False, 'path': '/home/jwrig/EGH400-2/src/px4_msgs', 'symlink_install': False, 'test_result_base': None}
[1.156s] Level 5:colcon.colcon_core.verb:set package 'offboard_control' build argument 'cmake_args' from command line to 'None'
[1.156s] Level 5:colcon.colcon_core.verb:set package 'offboard_control' build argument 'cmake_target' from command line to 'None'
[1.156s] Level 5:colcon.colcon_core.verb:set package 'offboard_control' build argument 'cmake_target_skip_unavailable' from command line to 'False'
[1.156s] Level 5:colcon.colcon_core.verb:set package 'offboard_control' build argument 'cmake_clean_cache' from command line to 'False'
[1.156s] Level 5:colcon.colcon_core.verb:set package 'offboard_control' build argument 'cmake_clean_first' from command line to 'False'
[1.156s] Level 5:colcon.colcon_core.verb:set package 'offboard_control' build argument 'cmake_force_configure' from command line to 'False'
[1.156s] Level 5:colcon.colcon_core.verb:set package 'offboard_control' build argument 'ament_cmake_args' from command line to 'None'
[1.156s] Level 5:colcon.colcon_core.verb:set package 'offboard_control' build argument 'catkin_cmake_args' from command line to 'None'
[1.156s] Level 5:colcon.colcon_core.verb:set package 'offboard_control' build argument 'catkin_skip_building_tests' from command line to 'False'
[1.156s] DEBUG:colcon.colcon_core.verb:Building package 'offboard_control' with the following arguments: {'ament_cmake_args': None, 'build_base': '/home/jwrig/EGH400-2/build/offboard_control', 'catkin_cmake_args': None, 'catkin_skip_building_tests': False, 'cmake_args': None, 'cmake_clean_cache': False, 'cmake_clean_first': False, 'cmake_force_configure': False, 'cmake_target': None, 'cmake_target_skip_unavailable': False, 'install_base': '/home/jwrig/EGH400-2/install/offboard_control', 'merge_install': False, 'path': '/home/jwrig/EGH400-2/src/offboard_control', 'symlink_install': False, 'test_result_base': None}
[1.169s] INFO:colcon.colcon_core.executor:Executing jobs using 'parallel' executor
[1.184s] DEBUG:colcon.colcon_parallel_executor.executor.parallel:run_until_complete
[1.184s] INFO:colcon.colcon_ros.task.ament_cmake.build:Building ROS package in '/home/jwrig/EGH400-2/src/px4_msgs' with build type 'ament_cmake'
[1.184s] INFO:colcon.colcon_cmake.task.cmake.build:Building CMake package in '/home/jwrig/EGH400-2/src/px4_msgs'
[1.199s] INFO:colcon.colcon_core.plugin_system:Skipping extension 'colcon_core.shell.bat': Not used on non-Windows systems
[1.199s] INFO:colcon.colcon_core.shell:Skip shell extension 'powershell' for command environment: Not usable outside of PowerShell
[1.199s] DEBUG:colcon.colcon_core.shell:Skip shell extension 'dsv' for command environment
[1.246s] DEBUG:colcon.colcon_core.event_handler.log_command:Invoking command in '/home/jwrig/EGH400-2/build/px4_msgs': CMAKE_PREFIX_PATH=/opt/ros/iron /usr/bin/cmake --build /home/jwrig/EGH400-2/build/px4_msgs -- -j8 -l8
[2.277s] DEBUG:colcon.colcon_core.event_handler.log_command:Invoked command in '/home/jwrig/EGH400-2/build/px4_msgs' returned '0': CMAKE_PREFIX_PATH=/opt/ros/iron /usr/bin/cmake --build /home/jwrig/EGH400-2/build/px4_msgs -- -j8 -l8
[8.286s] DEBUG:colcon.colcon_core.event_handler.log_command:Invoking command in '/home/jwrig/EGH400-2/build/px4_msgs': CMAKE_PREFIX_PATH=/opt/ros/iron /usr/bin/cmake --install /home/jwrig/EGH400-2/build/px4_msgs
[8.696s] Level 1:colcon.colcon_core.environment:create_environment_scripts_only(px4_msgs)
[8.700s] DEBUG:colcon.colcon_core.event_handler.log_command:Invoked command in '/home/jwrig/EGH400-2/build/px4_msgs' returned '0': CMAKE_PREFIX_PATH=/opt/ros/iron /usr/bin/cmake --install /home/jwrig/EGH400-2/build/px4_msgs
[8.719s] Level 1:colcon.colcon_core.environment:checking '/home/jwrig/EGH400-2/install/px4_msgs' for CMake module files
[8.719s] Level 1:colcon.colcon_core.environment:checking '/home/jwrig/EGH400-2/install/px4_msgs' for CMake config files
[8.720s] Level 1:colcon.colcon_core.shell:create_environment_hook('px4_msgs', 'cmake_prefix_path')
[8.734s] INFO:colcon.colcon_core.shell:Creating environment hook '/home/jwrig/EGH400-2/install/px4_msgs/share/px4_msgs/hook/cmake_prefix_path.ps1'
[8.734s] INFO:colcon.colcon_core.shell:Creating environment descriptor '/home/jwrig/EGH400-2/install/px4_msgs/share/px4_msgs/hook/cmake_prefix_path.dsv'
[8.735s] INFO:colcon.colcon_core.shell:Creating environment hook '/home/jwrig/EGH400-2/install/px4_msgs/share/px4_msgs/hook/cmake_prefix_path.sh'
[8.736s] Level 1:colcon.colcon_core.environment:checking '/home/jwrig/EGH400-2/install/px4_msgs/lib'
[8.736s] Level 1:colcon.colcon_core.shell:create_environment_hook('px4_msgs', 'ld_library_path_lib')
[8.750s] INFO:colcon.colcon_core.shell:Creating environment hook '/home/jwrig/EGH400-2/install/px4_msgs/share/px4_msgs/hook/ld_library_path_lib.ps1'
[8.751s] INFO:colcon.colcon_core.shell:Creating environment descriptor '/home/jwrig/EGH400-2/install/px4_msgs/share/px4_msgs/hook/ld_library_path_lib.dsv'
[8.751s] INFO:colcon.colcon_core.shell:Creating environment hook '/home/jwrig/EGH400-2/install/px4_msgs/share/px4_msgs/hook/ld_library_path_lib.sh'
[8.751s] Level 1:colcon.colcon_core.environment:checking '/home/jwrig/EGH400-2/install/px4_msgs/bin'
[8.751s] Level 1:colcon.colcon_core.environment:checking '/home/jwrig/EGH400-2/install/px4_msgs/lib/pkgconfig/px4_msgs.pc'
[8.751s] Level 1:colcon.colcon_core.environment:checking '/home/jwrig/EGH400-2/install/px4_msgs/lib/python3.10/site-packages'
[8.751s] Level 1:colcon.colcon_core.shell:create_environment_hook('px4_msgs', 'pythonpath')
[8.765s] INFO:colcon.colcon_core.shell:Creating environment hook '/home/jwrig/EGH400-2/install/px4_msgs/share/px4_msgs/hook/pythonpath.ps1'
[8.765s] INFO:colcon.colcon_core.shell:Creating environment descriptor '/home/jwrig/EGH400-2/install/px4_msgs/share/px4_msgs/hook/pythonpath.dsv'
[8.766s] INFO:colcon.colcon_core.shell:Creating environment hook '/home/jwrig/EGH400-2/install/px4_msgs/share/px4_msgs/hook/pythonpath.sh'
[8.766s] Level 1:colcon.colcon_core.environment:checking '/home/jwrig/EGH400-2/install/px4_msgs/bin'
[8.780s] INFO:colcon.colcon_core.shell:Creating package script '/home/jwrig/EGH400-2/install/px4_msgs/share/px4_msgs/package.ps1'
[8.780s] INFO:colcon.colcon_core.shell:Creating package descriptor '/home/jwrig/EGH400-2/install/px4_msgs/share/px4_msgs/package.dsv'
[8.781s] INFO:colcon.colcon_core.shell:Creating package script '/home/jwrig/EGH400-2/install/px4_msgs/share/px4_msgs/package.sh'
[8.782s] INFO:colcon.colcon_core.shell:Creating package script '/home/jwrig/EGH400-2/install/px4_msgs/share/px4_msgs/package.bash'
[8.782s] INFO:colcon.colcon_core.shell:Creating package script '/home/jwrig/EGH400-2/install/px4_msgs/share/px4_msgs/package.zsh'
[8.783s] Level 1:colcon.colcon_core.environment:create_file_with_runtime_dependencies(/home/jwrig/EGH400-2/install/px4_msgs/share/colcon-core/packages/px4_msgs)
[14.594s] Level 1:colcon.colcon_core.environment:create_environment_scripts_only(px4_msgs)
[14.608s] Level 1:colcon.colcon_core.environment:checking '/home/jwrig/EGH400-2/install/px4_msgs' for CMake module files
[14.608s] Level 1:colcon.colcon_core.environment:checking '/home/jwrig/EGH400-2/install/px4_msgs' for CMake config files
[14.608s] Level 1:colcon.colcon_core.shell:create_environment_hook('px4_msgs', 'cmake_prefix_path')
[14.622s] INFO:colcon.colcon_core.shell:Creating environment hook '/home/jwrig/EGH400-2/install/px4_msgs/share/px4_msgs/hook/cmake_prefix_path.ps1'
[14.623s] INFO:colcon.colcon_core.shell:Creating environment descriptor '/home/jwrig/EGH400-2/install/px4_msgs/share/px4_msgs/hook/cmake_prefix_path.dsv'
[14.623s] INFO:colcon.colcon_core.shell:Creating environment hook '/home/jwrig/EGH400-2/install/px4_msgs/share/px4_msgs/hook/cmake_prefix_path.sh'
[14.623s] Level 1:colcon.colcon_core.environment:checking '/home/jwrig/EGH400-2/install/px4_msgs/lib'
[14.624s] Level 1:colcon.colcon_core.shell:create_environment_hook('px4_msgs', 'ld_library_path_lib')
[14.637s] INFO:colcon.colcon_core.shell:Creating environment hook '/home/jwrig/EGH400-2/install/px4_msgs/share/px4_msgs/hook/ld_library_path_lib.ps1'
[14.638s] INFO:colcon.colcon_core.shell:Creating environment descriptor '/home/jwrig/EGH400-2/install/px4_msgs/share/px4_msgs/hook/ld_library_path_lib.dsv'
[14.638s] INFO:colcon.colcon_core.shell:Creating environment hook '/home/jwrig/EGH400-2/install/px4_msgs/share/px4_msgs/hook/ld_library_path_lib.sh'
[14.638s] Level 1:colcon.colcon_core.environment:checking '/home/jwrig/EGH400-2/install/px4_msgs/bin'
[14.638s] Level 1:colcon.colcon_core.environment:checking '/home/jwrig/EGH400-2/install/px4_msgs/lib/pkgconfig/px4_msgs.pc'
[14.639s] Level 1:colcon.colcon_core.environment:checking '/home/jwrig/EGH400-2/install/px4_msgs/lib/python3.10/site-packages'
[14.639s] Level 1:colcon.colcon_core.shell:create_environment_hook('px4_msgs', 'pythonpath')
[14.652s] INFO:colcon.colcon_core.shell:Creating environment hook '/home/jwrig/EGH400-2/install/px4_msgs/share/px4_msgs/hook/pythonpath.ps1'
[14.653s] INFO:colcon.colcon_core.shell:Creating environment descriptor '/home/jwrig/EGH400-2/install/px4_msgs/share/px4_msgs/hook/pythonpath.dsv'
[14.653s] INFO:colcon.colcon_core.shell:Creating environment hook '/home/jwrig/EGH400-2/install/px4_msgs/share/px4_msgs/hook/pythonpath.sh'
[14.653s] Level 1:colcon.colcon_core.environment:checking '/home/jwrig/EGH400-2/install/px4_msgs/bin'
[14.667s] INFO:colcon.colcon_core.shell:Creating package script '/home/jwrig/EGH400-2/install/px4_msgs/share/px4_msgs/package.ps1'
[14.667s] INFO:colcon.colcon_core.shell:Creating package descriptor '/home/jwrig/EGH400-2/install/px4_msgs/share/px4_msgs/package.dsv'
[14.668s] INFO:colcon.colcon_core.shell:Creating package script '/home/jwrig/EGH400-2/install/px4_msgs/share/px4_msgs/package.sh'
[14.668s] INFO:colcon.colcon_core.shell:Creating package script '/home/jwrig/EGH400-2/install/px4_msgs/share/px4_msgs/package.bash'
[14.668s] INFO:colcon.colcon_core.shell:Creating package script '/home/jwrig/EGH400-2/install/px4_msgs/share/px4_msgs/package.zsh'
[14.669s] Level 1:colcon.colcon_core.environment:create_file_with_runtime_dependencies(/home/jwrig/EGH400-2/install/px4_msgs/share/colcon-core/packages/px4_msgs)
[14.670s] INFO:colcon.colcon_ros.task.ament_python.build:Building ROS package in '/home/jwrig/EGH400-2/src/offboard_control' with build type 'ament_python'
[14.670s] Level 1:colcon.colcon_core.shell:create_environment_hook('offboard_control', 'ament_prefix_path')
[14.684s] INFO:colcon.colcon_core.shell:Creating environment hook '/home/jwrig/EGH400-2/install/offboard_control/share/offboard_control/hook/ament_prefix_path.ps1'
[14.684s] INFO:colcon.colcon_core.shell:Creating environment descriptor '/home/jwrig/EGH400-2/install/offboard_control/share/offboard_control/hook/ament_prefix_path.dsv'
[14.685s] INFO:colcon.colcon_core.shell:Creating environment hook '/home/jwrig/EGH400-2/install/offboard_control/share/offboard_control/hook/ament_prefix_path.sh'
[14.698s] INFO:colcon.colcon_core.shell:Skip shell extension 'powershell' for command environment: Not usable outside of PowerShell
[14.698s] DEBUG:colcon.colcon_core.shell:Skip shell extension 'dsv' for command environment
[14.903s] INFO:colcon.colcon_core.task.python.build:Building Python package in '/home/jwrig/EGH400-2/src/offboard_control'
[14.917s] INFO:colcon.colcon_core.shell:Skip shell extension 'powershell' for command environment: Not usable outside of PowerShell
[14.917s] DEBUG:colcon.colcon_core.shell:Skip shell extension 'dsv' for command environment
[15.419s] DEBUG:colcon.colcon_core.event_handler.log_command:Invoking command in '/home/jwrig/EGH400-2/src/offboard_control': AMENT_PREFIX_PATH=/home/jwrig/EGH400-2/install/px4_msgs:${AMENT_PREFIX_PATH} CMAKE_PREFIX_PATH=/home/jwrig/EGH400-2/install/px4_msgs LD_LIBRARY_PATH=/home/jwrig/EGH400-2/install/px4_msgs/lib:${LD_LIBRARY_PATH} PYTHONPATH=/home/jwrig/EGH400-2/build/offboard_control/prefix_override:/home/jwrig/EGH400-2/install/offboard_control/lib/python3.10/site-packages:/home/jwrig/EGH400-2/install/px4_msgs/lib/python3.10/site-packages:${PYTHONPATH} /usr/bin/python3 setup.py egg_info --egg-base ../../build/offboard_control build --build-base /home/jwrig/EGH400-2/build/offboard_control/build install --record /home/jwrig/EGH400-2/build/offboard_control/install.log --single-version-externally-managed
[15.862s] DEBUG:colcon.colcon_core.event_handler.log_command:Invoked command in '/home/jwrig/EGH400-2/src/offboard_control' returned '0': AMENT_PREFIX_PATH=/home/jwrig/EGH400-2/install/px4_msgs:${AMENT_PREFIX_PATH} CMAKE_PREFIX_PATH=/home/jwrig/EGH400-2/install/px4_msgs LD_LIBRARY_PATH=/home/jwrig/EGH400-2/install/px4_msgs/lib:${LD_LIBRARY_PATH} PYTHONPATH=/home/jwrig/EGH400-2/build/offboard_control/prefix_override:/home/jwrig/EGH400-2/install/offboard_control/lib/python3.10/site-packages:/home/jwrig/EGH400-2/install/px4_msgs/lib/python3.10/site-packages:${PYTHONPATH} /usr/bin/python3 setup.py egg_info --egg-base ../../build/offboard_control build --build-base /home/jwrig/EGH400-2/build/offboard_control/build install --record /home/jwrig/EGH400-2/build/offboard_control/install.log --single-version-externally-managed
[15.875s] Level 1:colcon.colcon_core.environment:checking '/home/jwrig/EGH400-2/install/offboard_control' for CMake module files
[15.876s] Level 1:colcon.colcon_core.environment:checking '/home/jwrig/EGH400-2/install/offboard_control' for CMake config files
[15.876s] Level 1:colcon.colcon_core.shell:create_environment_hook('offboard_control', 'cmake_prefix_path')
[15.890s] INFO:colcon.colcon_core.shell:Creating environment hook '/home/jwrig/EGH400-2/install/offboard_control/share/offboard_control/hook/cmake_prefix_path.ps1'
[15.890s] INFO:colcon.colcon_core.shell:Creating environment descriptor '/home/jwrig/EGH400-2/install/offboard_control/share/offboard_control/hook/cmake_prefix_path.dsv'
[15.891s] INFO:colcon.colcon_core.shell:Creating environment hook '/home/jwrig/EGH400-2/install/offboard_control/share/offboard_control/hook/cmake_prefix_path.sh'
[15.891s] Level 1:colcon.colcon_core.environment:checking '/home/jwrig/EGH400-2/install/offboard_control/lib'
[15.891s] Level 1:colcon.colcon_core.environment:checking '/home/jwrig/EGH400-2/install/offboard_control/bin'
[15.891s] Level 1:colcon.colcon_core.environment:checking '/home/jwrig/EGH400-2/install/offboard_control/lib/pkgconfig/offboard_control.pc'
[15.892s] Level 1:colcon.colcon_core.environment:checking '/home/jwrig/EGH400-2/install/offboard_control/lib/python3.10/site-packages'
[15.892s] Level 1:colcon.colcon_core.shell:create_environment_hook('offboard_control', 'pythonpath')
[15.906s] INFO:colcon.colcon_core.shell:Creating environment hook '/home/jwrig/EGH400-2/install/offboard_control/share/offboard_control/hook/pythonpath.ps1'
[15.906s] INFO:colcon.colcon_core.shell:Creating environment descriptor '/home/jwrig/EGH400-2/install/offboard_control/share/offboard_control/hook/pythonpath.dsv'
[15.906s] INFO:colcon.colcon_core.shell:Creating environment hook '/home/jwrig/EGH400-2/install/offboard_control/share/offboard_control/hook/pythonpath.sh'
[15.907s] Level 1:colcon.colcon_core.environment:checking '/home/jwrig/EGH400-2/install/offboard_control/bin'
[15.907s] Level 1:colcon.colcon_core.environment:create_environment_scripts_only(offboard_control)
[15.920s] INFO:colcon.colcon_core.shell:Creating package script '/home/jwrig/EGH400-2/install/offboard_control/share/offboard_control/package.ps1'
[15.921s] INFO:colcon.colcon_core.shell:Creating package descriptor '/home/jwrig/EGH400-2/install/offboard_control/share/offboard_control/package.dsv'
[15.921s] INFO:colcon.colcon_core.shell:Creating package script '/home/jwrig/EGH400-2/install/offboard_control/share/offboard_control/package.sh'
[15.922s] INFO:colcon.colcon_core.shell:Creating package script '/home/jwrig/EGH400-2/install/offboard_control/share/offboard_control/package.bash'
[15.922s] INFO:colcon.colcon_core.shell:Creating package script '/home/jwrig/EGH400-2/install/offboard_control/share/offboard_control/package.zsh'
[15.923s] Level 1:colcon.colcon_core.environment:create_file_with_runtime_dependencies(/home/jwrig/EGH400-2/install/offboard_control/share/colcon-core/packages/offboard_control)
[15.923s] DEBUG:colcon.colcon_parallel_executor.executor.parallel:closing loop
[15.923s] DEBUG:colcon.colcon_parallel_executor.executor.parallel:loop closed
[15.923s] DEBUG:colcon.colcon_parallel_executor.executor.parallel:run_until_complete finished with '0'
[15.923s] DEBUG:colcon.colcon_core.event_reactor:joining thread
[15.941s] INFO:colcon.colcon_core.plugin_system:Skipping extension 'colcon_notification.desktop_notification.terminal_notifier': Not used on non-Darwin systems
[15.941s] INFO:colcon.colcon_core.plugin_system:Skipping extension 'colcon_notification.desktop_notification.win32': Not used on non-Windows systems
[15.941s] INFO:colcon.colcon_notification.desktop_notification:Sending desktop notification using 'notify2'
[15.951s] DEBUG:colcon.colcon_core.event_reactor:joined thread
[15.965s] INFO:colcon.colcon_core.shell:Creating prefix script '/home/jwrig/EGH400-2/install/local_setup.ps1'
[15.966s] INFO:colcon.colcon_core.shell:Creating prefix util module '/home/jwrig/EGH400-2/install/_local_setup_util_ps1.py'
[15.967s] INFO:colcon.colcon_core.shell:Creating prefix chain script '/home/jwrig/EGH400-2/install/setup.ps1'
[15.983s] INFO:colcon.colcon_core.shell:Creating prefix script '/home/jwrig/EGH400-2/install/local_setup.sh'
[15.984s] INFO:colcon.colcon_core.shell:Creating prefix util module '/home/jwrig/EGH400-2/install/_local_setup_util_sh.py'
[15.984s] INFO:colcon.colcon_core.shell:Creating prefix chain script '/home/jwrig/EGH400-2/install/setup.sh'
[15.999s] INFO:colcon.colcon_core.shell:Creating prefix script '/home/jwrig/EGH400-2/install/local_setup.bash'
[15.999s] INFO:colcon.colcon_core.shell:Creating prefix chain script '/home/jwrig/EGH400-2/install/setup.bash'
[16.014s] INFO:colcon.colcon_core.shell:Creating prefix script '/home/jwrig/EGH400-2/install/local_setup.zsh'
[16.014s] INFO:colcon.colcon_core.shell:Creating prefix chain script '/home/jwrig/EGH400-2/install/setup.zsh'
