-- The C compiler identification is GNU 11.4.0
-- The CXX compiler identification is GNU 11.4.0
-- Detecting C compiler ABI info
-- Detecting C compiler ABI info - done
-- Check for working C compiler: /usr/bin/cc - skipped
-- Detecting C compile features
-- Detecting C compile features - done
-- Detecting CXX compiler ABI info
-- Detecting CXX compiler ABI info - done
-- Check for working CXX compiler: /usr/bin/c++ - skipped
-- Detecting CXX compile features
-- Detecting CXX compile features - done
-- Found ament_cmake: 2.0.3 (/opt/ros/iron/share/ament_cmake/cmake)
-- Found Python3: /usr/bin/python3.10 (found version "3.10.12") found components: Interpreter 
-- Found ament_lint_auto: 0.14.2 (/opt/ros/iron/share/ament_lint_auto/cmake)
-- Added test 'lint_cmake' to check CMake code style
-- Added test 'xmllint' to check XML markup files
-- Configuring done
-- Generating done
-- Build files have been written to: /home/jwrig/EGH400-2/build/offboard_control
-- Install configuration: ""
-- Installing: /home/jwrig/EGH400-2/install/offboard_control/share/ament_index/resource_index/package_run_dependencies/offboard_control
-- Installing: /home/jwrig/EGH400-2/install/offboard_control/share/ament_index/resource_index/parent_prefix_path/offboard_control
-- Installing: /home/jwrig/EGH400-2/install/offboard_control/share/offboard_control/environment/ament_prefix_path.sh
-- Installing: /home/jwrig/EGH400-2/install/offboard_control/share/offboard_control/environment/ament_prefix_path.dsv
-- Installing: /home/jwrig/EGH400-2/install/offboard_control/share/offboard_control/environment/path.sh
-- Installing: /home/jwrig/EGH400-2/install/offboard_control/share/offboard_control/environment/path.dsv
-- Installing: /home/jwrig/EGH400-2/install/offboard_control/share/offboard_control/local_setup.bash
-- Installing: /home/jwrig/EGH400-2/install/offboard_control/share/offboard_control/local_setup.sh
-- Installing: /home/jwrig/EGH400-2/install/offboard_control/share/offboard_control/local_setup.zsh
-- Installing: /home/jwrig/EGH400-2/install/offboard_control/share/offboard_control/local_setup.dsv
-- Installing: /home/jwrig/EGH400-2/install/offboard_control/share/offboard_control/package.dsv
-- Installing: /home/jwrig/EGH400-2/install/offboard_control/share/ament_index/resource_index/packages/offboard_control
-- Installing: /home/jwrig/EGH400-2/install/offboard_control/share/offboard_control/cmake/offboard_controlConfig.cmake
-- Installing: /home/jwrig/EGH400-2/install/offboard_control/share/offboard_control/cmake/offboard_controlConfig-version.cmake
-- Installing: /home/jwrig/EGH400-2/install/offboard_control/share/offboard_control/package.xml
