[0.055s] Invoking command in '/home/jwrig/EGH400-2/build/offboard_control': CMAKE_PREFIX_PATH=/opt/ros/iron /usr/bin/cmake /home/jwrig/EGH400-2/src/offboard_control -DCMAKE_INSTALL_PREFIX=/home/jwrig/EGH400-2/install/offboard_control
[0.525s] -- The C compiler identification is GNU 11.4.0
[0.844s] -- The CXX compiler identification is GNU 11.4.0
[0.896s] -- Detecting C compiler ABI info
[0.968s] -- Detecting C compiler ABI info - done
[0.974s] -- Check for working C compiler: /usr/bin/cc - skipped
[0.974s] -- Detecting C compile features
[0.975s] -- Detecting C compile features - done
[0.978s] -- Detecting CXX compiler ABI info
[1.057s] -- Detecting CXX compiler ABI info - done
[1.064s] -- Check for working CXX compiler: /usr/bin/c++ - skipped
[1.065s] -- Detecting CXX compile features
[1.065s] -- Detecting CXX compile features - done
[1.068s] -- Found ament_cmake: 2.0.3 (/opt/ros/iron/share/ament_cmake/cmake)
[1.377s] -- Found Python3: /usr/bin/python3.10 (found version "3.10.12") found components: Interpreter 
[1.463s] -- Found ament_lint_auto: 0.14.2 (/opt/ros/iron/share/ament_lint_auto/cmake)
[1.530s] -- Added test 'lint_cmake' to check CMake code style
[1.531s] -- Added test 'xmllint' to check XML markup files
[1.532s] -- Configuring done
[1.536s] -- Generating done
[1.537s] -- Build files have been written to: /home/jwrig/EGH400-2/build/offboard_control
[1.541s] Invoked command in '/home/jwrig/EGH400-2/build/offboard_control' returned '0': CMAKE_PREFIX_PATH=/opt/ros/iron /usr/bin/cmake /home/jwrig/EGH400-2/src/offboard_control -DCMAKE_INSTALL_PREFIX=/home/jwrig/EGH400-2/install/offboard_control
[1.543s] Invoking command in '/home/jwrig/EGH400-2/build/offboard_control': CMAKE_PREFIX_PATH=/opt/ros/iron /usr/bin/cmake --build /home/jwrig/EGH400-2/build/offboard_control -- -j8 -l8
[1.585s] Invoked command in '/home/jwrig/EGH400-2/build/offboard_control' returned '0': CMAKE_PREFIX_PATH=/opt/ros/iron /usr/bin/cmake --build /home/jwrig/EGH400-2/build/offboard_control -- -j8 -l8
[1.621s] Invoking command in '/home/jwrig/EGH400-2/build/offboard_control': CMAKE_PREFIX_PATH=/opt/ros/iron /usr/bin/cmake --install /home/jwrig/EGH400-2/build/offboard_control
[1.628s] -- Install configuration: ""
[1.628s] -- Installing: /home/jwrig/EGH400-2/install/offboard_control/share/ament_index/resource_index/package_run_dependencies/offboard_control
[1.629s] -- Installing: /home/jwrig/EGH400-2/install/offboard_control/share/ament_index/resource_index/parent_prefix_path/offboard_control
[1.629s] -- Installing: /home/jwrig/EGH400-2/install/offboard_control/share/offboard_control/environment/ament_prefix_path.sh
[1.629s] -- Installing: /home/jwrig/EGH400-2/install/offboard_control/share/offboard_control/environment/ament_prefix_path.dsv
[1.629s] -- Installing: /home/jwrig/EGH400-2/install/offboard_control/share/offboard_control/environment/path.sh
[1.629s] -- Installing: /home/jwrig/EGH400-2/install/offboard_control/share/offboard_control/environment/path.dsv
[1.630s] -- Installing: /home/jwrig/EGH400-2/install/offboard_control/share/offboard_control/local_setup.bash
[1.630s] -- Installing: /home/jwrig/EGH400-2/install/offboard_control/share/offboard_control/local_setup.sh
[1.630s] -- Installing: /home/jwrig/EGH400-2/install/offboard_control/share/offboard_control/local_setup.zsh
[1.630s] -- Installing: /home/jwrig/EGH400-2/install/offboard_control/share/offboard_control/local_setup.dsv
[1.630s] -- Installing: /home/jwrig/EGH400-2/install/offboard_control/share/offboard_control/package.dsv
[1.630s] -- Installing: /home/jwrig/EGH400-2/install/offboard_control/share/ament_index/resource_index/packages/offboard_control
[1.631s] -- Installing: /home/jwrig/EGH400-2/install/offboard_control/share/offboard_control/cmake/offboard_controlConfig.cmake
[1.631s] -- Installing: /home/jwrig/EGH400-2/install/offboard_control/share/offboard_control/cmake/offboard_controlConfig-version.cmake
[1.631s] -- Installing: /home/jwrig/EGH400-2/install/offboard_control/share/offboard_control/package.xml
[1.634s] Invoked command in '/home/jwrig/EGH400-2/build/offboard_control' returned '0': CMAKE_PREFIX_PATH=/opt/ros/iron /usr/bin/cmake --install /home/jwrig/EGH400-2/build/offboard_control
