running egg_info
writing ../../build/offboard_control/offboard_control.egg-info/PKG-INFO
writing dependency_links to ../../build/offboard_control/offboard_control.egg-info/dependency_links.txt
writing entry points to ../../build/offboard_control/offboard_control.egg-info/entry_points.txt
writing requirements to ../../build/offboard_control/offboard_control.egg-info/requires.txt
writing top-level names to ../../build/offboard_control/offboard_control.egg-info/top_level.txt
reading manifest file '../../build/offboard_control/offboard_control.egg-info/SOURCES.txt'
writing manifest file '../../build/offboard_control/offboard_control.egg-info/SOURCES.txt'
running build
running build_py
running install
/home/jwrig/.local/lib/python3.10/site-packages/setuptools/_distutils/cmd.py:66: SetuptoolsDeprecationWarning: setup.py install is deprecated.
!!

        ********************************************************************************
        Please avoid running ``setup.py`` directly.
        Instead, use pypa/build, pypa/installer or other
        standards-based tools.

        See https://blog.ganssle.io/articles/2021/10/setup-py-deprecated.html for details.
        ********************************************************************************

!!
  self.initialize_options()
running install_lib
running install_data
copying package.xml -> /home/jwrig/EGH400-2/install/offboard_control/share/offboard_control
running install_egg_info
removing '/home/jwrig/EGH400-2/install/offboard_control/lib/python3.10/site-packages/offboard_control-0.0.0-py3.10.egg-info' (and everything under it)
Copying ../../build/offboard_control/offboard_control.egg-info to /home/jwrig/EGH400-2/install/offboard_control/lib/python3.10/site-packages/offboard_control-0.0.0-py3.10.egg-info
running install_scripts
Installing UAV_control script to /home/jwrig/EGH400-2/install/offboard_control/lib/offboard_control
writing list of installed files to '/home/jwrig/EGH400-2/build/offboard_control/install.log'
