[0.294s] Invoking command in '/home/jwrig/EGH400-2/build/px4_ros_com': CMAKE_PREFIX_PATH=/home/jwrig/EGH400-2/install/px4_msgs:/home/jwrig/EGH400-2/install/px4_ros_com:/home/jwrig/EGH400-2/install/offboard_control:/home/jwrig/EGH400-2/install/control_demo:/opt/ros/iron LD_LIBRARY_PATH=/home/jwrig/EGH400-2/install/px4_msgs/lib:/home/jwrig/EGH400-2/install/px4_ros_com/lib:/opt/ros/iron/opt/rviz_ogre_vendor/lib:/opt/ros/iron/lib/x86_64-linux-gnu:/opt/ros/iron/lib PYTHONPATH=/home/jwrig/EGH400-2/install/px4_msgs/lib/python3.10/site-packages:/home/jwrig/EGH400-2/install/offboard_control/lib/python3.10/site-packages:/home/jwrig/EGH400-2/install/control_demo/lib/python3.10/site-packages:/opt/ros/iron/lib/python3.10/site-packages /usr/bin/cmake --build /home/jwrig/EGH400-2/build/px4_ros_com -- -j8 -l8
[0.358s] [ 30%] Built target vehicle_gps_position_listener
[0.358s] [ 50%] Built target frame_transforms
[0.359s] [ 90%] Built target offboard_control
[0.359s] [ 90%] Built target debug_vect_advertiser
[0.359s] [100%] Built target sensor_combined_listener
[0.374s] Invoked command in '/home/jwrig/EGH400-2/build/px4_ros_com' returned '0': CMAKE_PREFIX_PATH=/home/jwrig/EGH400-2/install/px4_msgs:/home/jwrig/EGH400-2/install/px4_ros_com:/home/jwrig/EGH400-2/install/offboard_control:/home/jwrig/EGH400-2/install/control_demo:/opt/ros/iron LD_LIBRARY_PATH=/home/jwrig/EGH400-2/install/px4_msgs/lib:/home/jwrig/EGH400-2/install/px4_ros_com/lib:/opt/ros/iron/opt/rviz_ogre_vendor/lib:/opt/ros/iron/lib/x86_64-linux-gnu:/opt/ros/iron/lib PYTHONPATH=/home/jwrig/EGH400-2/install/px4_msgs/lib/python3.10/site-packages:/home/jwrig/EGH400-2/install/offboard_control/lib/python3.10/site-packages:/home/jwrig/EGH400-2/install/control_demo/lib/python3.10/site-packages:/opt/ros/iron/lib/python3.10/site-packages /usr/bin/cmake --build /home/jwrig/EGH400-2/build/px4_ros_com -- -j8 -l8
[0.419s] Invoking command in '/home/jwrig/EGH400-2/build/px4_ros_com': CMAKE_PREFIX_PATH=/home/jwrig/EGH400-2/install/px4_msgs:/home/jwrig/EGH400-2/install/px4_ros_com:/home/jwrig/EGH400-2/install/offboard_control:/home/jwrig/EGH400-2/install/control_demo:/opt/ros/iron LD_LIBRARY_PATH=/home/jwrig/EGH400-2/install/px4_msgs/lib:/home/jwrig/EGH400-2/install/px4_ros_com/lib:/opt/ros/iron/opt/rviz_ogre_vendor/lib:/opt/ros/iron/lib/x86_64-linux-gnu:/opt/ros/iron/lib PYTHONPATH=/home/jwrig/EGH400-2/install/px4_msgs/lib/python3.10/site-packages:/home/jwrig/EGH400-2/install/offboard_control/lib/python3.10/site-packages:/home/jwrig/EGH400-2/install/control_demo/lib/python3.10/site-packages:/opt/ros/iron/lib/python3.10/site-packages /usr/bin/cmake --install /home/jwrig/EGH400-2/build/px4_ros_com
[0.427s] -- Install configuration: ""
[0.427s] -- Up-to-date: /home/jwrig/EGH400-2/install/px4_ros_com/lib/px4_ros_com/sensor_combined_listener
[0.428s] -- Up-to-date: /home/jwrig/EGH400-2/install/px4_ros_com/lib/px4_ros_com/vehicle_gps_position_listener
[0.428s] -- Up-to-date: /home/jwrig/EGH400-2/install/px4_ros_com/lib/px4_ros_com/debug_vect_advertiser
[0.428s] -- Up-to-date: /home/jwrig/EGH400-2/install/px4_ros_com/lib/px4_ros_com/offboard_control
[0.429s] -- Up-to-date: /home/jwrig/EGH400-2/install/px4_ros_com/share/px4_ros_com/environment/library_path.sh
[0.429s] -- Up-to-date: /home/jwrig/EGH400-2/install/px4_ros_com/share/px4_ros_com/environment/library_path.dsv
[0.429s] -- Up-to-date: /home/jwrig/EGH400-2/install/px4_ros_com/include/px4_ros_com
[0.429s] -- Up-to-date: /home/jwrig/EGH400-2/install/px4_ros_com/include/px4_ros_com/frame_transforms.h
[0.429s] -- Up-to-date: /home/jwrig/EGH400-2/install/px4_ros_com/lib/libframe_transforms.so
[0.429s] -- Up-to-date: /home/jwrig/EGH400-2/install/px4_ros_com/share/px4_ros_com//launch
[0.429s] -- Up-to-date: /home/jwrig/EGH400-2/install/px4_ros_com/share/px4_ros_com//launch/offboard_control_launch.yaml
[0.429s] -- Up-to-date: /home/jwrig/EGH400-2/install/px4_ros_com/share/px4_ros_com//launch/sensor_combined_listener.launch.py
[0.429s] -- Up-to-date: /home/jwrig/EGH400-2/install/px4_ros_com/share/px4_ros_com//test
[0.429s] -- Up-to-date: /home/jwrig/EGH400-2/install/px4_ros_com/share/px4_ros_com//test/test_input.py
[0.430s] -- Up-to-date: /home/jwrig/EGH400-2/install/px4_ros_com/share/px4_ros_com//test/test_output.py
[0.430s] -- Up-to-date: /home/jwrig/EGH400-2/install/px4_ros_com/share/px4_ros_com//test/pipeline_io_test.py
[0.430s] -- Up-to-date: /home/jwrig/EGH400-2/install/px4_ros_com/share/px4_ros_com//test/__init__.py
[0.430s] -- Up-to-date: /home/jwrig/EGH400-2/install/px4_ros_com/share/ament_index/resource_index/package_run_dependencies/px4_ros_com
[0.430s] -- Up-to-date: /home/jwrig/EGH400-2/install/px4_ros_com/share/ament_index/resource_index/parent_prefix_path/px4_ros_com
[0.430s] -- Up-to-date: /home/jwrig/EGH400-2/install/px4_ros_com/share/px4_ros_com/environment/ament_prefix_path.sh
[0.430s] -- Up-to-date: /home/jwrig/EGH400-2/install/px4_ros_com/share/px4_ros_com/environment/ament_prefix_path.dsv
[0.430s] -- Up-to-date: /home/jwrig/EGH400-2/install/px4_ros_com/share/px4_ros_com/environment/path.sh
[0.430s] -- Up-to-date: /home/jwrig/EGH400-2/install/px4_ros_com/share/px4_ros_com/environment/path.dsv
[0.431s] -- Up-to-date: /home/jwrig/EGH400-2/install/px4_ros_com/share/px4_ros_com/local_setup.bash
[0.431s] -- Up-to-date: /home/jwrig/EGH400-2/install/px4_ros_com/share/px4_ros_com/local_setup.sh
[0.431s] -- Up-to-date: /home/jwrig/EGH400-2/install/px4_ros_com/share/px4_ros_com/local_setup.zsh
[0.431s] -- Up-to-date: /home/jwrig/EGH400-2/install/px4_ros_com/share/px4_ros_com/local_setup.dsv
[0.431s] -- Installing: /home/jwrig/EGH400-2/install/px4_ros_com/share/px4_ros_com/package.dsv
[0.431s] -- Up-to-date: /home/jwrig/EGH400-2/install/px4_ros_com/share/ament_index/resource_index/packages/px4_ros_com
[0.431s] -- Up-to-date: /home/jwrig/EGH400-2/install/px4_ros_com/share/px4_ros_com/cmake/export_frame_transformsExport.cmake
[0.431s] -- Up-to-date: /home/jwrig/EGH400-2/install/px4_ros_com/share/px4_ros_com/cmake/export_frame_transformsExport-noconfig.cmake
[0.431s] -- Up-to-date: /home/jwrig/EGH400-2/install/px4_ros_com/share/px4_ros_com/cmake/ament_cmake_export_dependencies-extras.cmake
[0.431s] -- Up-to-date: /home/jwrig/EGH400-2/install/px4_ros_com/share/px4_ros_com/cmake/ament_cmake_export_targets-extras.cmake
[0.431s] -- Up-to-date: /home/jwrig/EGH400-2/install/px4_ros_com/share/px4_ros_com/cmake/ament_cmake_export_include_directories-extras.cmake
[0.431s] -- Up-to-date: /home/jwrig/EGH400-2/install/px4_ros_com/share/px4_ros_com/cmake/ament_cmake_export_libraries-extras.cmake
[0.431s] -- Up-to-date: /home/jwrig/EGH400-2/install/px4_ros_com/share/px4_ros_com/cmake/px4_ros_comConfig.cmake
[0.431s] -- Up-to-date: /home/jwrig/EGH400-2/install/px4_ros_com/share/px4_ros_com/cmake/px4_ros_comConfig-version.cmake
[0.431s] -- Up-to-date: /home/jwrig/EGH400-2/install/px4_ros_com/share/px4_ros_com/package.xml
[0.433s] Invoked command in '/home/jwrig/EGH400-2/build/px4_ros_com' returned '0': CMAKE_PREFIX_PATH=/home/jwrig/EGH400-2/install/px4_msgs:/home/jwrig/EGH400-2/install/px4_ros_com:/home/jwrig/EGH400-2/install/offboard_control:/home/jwrig/EGH400-2/install/control_demo:/opt/ros/iron LD_LIBRARY_PATH=/home/jwrig/EGH400-2/install/px4_msgs/lib:/home/jwrig/EGH400-2/install/px4_ros_com/lib:/opt/ros/iron/opt/rviz_ogre_vendor/lib:/opt/ros/iron/lib/x86_64-linux-gnu:/opt/ros/iron/lib PYTHONPATH=/home/jwrig/EGH400-2/install/px4_msgs/lib/python3.10/site-packages:/home/jwrig/EGH400-2/install/offboard_control/lib/python3.10/site-packages:/home/jwrig/EGH400-2/install/control_demo/lib/python3.10/site-packages:/opt/ros/iron/lib/python3.10/site-packages /usr/bin/cmake --install /home/jwrig/EGH400-2/build/px4_ros_com
