[0.049s] Invoking command in '/home/jwrig/EGH400-2/build/px4_ros_com': AMENT_PREFIX_PATH=/home/jwrig/EGH400-2/install/px4_msgs:${AMENT_PREFIX_PATH} CMAKE_PREFIX_PATH=/home/jwrig/EGH400-2/install/px4_msgs:/opt/ros/iron LD_LIBRARY_PATH=/home/jwrig/EGH400-2/install/px4_msgs/lib:${LD_LIBRARY_PATH} PYTHONPATH=/home/jwrig/EGH400-2/install/px4_msgs/lib/python3.10/site-packages:${PYTHONPATH} /usr/bin/cmake /home/jwrig/EGH400-2/src/px4_ros_com -DCMAKE_INSTALL_PREFIX=/home/jwrig/EGH400-2/install/px4_ros_com
[0.103s] -- The C compiler identification is GNU 11.4.0
[0.157s] -- The CXX compiler identification is GNU 11.4.0
[0.164s] -- Detecting C compiler ABI info
[0.236s] -- Detecting C compiler ABI info - done
[0.243s] -- Check for working C compiler: /usr/bin/cc - skipped
[0.243s] -- Detecting C compile features
[0.244s] -- Detecting C compile features - done
[0.246s] -- Detecting CXX compiler ABI info
[0.328s] -- Detecting CXX compiler ABI info - done
[0.334s] -- Check for working CXX compiler: /usr/bin/c++ - skipped
[0.334s] -- Detecting CXX compile features
[0.335s] -- Detecting CXX compile features - done
[0.337s] -- Found ament_cmake: 2.0.3 (/opt/ros/iron/share/ament_cmake/cmake)
[0.636s] -- Found Python3: /usr/bin/python3.10 (found version "3.10.12") found components: Interpreter 
[0.715s] -- Found builtin_interfaces: 1.6.0 (/opt/ros/iron/share/builtin_interfaces/cmake)
[0.748s] -- Found rosidl_generator_c: 4.0.1 (/opt/ros/iron/share/rosidl_generator_c/cmake)
[0.760s] -- Found rosidl_generator_cpp: 4.0.1 (/opt/ros/iron/share/rosidl_generator_cpp/cmake)
[0.776s] -- Using all available rosidl_typesupport_c: rosidl_typesupport_fastrtps_c;rosidl_typesupport_introspection_c
[0.795s] -- Using all available rosidl_typesupport_cpp: rosidl_typesupport_fastrtps_cpp;rosidl_typesupport_introspection_cpp
[0.812s] -- Found eigen3_cmake_module: 0.2.2 (/opt/ros/iron/share/eigen3_cmake_module/cmake)
[0.903s] -- Found Eigen3: TRUE (found version "3.4.0") 
[0.949s] -- Found geometry_msgs: 5.0.0 (/opt/ros/iron/share/geometry_msgs/cmake)
[1.343s] -- Found px4_msgs: 2.0.1 (/home/jwrig/EGH400-2/install/px4_msgs/share/px4_msgs/cmake)
[1.378s] -- Found rclcpp: 21.0.3 (/opt/ros/iron/share/rclcpp/cmake)
[1.612s] -- Found rmw_implementation_cmake: 7.1.0 (/opt/ros/iron/share/rmw_implementation_cmake/cmake)
[1.616s] -- Found rmw_fastrtps_cpp: 7.1.1 (/opt/ros/iron/share/rmw_fastrtps_cpp/cmake)
[1.789s] -- Found OpenSSL: /usr/lib/x86_64-linux-gnu/libcrypto.so (found version "3.0.2")  
[1.823s] -- Found FastRTPS: /opt/ros/iron/include  
[1.873s] -- Using RMW implementation 'rmw_fastrtps_cpp' as default
[2.084s] -- Found sensor_msgs: 5.0.0 (/opt/ros/iron/share/sensor_msgs/cmake)
[2.192s] -- Found ament_lint_auto: 0.14.2 (/opt/ros/iron/share/ament_lint_auto/cmake)
[2.271s] -- Added test 'copyright' to check source files copyright and LICENSE
[2.277s] -- Added test 'cppcheck' to perform static code analysis on C / C++ code
[2.277s] -- Configured cppcheck include dirs: /home/jwrig/EGH400-2/src/px4_ros_com/include;$<BUILD_INTERFACE:/home/jwrig/EGH400-2/src/px4_ros_com/include/px4_ros_com>
[2.278s] -- Configured cppcheck exclude dirs and/or files: 
[2.283s] -- Added test 'cpplint' to check C / C++ code against the Google style
[2.283s] -- Configured cpplint exclude dirs and/or files: 
[2.289s] -- Added test 'flake8' to check Python code syntax and style conventions
[2.289s] -- Configured 'flake8' exclude dirs and/or files: 
[2.291s] -- Added test 'lint_cmake' to check CMake code style
[2.292s] -- Added test 'pep257' to check Python code against some of the docstring style conventions in PEP 257
[2.298s] -- Added test 'uncrustify' to check C / C++ code style
[2.298s] -- Configured uncrustify additional arguments: 
[2.300s] -- Added test 'xmllint' to check XML markup files
[2.302s] -- Configuring done
[2.327s] -- Generating done
[2.330s] -- Build files have been written to: /home/jwrig/EGH400-2/build/px4_ros_com
[2.339s] Invoked command in '/home/jwrig/EGH400-2/build/px4_ros_com' returned '0': AMENT_PREFIX_PATH=/home/jwrig/EGH400-2/install/px4_msgs:${AMENT_PREFIX_PATH} CMAKE_PREFIX_PATH=/home/jwrig/EGH400-2/install/px4_msgs:/opt/ros/iron LD_LIBRARY_PATH=/home/jwrig/EGH400-2/install/px4_msgs/lib:${LD_LIBRARY_PATH} PYTHONPATH=/home/jwrig/EGH400-2/install/px4_msgs/lib/python3.10/site-packages:${PYTHONPATH} /usr/bin/cmake /home/jwrig/EGH400-2/src/px4_ros_com -DCMAKE_INSTALL_PREFIX=/home/jwrig/EGH400-2/install/px4_ros_com
[2.341s] Invoking command in '/home/jwrig/EGH400-2/build/px4_ros_com': AMENT_PREFIX_PATH=/home/jwrig/EGH400-2/install/px4_msgs:${AMENT_PREFIX_PATH} CMAKE_PREFIX_PATH=/home/jwrig/EGH400-2/install/px4_msgs:/opt/ros/iron LD_LIBRARY_PATH=/home/jwrig/EGH400-2/install/px4_msgs/lib:${LD_LIBRARY_PATH} PYTHONPATH=/home/jwrig/EGH400-2/install/px4_msgs/lib/python3.10/site-packages:${PYTHONPATH} /usr/bin/cmake --build /home/jwrig/EGH400-2/build/px4_ros_com -- -j8 -l8
[2.394s] [ 20%] [32mBuilding CXX object CMakeFiles/frame_transforms.dir/src/lib/frame_transforms.cpp.o[0m
[2.394s] [ 20%] [32mBuilding CXX object CMakeFiles/sensor_combined_listener.dir/src/examples/listeners/sensor_combined_listener.cpp.o[0m
[2.395s] [ 30%] [32mBuilding CXX object CMakeFiles/debug_vect_advertiser.dir/src/examples/advertisers/debug_vect_advertiser.cpp.o[0m
[2.396s] [ 40%] [32mBuilding CXX object CMakeFiles/offboard_control.dir/src/examples/offboard/offboard_control.cpp.o[0m
[2.397s] [ 50%] [32mBuilding CXX object CMakeFiles/vehicle_gps_position_listener.dir/src/examples/listeners/vehicle_gps_position_listener.cpp.o[0m
[7.747s] [ 60%] [32m[1mLinking CXX executable debug_vect_advertiser[0m
[7.875s] [ 70%] [32m[1mLinking CXX executable offboard_control[0m
[8.555s] [ 70%] Built target debug_vect_advertiser
[8.568s] [ 70%] Built target offboard_control
[9.659s] [ 80%] [32m[1mLinking CXX shared library libframe_transforms.so[0m
[9.852s] [ 90%] [32m[1mLinking CXX executable sensor_combined_listener[0m
[9.905s] [100%] [32m[1mLinking CXX executable vehicle_gps_position_listener[0m
[10.090s] [100%] Built target frame_transforms
[10.187s] [100%] Built target sensor_combined_listener
[10.244s] [100%] Built target vehicle_gps_position_listener
[10.257s] Invoked command in '/home/jwrig/EGH400-2/build/px4_ros_com' returned '0': AMENT_PREFIX_PATH=/home/jwrig/EGH400-2/install/px4_msgs:${AMENT_PREFIX_PATH} CMAKE_PREFIX_PATH=/home/jwrig/EGH400-2/install/px4_msgs:/opt/ros/iron LD_LIBRARY_PATH=/home/jwrig/EGH400-2/install/px4_msgs/lib:${LD_LIBRARY_PATH} PYTHONPATH=/home/jwrig/EGH400-2/install/px4_msgs/lib/python3.10/site-packages:${PYTHONPATH} /usr/bin/cmake --build /home/jwrig/EGH400-2/build/px4_ros_com -- -j8 -l8
[10.316s] Invoking command in '/home/jwrig/EGH400-2/build/px4_ros_com': AMENT_PREFIX_PATH=/home/jwrig/EGH400-2/install/px4_msgs:${AMENT_PREFIX_PATH} CMAKE_PREFIX_PATH=/home/jwrig/EGH400-2/install/px4_msgs:/opt/ros/iron LD_LIBRARY_PATH=/home/jwrig/EGH400-2/install/px4_msgs/lib:${LD_LIBRARY_PATH} PYTHONPATH=/home/jwrig/EGH400-2/install/px4_msgs/lib/python3.10/site-packages:${PYTHONPATH} /usr/bin/cmake --install /home/jwrig/EGH400-2/build/px4_ros_com
[10.324s] -- Install configuration: ""
[10.324s] -- Installing: /home/jwrig/EGH400-2/install/px4_ros_com/lib/px4_ros_com/sensor_combined_listener
[10.330s] -- Set runtime path of "/home/jwrig/EGH400-2/install/px4_ros_com/lib/px4_ros_com/sensor_combined_listener" to ""
[10.330s] -- Installing: /home/jwrig/EGH400-2/install/px4_ros_com/lib/px4_ros_com/vehicle_gps_position_listener
[10.337s] -- Set runtime path of "/home/jwrig/EGH400-2/install/px4_ros_com/lib/px4_ros_com/vehicle_gps_position_listener" to ""
[10.337s] -- Installing: /home/jwrig/EGH400-2/install/px4_ros_com/lib/px4_ros_com/debug_vect_advertiser
[10.338s] -- Set runtime path of "/home/jwrig/EGH400-2/install/px4_ros_com/lib/px4_ros_com/debug_vect_advertiser" to ""
[10.338s] -- Installing: /home/jwrig/EGH400-2/install/px4_ros_com/lib/px4_ros_com/offboard_control
[10.341s] -- Set runtime path of "/home/jwrig/EGH400-2/install/px4_ros_com/lib/px4_ros_com/offboard_control" to ""
[10.341s] -- Installing: /home/jwrig/EGH400-2/install/px4_ros_com/share/px4_ros_com/environment/library_path.sh
[10.341s] -- Installing: /home/jwrig/EGH400-2/install/px4_ros_com/share/px4_ros_com/environment/library_path.dsv
[10.341s] -- Installing: /home/jwrig/EGH400-2/install/px4_ros_com/include/px4_ros_com
[10.341s] -- Installing: /home/jwrig/EGH400-2/install/px4_ros_com/include/px4_ros_com/frame_transforms.h
[10.352s] -- Installing: /home/jwrig/EGH400-2/install/px4_ros_com/lib/libframe_transforms.so
[10.358s] -- Set runtime path of "/home/jwrig/EGH400-2/install/px4_ros_com/lib/libframe_transforms.so" to ""
[10.358s] -- Installing: /home/jwrig/EGH400-2/install/px4_ros_com/share/px4_ros_com//launch
[10.358s] -- Installing: /home/jwrig/EGH400-2/install/px4_ros_com/share/px4_ros_com//launch/offboard_control_launch.yaml
[10.360s] -- Installing: /home/jwrig/EGH400-2/install/px4_ros_com/share/px4_ros_com//launch/sensor_combined_listener.launch.py
[10.369s] -- Installing: /home/jwrig/EGH400-2/install/px4_ros_com/share/px4_ros_com//test
[10.369s] -- Installing: /home/jwrig/EGH400-2/install/px4_ros_com/share/px4_ros_com//test/test_input.py
[10.377s] -- Installing: /home/jwrig/EGH400-2/install/px4_ros_com/share/px4_ros_com//test/test_output.py
[10.386s] -- Installing: /home/jwrig/EGH400-2/install/px4_ros_com/share/px4_ros_com//test/pipeline_io_test.py
[10.386s] -- Installing: /home/jwrig/EGH400-2/install/px4_ros_com/share/px4_ros_com//test/__init__.py
[10.387s] -- Installing: /home/jwrig/EGH400-2/install/px4_ros_com/share/ament_index/resource_index/package_run_dependencies/px4_ros_com
[10.387s] -- Installing: /home/jwrig/EGH400-2/install/px4_ros_com/share/ament_index/resource_index/parent_prefix_path/px4_ros_com
[10.387s] -- Installing: /home/jwrig/EGH400-2/install/px4_ros_com/share/px4_ros_com/environment/ament_prefix_path.sh
[10.387s] -- Installing: /home/jwrig/EGH400-2/install/px4_ros_com/share/px4_ros_com/environment/ament_prefix_path.dsv
[10.387s] -- Installing: /home/jwrig/EGH400-2/install/px4_ros_com/share/px4_ros_com/environment/path.sh
[10.388s] -- Installing: /home/jwrig/EGH400-2/install/px4_ros_com/share/px4_ros_com/environment/path.dsv
[10.388s] -- Installing: /home/jwrig/EGH400-2/install/px4_ros_com/share/px4_ros_com/local_setup.bash
[10.388s] -- Installing: /home/jwrig/EGH400-2/install/px4_ros_com/share/px4_ros_com/local_setup.sh
[10.388s] -- Installing: /home/jwrig/EGH400-2/install/px4_ros_com/share/px4_ros_com/local_setup.zsh
[10.388s] -- Installing: /home/jwrig/EGH400-2/install/px4_ros_com/share/px4_ros_com/local_setup.dsv
[10.388s] -- Installing: /home/jwrig/EGH400-2/install/px4_ros_com/share/px4_ros_com/package.dsv
[10.388s] -- Installing: /home/jwrig/EGH400-2/install/px4_ros_com/share/ament_index/resource_index/packages/px4_ros_com
[10.389s] -- Installing: /home/jwrig/EGH400-2/install/px4_ros_com/share/px4_ros_com/cmake/export_frame_transformsExport.cmake
[10.389s] -- Installing: /home/jwrig/EGH400-2/install/px4_ros_com/share/px4_ros_com/cmake/export_frame_transformsExport-noconfig.cmake
[10.389s] -- Installing: /home/jwrig/EGH400-2/install/px4_ros_com/share/px4_ros_com/cmake/ament_cmake_export_dependencies-extras.cmake
[10.389s] -- Installing: /home/jwrig/EGH400-2/install/px4_ros_com/share/px4_ros_com/cmake/ament_cmake_export_targets-extras.cmake
[10.390s] -- Installing: /home/jwrig/EGH400-2/install/px4_ros_com/share/px4_ros_com/cmake/ament_cmake_export_include_directories-extras.cmake
[10.390s] -- Installing: /home/jwrig/EGH400-2/install/px4_ros_com/share/px4_ros_com/cmake/ament_cmake_export_libraries-extras.cmake
[10.390s] -- Installing: /home/jwrig/EGH400-2/install/px4_ros_com/share/px4_ros_com/cmake/px4_ros_comConfig.cmake
[10.390s] -- Installing: /home/jwrig/EGH400-2/install/px4_ros_com/share/px4_ros_com/cmake/px4_ros_comConfig-version.cmake
[10.390s] -- Installing: /home/jwrig/EGH400-2/install/px4_ros_com/share/px4_ros_com/package.xml
[10.393s] Invoked command in '/home/jwrig/EGH400-2/build/px4_ros_com' returned '0': AMENT_PREFIX_PATH=/home/jwrig/EGH400-2/install/px4_msgs:${AMENT_PREFIX_PATH} CMAKE_PREFIX_PATH=/home/jwrig/EGH400-2/install/px4_msgs:/opt/ros/iron LD_LIBRARY_PATH=/home/jwrig/EGH400-2/install/px4_msgs/lib:${LD_LIBRARY_PATH} PYTHONPATH=/home/jwrig/EGH400-2/install/px4_msgs/lib/python3.10/site-packages:${PYTHONPATH} /usr/bin/cmake --install /home/jwrig/EGH400-2/build/px4_ros_com
